[2021-03-09 09:07:26,061][test_OpenAccount.py 61][INFO]: ***********************  开始执行用例 *********************** 
[2021-03-09 09:07:26,079][bnhi_Reqx.py 24][INFO]: 重置节点列表：['$.pubInfo.reqTime=20210309090726']
[2021-03-09 09:07:26,934][test_OpenAccount.py 76][INFO]: 请求消息体: {"reqParam": {"pubInfo":{"systemCode":"ASPTEST2","msgVer":"1.0","reqTime":"20210309090726"},"openAcctInfo":{"userInfo":{"bindMobile":"13794482016","userId":"100888","email":"qiuhaiyang@139.com"},"normalAcctPayType":1,"contractInfo":{"contractId":"9000000000000107779"},"contractAcctPayType":1,"acctType":"10","validTime":"","customInfo":{"identityNumber":"110020219","customName":"OCE"},"invalidTime":"","busiTypeList":"16","creditWoffResume":1,"acctName":""}},"sign": "MCwCFFkEcXY9tdLeBGX/Z25rvKEJQd+bAhRFGJKCNrDY/PbiUubOyhY7GzT+Ag=="}
[2021-03-09 09:07:27,841][Response_assert.py 16][INFO]: $.message的实际结果:【成功】---->>预期结果:【成功】
[2021-03-09 09:07:27,868][Response_assert.py 16][INFO]: $.status的实际结果:【200】---->>预期结果:【200】
[2021-03-09 09:07:27,899][Response_assert.py 16][INFO]: $.data.rspParam.pubInfo.returnCode的实际结果:【710088】---->>预期结果:【710088】
[2021-03-09 09:07:27,923][Response_assert.py 16][INFO]: $.data.rspParam.pubInfo.returnMsg的实际结果:【账户及账本科目已开通，不能重复开通相同账本科目，建议更换合同编码。】---->>预期结果:【账户及账本科目已开通，不能重复开通相同账本科目，建议更换合同编码。】
[2021-03-09 11:19:15,125][test_OpenAccount.py 61][INFO]: ***********************  开始执行用例 *********************** 
[2021-03-09 11:19:15,135][bnhi_Reqx.py 24][INFO]: 重置节点列表：['$.pubInfo.reqTime=20210309111915']
[2021-03-09 11:19:16,151][test_OpenAccount.py 76][INFO]: 请求消息体: {"reqParam": {"pubInfo":{"systemCode":"ASPTEST2","msgVer":"1.0","reqTime":"20210309111915"},"openAcctInfo":{"userInfo":{"bindMobile":"13794482016","userId":"100888","email":"qiuhaiyang@139.com"},"normalAcctPayType":1,"contractInfo":{"contractId":"9000000000000107779"},"contractAcctPayType":1,"acctType":"10","validTime":"","customInfo":{"identityNumber":"110020219","customName":"OCE"},"invalidTime":"","busiTypeList":"16","creditWoffResume":1,"acctName":""}},"sign": "MCwCFDdLmvorETjmd8dVl8Ab+AqufSnmAhRDLoqSRYj7cy+9bGDWp2krT05JOQ=="}
[2021-03-09 11:19:17,059][Response_assert.py 16][INFO]: $.message的实际结果:【成功】---->>预期结果:【成功】
[2021-03-09 11:19:17,090][Response_assert.py 16][INFO]: $.status的实际结果:【200】---->>预期结果:【200】
[2021-03-09 11:24:02,298][test_OpenAccount.py 61][INFO]: ***********************  开始执行用例 *********************** 
[2021-03-09 11:24:02,299][bnhi_Reqx.py 24][INFO]: 重置节点列表：['$.pubInfo.reqTime=20210309112402']
[2021-03-09 11:24:03,605][test_OpenAccount.py 76][INFO]: 请求消息体: {"reqParam": {"pubInfo":{"systemCode":"ASPTEST2","msgVer":"1.0","reqTime":"20210309112402"},"openAcctInfo":{"userInfo":{"bindMobile":"13794482016","userId":"100888","email":"qiuhaiyang@139.com"},"normalAcctPayType":1,"contractInfo":{"contractId":"9000000000000107779"},"contractAcctPayType":1,"acctType":"10","validTime":"","customInfo":{"identityNumber":"110020219","customName":"OCE"},"invalidTime":"","busiTypeList":"16","creditWoffResume":1,"acctName":""}},"sign": "MCwCFE/I2eU18zlgkqKR1B88gCdlYaRaAhRF4sS7LXE/3UnQsUa+Zd2rS10UyA=="}
[2021-03-09 11:24:04,114][Response_assert.py 16][INFO]: $.message的实际结果:【成功】---->>预期结果:【成功】
[2021-03-09 11:24:04,151][Response_assert.py 16][INFO]: $.status的实际结果:【200】---->>预期结果:【200】
[2021-03-09 11:26:01,671][test_OpenAccount.py 61][INFO]: ***********************  开始执行用例 *********************** 
[2021-03-09 11:26:01,691][bnhi_Reqx.py 24][INFO]: 重置节点列表：['$.pubInfo.reqTime=20210309112601']
[2021-03-09 11:26:02,698][test_OpenAccount.py 76][INFO]: 请求消息体: {"reqParam": {"pubInfo":{"systemCode":"ASPTEST2","msgVer":"1.0","reqTime":"20210309112601"},"openAcctInfo":{"userInfo":{"bindMobile":"13794482016","userId":"100888","email":"qiuhaiyang@139.com"},"normalAcctPayType":1,"contractInfo":{"contractId":"9000000000000107779"},"contractAcctPayType":1,"acctType":"10","validTime":"","customInfo":{"identityNumber":"110020219","customName":"OCE"},"invalidTime":"","busiTypeList":"16","creditWoffResume":1,"acctName":""}},"sign": "MCwCFAc+1AKAY9EgyUjbwd6GHEvWwMy2AhRkW0uKzNKoCxf5Xw6X9Uh7torjGA=="}
[2021-03-09 11:26:03,190][Response_assert.py 16][INFO]: $.message的实际结果:【成功】---->>预期结果:【成功】
[2021-03-09 11:26:03,229][Response_assert.py 16][INFO]: $.status的实际结果:【200】---->>预期结果:【200】
[2021-03-09 14:49:33,272][test_OpenAccount.py 62][INFO]: ***********************  开始执行用例 *********************** 
[2021-03-09 14:49:33,273][bnhi_Reqx.py 24][INFO]: 重置节点列表：['$.pubInfo.reqTime=20210309144933']
[2021-03-09 14:49:34,278][test_OpenAccount.py 77][INFO]: 请求消息体: {"reqParam": {"pubInfo":{"systemCode":"ASPTEST2","msgVer":"1.0","reqTime":"20210309144933"},"openAcctInfo":{"userInfo":{"bindMobile":"13794482016","userId":"100888","email":"qiuhaiyang@139.com"},"normalAcctPayType":1,"contractInfo":{"contractId":"9000000000000107779"},"contractAcctPayType":1,"acctType":"10","validTime":"","customInfo":{"identityNumber":"110020219","customName":"OCE"},"invalidTime":"","busiTypeList":"16","creditWoffResume":1,"acctName":""}},"sign": "MC0CFQCE9w+W0sAxhWXCDhbgJqwoqm0XcgIUDWEfdup9hQfB3m/BcTEPwXdnq6U="}
[2021-03-09 14:49:34,682][Response_assert.py 16][INFO]: $.message的实际结果:【成功】---->>预期结果:【成功】
[2021-03-09 14:49:34,718][Response_assert.py 16][INFO]: $.status的实际结果:【200】---->>预期结果:【200】
[2021-03-09 15:23:38,680][logger.py 33][INFO]: ---测试开始---
[2021-03-09 15:23:38,681][logger.py 34][DEBUG]: ---测试结束---
[2021-03-09 15:24:05,242][logger.py 33][INFO]: ---测试开始---
[2021-03-09 15:24:05,243][logger.py 34][DEBUG]: ---测试结束---
[2021-03-09 15:24:05,243][logger.py 35][ERROR]: ---测试---
[2021-03-09 16:50:04,398][test_OpenAccount.py 62][INFO]: ***********************  开始执行用例 *********************** 
[2021-03-09 16:50:04,399][bnhi_Reqx.py 24][INFO]: 重置节点列表：['$.pubInfo.reqTime=20210309165004']
[2021-03-09 16:50:05,570][test_OpenAccount.py 77][INFO]: 请求消息体: {"reqParam": {"pubInfo":{"systemCode":"ASPTEST2","msgVer":"1.0","reqTime":"20210309165004"},"openAcctInfo":{"userInfo":{"bindMobile":"15818640852","userId":"900000","email":"qiuhaiyang@139.com"},"normalAcctPayType":1,"contractInfo":{"contractId":"9000000000000200001"},"contractAcctPayType":1,"acctType":"10","validTime":"","customInfo":{"identityNumber":"110020219","customName":"OCE"},"invalidTime":"","busiTypeList":"16","creditWoffResume":1,"acctName":"\u9648\u56fd\u68ee"}},"sign": "MC0CFQCEMcNl8DP5NwAgvDtRTrAsXUFJqAIUdxK4m0/IeANhC7njoVYMfyThOzo="}
[2021-03-09 17:08:10,219][test_OpenAccount.py 61][INFO]: ***********************  开始执行用例 *********************** 
[2021-03-09 17:08:10,233][bnhi_Reqx.py 24][INFO]: 重置节点列表：['$.pubInfo.reqTime=20210309170810']
[2021-03-09 17:08:11,359][test_OpenAccount.py 76][INFO]: 请求消息体: {"reqParam": {"pubInfo":{"systemCode":"ASPTEST2","msgVer":"1.0","reqTime":"20210309170810"},"openAcctInfo":{"userInfo":{"bindMobile":"15818640852","userId":"900000","email":"qiuhaiyang@139.com"},"normalAcctPayType":1,"contractInfo":{"contractId":"9000000000000200001"},"contractAcctPayType":1,"acctType":"10","validTime":"","customInfo":{"identityNumber":"110020219","customName":"OCE"},"invalidTime":"","busiTypeList":"16","creditWoffResume":1,"acctName":"\u9648\u56fd\u68ee"}},"sign": "MCwCFHictmMFSvpg3fsvHYlyCLKz+MYDAhQ/A1fRNgw/3UjV9UCCSz2sbo4szw=="}
[2021-03-09 17:14:27,432][test_OpenAccount.py 61][INFO]: ***********************  开始执行用例 *********************** 
[2021-03-09 17:14:27,447][bnhi_Reqx.py 24][INFO]: 重置节点列表：['$.pubInfo.reqTime=20210309171427']
[2021-03-09 17:14:28,516][test_OpenAccount.py 77][INFO]: 请求消息体: {"reqParam": b'{"pubInfo":{"systemCode":"ASPTEST2","msgVer":"1.0","reqTime":"20210309171427"},"openAcctInfo":{"userInfo":{"bindMobile":"15818640852","userId":"900000","email":"qiuhaiyang@139.com"},"normalAcctPayType":1,"contractInfo":{"contractId":"9000000000000200001"},"contractAcctPayType":1,"acctType":"10","validTime":"","customInfo":{"identityNumber":"110020219","customName":"OCE"},"invalidTime":"","busiTypeList":"16","creditWoffResume":1,"acctName":"\\u9648\\u56fd\\u68ee"}}',"sign": "MC0CFAgOzf88tXXZFdkAAjZRS2TO6mm3AhUAgEIV7j3+boF8j6J9BTwf/m1brvo="}
[2021-03-09 17:15:45,377][test_OpenAccount.py 61][INFO]: ***********************  开始执行用例 *********************** 
[2021-03-09 17:15:45,388][bnhi_Reqx.py 24][INFO]: 重置节点列表：['$.pubInfo.reqTime=20210309171545']
[2021-03-09 17:15:46,455][test_OpenAccount.py 77][INFO]: 请求消息体: {"reqParam": b'{"pubInfo":{"systemCode":"ASPTEST2","msgVer":"1.0","reqTime":"20210309171545"},"openAcctInfo":{"userInfo":{"bindMobile":"15818640852","userId":"900000","email":"qiuhaiyang@139.com"},"normalAcctPayType":1,"contractInfo":{"contractId":"9000000000000200001"},"contractAcctPayType":1,"acctType":"10","validTime":"","customInfo":{"identityNumber":"110020219","customName":"OCE"},"invalidTime":"","busiTypeList":"16","creditWoffResume":1,"acctName":"chenguosen"}}',"sign": "MC0CFAfhtNwRkRog/wmlW5C3sJZFgtyIAhUAlKrCnFxdQIaeAD5t4hsVQg+v1ZI="}
[2021-03-09 17:29:00,026][test_OpenAccount.py 61][INFO]: ***********************  开始执行用例 *********************** 
[2021-03-09 17:29:00,028][bnhi_Reqx.py 24][INFO]: 重置节点列表：['$.pubInfo.reqTime=20210309172900']
[2021-03-09 17:29:01,789][test_OpenAccount.py 78][INFO]: 请求消息体: {"reqParam": b'{"pubInfo":{"systemCode":"ASPTEST2","msgVer":"1.0","reqTime":"20210309172900"},"openAcctInfo":{"userInfo":{"bindMobile":"15818640852","userId":"900000","email":"qiuhaiyang@139.com"},"normalAcctPayType":1,"contractInfo":{"contractId":"9000000000000200001"},"contractAcctPayType":1,"acctType":"10","validTime":"","customInfo":{"identityNumber":"110020219","customName":"OCE"},"invalidTime":"","busiTypeList":"16","creditWoffResume":1,"acctName":"\\u9648\\u56fd\\u68ee"}}',"sign": "MCwCFCE0zm5Il45IOQGxf9PHulrSfvypAhQtrU+E73RSb+5FfpopKXoMihLVIw=="}
[2021-03-09 17:36:15,242][test_OpenAccount.py 61][INFO]: ***********************  开始执行用例 *********************** 
[2021-03-09 17:36:15,256][bnhi_Reqx.py 24][INFO]: 重置节点列表：['$.pubInfo.reqTime=20210309173615']
[2021-03-09 17:38:11,544][test_OpenAccount.py 61][INFO]: ***********************  开始执行用例 *********************** 
[2021-03-09 17:38:11,561][bnhi_Reqx.py 24][INFO]: 重置节点列表：['$.pubInfo.reqTime=20210309173811']
[2021-03-09 17:40:11,131][test_OpenAccount.py 61][INFO]: ***********************  开始执行用例 *********************** 
[2021-03-09 17:40:11,133][bnhi_Reqx.py 24][INFO]: 重置节点列表：['$.pubInfo.reqTime=20210309174011']
[2021-03-09 17:40:12,539][test_OpenAccount.py 80][INFO]: 请求消息体: {"reqParam": b'{"pubInfo":{"systemCode":"ASPTEST2","msgVer":"1.0","reqTime":"20210309174011"},"openAcctInfo":{"userInfo":{"bindMobile":"15818640852","userId":"900000","email":"qiuhaiyang@139.com"},"normalAcctPayType":1,"contractInfo":{"contractId":"9000000000000200001"},"contractAcctPayType":1,"acctType":"10","validTime":"","customInfo":{"identityNumber":"110020219","customName":"OCE"},"invalidTime":"","busiTypeList":"16","creditWoffResume":1,"acctName":"\\u9648\\u56fd\\u68ee"}}',"sign": "MCwCFH7mnAaLdjm2vkc9FBsvCqSpWVbDAhQAtckP7FcBSIMuJmP7Hxq6w3F7kw=="}
[2021-03-09 17:41:05,437][test_OpenAccount.py 61][INFO]: ***********************  开始执行用例 *********************** 
[2021-03-09 17:41:05,439][bnhi_Reqx.py 24][INFO]: 重置节点列表：['$.pubInfo.reqTime=20210309174105']
[2021-03-09 17:41:07,038][test_OpenAccount.py 82][INFO]: 请求消息体: {"reqParam": b'{"pubInfo":{"systemCode":"ASPTEST2","msgVer":"1.0","reqTime":"20210309174105"},"openAcctInfo":{"userInfo":{"bindMobile":"15818640852","userId":"900000","email":"qiuhaiyang@139.com"},"normalAcctPayType":1,"contractInfo":{"contractId":"9000000000000200001"},"contractAcctPayType":1,"acctType":"10","validTime":"","customInfo":{"identityNumber":"110020219","customName":"OCE"},"invalidTime":"","busiTypeList":"16","creditWoffResume":1,"acctName":"\\u9648\\u56fd\\u68ee"}}',"sign": "MCwCFB9yd0Izavv2tCXwdMaCCUXXyaITAhQEayQYeBZIjjV4CC/KvPJ6A+9S6w=="}
[2021-03-09 17:43:29,023][test_OpenAccount.py 61][INFO]: ***********************  开始执行用例 *********************** 
[2021-03-09 17:43:29,036][bnhi_Reqx.py 24][INFO]: 重置节点列表：['$.pubInfo.reqTime=20210309174329']
[2021-03-09 17:43:30,638][test_OpenAccount.py 82][INFO]: 请求消息体: {"reqParam": b'{"pubInfo":{"systemCode":"ASPTEST2","msgVer":"1.0","reqTime":"20210309174329"},"openAcctInfo":{"userInfo":{"bindMobile":"15818640852","userId":"900000","email":"qiuhaiyang@139.com"},"normalAcctPayType":1,"contractInfo":{"contractId":"9000000000000200001"},"contractAcctPayType":1,"acctType":"10","validTime":"","customInfo":{"identityNumber":"110020219","customName":"OCE"},"invalidTime":"","busiTypeList":"16","creditWoffResume":1,"acctName":"\xe9\x99\x88\xe5\x9b\xbd\xe6\xa3\xae"}}',"sign": "MC0CFQCI5I2Lug4vXL3bYBTchqCpu8rwlwIUAovYNpWr2UHC+ccq2zvFP0El/QU="}
[2021-03-09 17:45:07,978][test_OpenAccount.py 61][INFO]: ***********************  开始执行用例 *********************** 
[2021-03-09 17:45:07,992][bnhi_Reqx.py 24][INFO]: 重置节点列表：['$.pubInfo.reqTime=20210309174507']
[2021-03-09 17:45:09,214][test_OpenAccount.py 77][INFO]: 请求消息体: {"reqParam": {"pubInfo":{"systemCode":"ASPTEST2","msgVer":"1.0","reqTime":"20210309174507"},"openAcctInfo":{"userInfo":{"bindMobile":"15818640852","userId":"900000","email":"qiuhaiyang@139.com"},"normalAcctPayType":1,"contractInfo":{"contractId":"9000000000000200001"},"contractAcctPayType":1,"acctType":"10","validTime":"","customInfo":{"identityNumber":"110020219","customName":"OCE"},"invalidTime":"","busiTypeList":"16","creditWoffResume":1,"acctName":"陈国森"}},"sign": "MCwCFEMWo3p48lso2sLJG7T7psCHrVQsAhRhpp0TaqqvVW1Bb+KmePqFR2LcuA=="}
[2021-03-09 17:47:11,723][test_OpenAccount.py 61][INFO]: ***********************  开始执行用例 *********************** 
[2021-03-09 17:47:11,724][bnhi_Reqx.py 24][INFO]: 重置节点列表：['$.pubInfo.reqTime=20210309174711']
[2021-03-09 17:47:12,923][test_OpenAccount.py 77][INFO]: 请求消息体: {"reqParam": {"pubInfo":{"systemCode":"ASPTEST2","msgVer":"1.0","reqTime":"20210309174711"},"openAcctInfo":{"userInfo":{"bindMobile":"15818640852","userId":"900000","email":"qiuhaiyang@139.com"},"normalAcctPayType":1,"contractInfo":{"contractId":"9000000000000200001"},"contractAcctPayType":1,"acctType":"10","validTime":"","customInfo":{"identityNumber":"110020219","customName":"OCE"},"invalidTime":"","busiTypeList":"16","creditWoffResume":1,"acctName":"陈国森"}},"sign": "MCwCFCjBIAeRAKVDavlnrtRn23sIUs3jAhRuKdfw+qBtoYKIp7BD9kpc+7wldQ=="}
