[2021-03-15 09:19:56,488][test_OpenAccount.py 37][INFO]: ***********************  开始执行用例 *********************** 
[2021-03-15 09:19:56,494][bnhi_Reqx.py 24][INFO]: 重置节点列表：['$.pubInfo.reqTime=20210315091956']
[2021-03-15 09:19:57,437][test_OpenAccount.py 53][INFO]: 请求消息体: {"reqParam": {"pubInfo":{"systemCode":"ASPTEST2","msgVer":"1.0","reqTime":"20210315091956"},"openAcctInfo":{"userInfo":{"bindMobile":"15818640853","userId":"900001","email":"qiuhaiyang@139.com"},"normalAcctPayType":1,"contractInfo":{"contractId":"9000000000000200002"},"contractAcctPayType":1,"acctType":"10","validTime":"","customInfo":{"identityNumber":"110020219","customName":"OCE"},"invalidTime":"","busiTypeList":"16","creditWoffResume":1,"acctName":"陈国森2"}},"sign": "MC0CFQCLOw2MkDPZuXyay6baEYQMOrnM5AIUOqRKodjzf9JPebXOo7ZiqEYUB6s="}
[2021-03-15 09:20:46,254][test_OpenAccount.py 37][INFO]: ***********************  开始执行用例 *********************** 
[2021-03-15 09:20:46,255][bnhi_Reqx.py 24][INFO]: 重置节点列表：['$.pubInfo.reqTime=20210315092046']
[2021-03-15 09:20:46,834][test_OpenAccount.py 53][INFO]: 请求消息体: {"reqParam": {"pubInfo":{"systemCode":"ASPTEST2","msgVer":"1.0","reqTime":"20210315092046"},"openAcctInfo":{"userInfo":{"bindMobile":"15818640853","userId":"900001","email":"qiuhaiyang@139.com"},"normalAcctPayType":1,"contractInfo":{"contractId":"9000000000000200002"},"contractAcctPayType":1,"acctType":"10","validTime":"","customInfo":{"identityNumber":"110020219","customName":"OCE"},"invalidTime":"","busiTypeList":"16","creditWoffResume":1,"acctName":"陈国森2"}},"sign": "MC0CFQCESvet0FmlzuMbGCUrnm5F0mNeLQIULbjMEZlcnGSU8rd/DzqkLFwp9uU="}
[2021-03-15 09:27:31,630][test_OpenAccount.py 37][INFO]: ***********************  开始执行用例 *********************** 
[2021-03-15 09:27:31,631][bnhi_Reqx.py 24][INFO]: 重置节点列表：['$.pubInfo.reqTime=20210315092731']
[2021-03-15 09:27:32,210][test_OpenAccount.py 53][INFO]: 请求消息体: {"reqParam": {"pubInfo":{"systemCode":"ASPTEST2","msgVer":"1.0","reqTime":"20210315092731"},"openAcctInfo":{"userInfo":{"bindMobile":"15818640853","userId":"900001","email":"qiuhaiyang@139.com"},"normalAcctPayType":1,"contractInfo":{"contractId":"9000000000000200002"},"contractAcctPayType":1,"acctType":"10","validTime":"","customInfo":{"identityNumber":"110020219","customName":"OCE"},"invalidTime":"","busiTypeList":"16","creditWoffResume":1,"acctName":"陈国森2"}},"sign": "MCwCFHhx5CglNU0xLWeEIqpnXuseG6o+AhRwmmNXYfLy64MAbIa3/UTxUvTyiQ=="}
[2021-03-15 09:29:11,490][test_OpenAccount.py 37][INFO]: ***********************  开始执行用例 *********************** 
[2021-03-15 09:29:11,491][bnhi_Reqx.py 24][INFO]: 重置节点列表：['$.pubInfo.reqTime=20210315092911']
[2021-03-15 09:29:12,061][test_OpenAccount.py 53][INFO]: 请求消息体: {"reqParam": {"pubInfo":{"systemCode":"ASPTEST2","msgVer":"1.0","reqTime":"20210315092911"},"openAcctInfo":{"userInfo":{"bindMobile":"15818640853","userId":"900001","email":"qiuhaiyang@139.com"},"normalAcctPayType":1,"contractInfo":{"contractId":"9000000000000200002"},"contractAcctPayType":1,"acctType":"10","validTime":"","customInfo":{"identityNumber":"110020219","customName":"OCE"},"invalidTime":"","busiTypeList":"16","creditWoffResume":1,"acctName":"陈国森2"}},"sign": "MCwCFGHSNC4Diqo79+ZqBsPxA6fsW5/kAhR+2KVTmlxnTboir5PbICarT2IqNQ=="}
[2021-03-15 09:32:55,188][test_OpenAccount.py 37][INFO]: ***********************  开始执行用例 *********************** 
[2021-03-15 09:32:55,189][bnhi_Reqx.py 24][INFO]: 重置节点列表：['$.pubInfo.reqTime=20210315093255']
[2021-03-15 09:32:55,796][test_OpenAccount.py 53][INFO]: 请求消息体: {"reqParam": {"pubInfo":{"systemCode":"ASPTEST2","msgVer":"1.0","reqTime":"20210315093255"},"openAcctInfo":{"userInfo":{"bindMobile":"15818640854","userId":"900002","email":"qiuhaiyang@139.com"},"normalAcctPayType":1,"contractInfo":{"contractId":"9000000000000200002"},"contractAcctPayType":1,"acctType":"10","validTime":"","customInfo":{"identityNumber":"110020219","customName":"OCE"},"invalidTime":"","busiTypeList":"16","creditWoffResume":1,"acctName":"陈国森2"}},"sign": "MC0CFF39+pmJHHV0/RUxUHJ2MM7XWWvmAhUAjM2lLOfEG61+DVovElAqqCKZ4FE="}
[2021-03-15 13:55:17,007][test_OpenAccount.py 37][INFO]: ***********************  开始执行用例 *********************** 
[2021-03-15 13:55:17,008][bnhi_Reqx.py 24][INFO]: 重置节点列表：['$.pubInfo.reqTime=20210315135517']
[2021-03-15 13:55:17,603][test_OpenAccount.py 53][INFO]: 请求消息体: {"reqParam": {"pubInfo":{"systemCode":"ASPTEST2","msgVer":"1.0","reqTime":"20210315135517"},"openAcctInfo":{"userInfo":{"bindMobile":"15818640854","userId":"900002","email":"qiuhaiyang@139.com"},"normalAcctPayType":1,"contractInfo":{"contractId":"9000000000000200002"},"contractAcctPayType":1,"acctType":"10","validTime":"","customInfo":{"identityNumber":"110020219","customName":"OCE"},"invalidTime":"","busiTypeList":"16","creditWoffResume":1,"acctName":"陈国森2"}},"sign": "MCwCFG3wfXIijClpsykvZ9uHDP5Ju1mTAhR68wxZHpzq7r/XzbPowmTorzUHtA=="}
[2021-03-15 13:57:04,644][test_OpenAccount.py 37][INFO]: ***********************  开始执行用例 *********************** 
[2021-03-15 13:57:04,645][bnhi_Reqx.py 24][INFO]: 重置节点列表：['$.pubInfo.reqTime=20210315135704']
[2021-03-15 13:57:05,233][test_OpenAccount.py 53][INFO]: 请求消息体: {"reqParam": {"pubInfo":{"systemCode":"ASPTEST2","msgVer":"1.0","reqTime":"20210315135704"},"openAcctInfo":{"userInfo":{"bindMobile":"15818640854","userId":"900002","email":"qiuhaiyang@139.com"},"normalAcctPayType":1,"contractInfo":{"contractId":"9000000000000200002"},"contractAcctPayType":1,"acctType":"10","validTime":"","customInfo":{"identityNumber":"110020219","customName":"OCE"},"invalidTime":"","busiTypeList":"16","creditWoffResume":1,"acctName":"陈国森2"}},"sign": "MCwCFCsUGyw4b22edSeLl9lTz4EdVTVYAhRXnO0Oq5XzLzEcwBMFDDz6cIS2Aw=="}
[2021-03-15 18:21:47,745][test_OpenAccount.py 37][INFO]: ***********************  开始执行用例 *********************** 
[2021-03-15 18:21:47,746][bnhi_Reqx.py 24][INFO]: 重置节点列表：['$.pubInfo.reqTime=20210315182147']
[2021-03-15 18:21:48,350][test_OpenAccount.py 53][INFO]: 请求消息体: {"reqParam": {"pubInfo":{"systemCode":"ASPTEST2","msgVer":"1.0","reqTime":"20210315182147"},"openAcctInfo":{"userInfo":{"bindMobile":"15818640854","userId":"900002","email":"qiuhaiyang@139.com"},"normalAcctPayType":1,"contractInfo":{"contractId":"9000000000000200002"},"contractAcctPayType":1,"acctType":"10","validTime":"","customInfo":{"identityNumber":"110020219","customName":"OCE"},"invalidTime":"","busiTypeList":"16","creditWoffResume":1,"acctName":"陈国森2"}},"sign": "MCwCFGwYlqG1ipRrd114dq92D+MW+cduAhQ1xiM1xscevaNRM/nuemruZdwukg=="}
[2021-03-15 18:42:50,669][test_OpenAccount.py 37][INFO]: ***********************  开始执行用例 *********************** 
[2021-03-15 18:42:50,670][bnhi_Reqx.py 24][INFO]: 重置节点列表：['$.pubInfo.reqTime=20210315184250']
[2021-03-15 18:42:51,337][test_OpenAccount.py 53][INFO]: 请求消息体: {"reqParam": {"pubInfo":{"systemCode":"ASPTEST2","msgVer":"1.0","reqTime":"20210315184250"},"openAcctInfo":{"userInfo":{"bindMobile":"15818640854","userId":"900002","email":"qiuhaiyang@139.com"},"normalAcctPayType":1,"contractInfo":{"contractId":"9000000000000200002"},"contractAcctPayType":1,"acctType":"10","validTime":"","customInfo":{"identityNumber":"110020219","customName":"OCE"},"invalidTime":"","busiTypeList":"16","creditWoffResume":1,"acctName":"陈国森2"}},"sign": "MCwCFGOIeYFG2LuM54Q5o3nN+KRdXU7eAhQnpTx8uvaj2T8kPL2sWZ9AGqHOaw=="}
[2021-03-15 18:45:26,475][test_OpenAccount.py 37][INFO]: ***********************  开始执行用例 *********************** 
[2021-03-15 18:45:26,476][bnhi_Reqx.py 24][INFO]: 重置节点列表：['$.pubInfo.reqTime=20210315184526']
[2021-03-15 18:45:27,064][test_OpenAccount.py 53][INFO]: 请求消息体: {"reqParam": {"pubInfo":{"systemCode":"ASPTEST2","msgVer":"1.0","reqTime":"20210315184526"},"openAcctInfo":{"userInfo":{"bindMobile":"15818640854","userId":"900002","email":"qiuhaiyang@139.com"},"normalAcctPayType":1,"contractInfo":{"contractId":"9000000000000200002"},"contractAcctPayType":1,"acctType":"10","validTime":"","customInfo":{"identityNumber":"110020219","customName":"OCE"},"invalidTime":"","busiTypeList":"16","creditWoffResume":1,"acctName":"陈国森2"}},"sign": "MCwCFH9qpEWJYMymfB+88m7UwkmD9+SjAhQJZi44vHWQ7cJorKf9nlZ1gFg3pg=="}
[2021-03-15 18:48:36,213][test_OpenAccount.py 37][INFO]: ***********************  开始执行用例 *********************** 
[2021-03-15 18:48:36,214][bnhi_Reqx.py 24][INFO]: 重置节点列表：['$.pubInfo.reqTime=20210315184836']
[2021-03-15 18:48:36,820][test_OpenAccount.py 53][INFO]: 请求消息体: {"reqParam": {"pubInfo":{"systemCode":"ASPTEST2","msgVer":"1.0","reqTime":"20210315184836"},"openAcctInfo":{"userInfo":{"bindMobile":"15818640854","userId":"900002","email":"qiuhaiyang@139.com"},"normalAcctPayType":1,"contractInfo":{"contractId":"9000000000000200002"},"contractAcctPayType":1,"acctType":"10","validTime":"","customInfo":{"identityNumber":"110020219","customName":"OCE"},"invalidTime":"","busiTypeList":"16","creditWoffResume":1,"acctName":"陈国森2"}},"sign": "MC0CFQCAQhx3RKSmLpun7o2RZj/lng5nSgIUUkaChF84ab5Y9cGNLesQBw1R9L0="}
[2021-03-15 18:51:18,864][test_OpenAccount.py 37][INFO]: ***********************  开始执行用例 *********************** 
[2021-03-15 18:51:18,865][bnhi_Reqx.py 24][INFO]: 重置节点列表：['$.pubInfo.reqTime=20210315185118']
[2021-03-15 18:51:19,462][test_OpenAccount.py 53][INFO]: 请求消息体: {"reqParam": {"pubInfo":{"systemCode":"ASPTEST2","msgVer":"1.0","reqTime":"20210315185118"},"openAcctInfo":{"userInfo":{"bindMobile":"15818640854","userId":"900002","email":"qiuhaiyang@139.com"},"normalAcctPayType":1,"contractInfo":{"contractId":"9000000000000200002"},"contractAcctPayType":1,"acctType":"10","validTime":"","customInfo":{"identityNumber":"110020219","customName":"OCE"},"invalidTime":"","busiTypeList":"16","creditWoffResume":1,"acctName":"陈国森2"}},"sign": "MCwCFDJHZoIE+CC11zp3rmjHWQUxKIM1AhR5J5Gc+NfsGTN2LpccQ8/2+9N/Cw=="}
[2021-03-15 18:53:23,470][test_OpenAccount.py 37][INFO]: ***********************  开始执行用例 *********************** 
[2021-03-15 18:53:23,472][bnhi_Reqx.py 24][INFO]: 重置节点列表：['$.pubInfo.reqTime=20210315185323']
[2021-03-15 18:53:24,044][test_OpenAccount.py 53][INFO]: 请求消息体: {"reqParam": {"pubInfo":{"systemCode":"ASPTEST2","msgVer":"1.0","reqTime":"20210315185323"},"openAcctInfo":{"userInfo":{"bindMobile":"15818640854","userId":"900002","email":"qiuhaiyang@139.com"},"normalAcctPayType":1,"contractInfo":{"contractId":"9000000000000200002"},"contractAcctPayType":1,"acctType":"10","validTime":"","customInfo":{"identityNumber":"110020219","customName":"OCE"},"invalidTime":"","busiTypeList":"16","creditWoffResume":1,"acctName":"陈国森2"}},"sign": "MCwCFBC33/dIbvh++JUF9lKPnJpSlTgSAhRh/2QDTGtaXJIA/Qhw6Cs+Oc0M4A=="}
[2021-03-15 18:58:18,195][test_OpenAccount.py 37][INFO]: ***********************  开始执行用例 *********************** 
[2021-03-15 18:58:18,196][bnhi_Reqx.py 24][INFO]: 重置节点列表：['$.pubInfo.reqTime=20210315185818']
[2021-03-15 18:58:18,839][test_OpenAccount.py 53][INFO]: 请求消息体: {"reqParam": {"pubInfo":{"systemCode":"ASPTEST2","msgVer":"1.0","reqTime":"20210315185818"},"openAcctInfo":{"userInfo":{"bindMobile":"15818640854","userId":"900002","email":"qiuhaiyang@139.com"},"normalAcctPayType":1,"contractInfo":{"contractId":"9000000000000200002"},"contractAcctPayType":1,"acctType":"10","validTime":"","customInfo":{"identityNumber":"110020219","customName":"OCE"},"invalidTime":"","busiTypeList":"16","creditWoffResume":1,"acctName":"陈国森2"}},"sign": "MCwCFC0QcuJRcBJ3FbiKU3E+32bEnMnPAhQP9Bb0efrpVIR/Os8PJoIAZK053g=="}
[2021-03-15 19:06:18,888][test_OpenAccount.py 37][INFO]: ***********************  开始执行用例 *********************** 
[2021-03-15 19:06:18,889][bnhi_Reqx.py 24][INFO]: 重置节点列表：['$.pubInfo.reqTime=20210315190618']
[2021-03-15 19:06:19,493][test_OpenAccount.py 53][INFO]: 请求消息体: {"reqParam": {"pubInfo":{"systemCode":"ASPTEST2","msgVer":"1.0","reqTime":"20210315190618"},"openAcctInfo":{"userInfo":{"bindMobile":"15818640854","userId":"900002","email":"qiuhaiyang@139.com"},"normalAcctPayType":1,"contractInfo":{"contractId":"9000000000000200002"},"contractAcctPayType":1,"acctType":"10","validTime":"","customInfo":{"identityNumber":"110020219","customName":"OCE"},"invalidTime":"","busiTypeList":"16","creditWoffResume":1,"acctName":"陈国森2"}},"sign": "MCwCFDOOglc7wMwPOW1j6YZmKLnto34VAhQpIOkw91sHjddLwueIGew+0NYQuA=="}
[2021-03-15 19:10:53,289][test_OpenAccount.py 37][INFO]: ***********************  开始执行用例 *********************** 
[2021-03-15 19:10:53,290][bnhi_Reqx.py 24][INFO]: 重置节点列表：['$.pubInfo.reqTime=20210315191053']
[2021-03-15 19:10:53,884][test_OpenAccount.py 53][INFO]: 请求消息体: {"reqParam": {"pubInfo":{"systemCode":"ASPTEST2","msgVer":"1.0","reqTime":"20210315191053"},"openAcctInfo":{"userInfo":{"bindMobile":"15818640854","userId":"900002","email":"qiuhaiyang@139.com"},"normalAcctPayType":1,"contractInfo":{"contractId":"9000000000000200002"},"contractAcctPayType":1,"acctType":"10","validTime":"","customInfo":{"identityNumber":"110020219","customName":"OCE"},"invalidTime":"","busiTypeList":"16","creditWoffResume":1,"acctName":"陈国森2"}},"sign": "MCwCFBXVHc3wyHPFk2NR/HgeB2olpDGqAhQFL+jcwqbDVDLE1GrPWD8bO6/jhg=="}
[2021-03-15 19:12:40,907][test_OpenAccount.py 37][INFO]: ***********************  开始执行用例 *********************** 
[2021-03-15 19:12:40,908][bnhi_Reqx.py 24][INFO]: 重置节点列表：['$.pubInfo.reqTime=20210315191240']
[2021-03-15 19:12:41,585][test_OpenAccount.py 53][INFO]: 请求消息体: {"reqParam": {"pubInfo":{"systemCode":"ASPTEST2","msgVer":"1.0","reqTime":"20210315191240"},"openAcctInfo":{"userInfo":{"bindMobile":"15818640854","userId":"900002","email":"qiuhaiyang@139.com"},"normalAcctPayType":1,"contractInfo":{"contractId":"9000000000000200002"},"contractAcctPayType":1,"acctType":"10","validTime":"","customInfo":{"identityNumber":"110020219","customName":"OCE"},"invalidTime":"","busiTypeList":"16","creditWoffResume":1,"acctName":"陈国森2"}},"sign": "MC4CFQCWn/UIGdyh8evknjl9hCS9l68dMgIVAIlvJO5S3AHGjVwTTN7qgRDcW0x1"}
[2021-03-15 22:38:14,905][test_OpenAccount.py 37][INFO]: ***********************  开始执行用例 *********************** 
[2021-03-15 22:38:14,906][bnhi_Reqx.py 24][INFO]: 重置节点列表：['$.pubInfo.reqTime=20210315223814']
[2021-03-15 22:38:15,780][test_OpenAccount.py 53][INFO]: 请求消息体: {"reqParam": {"pubInfo":{"systemCode":"ASPTEST2","msgVer":"1.0","reqTime":"20210315223814"},"openAcctInfo":{"userInfo":{"bindMobile":"15818640854","userId":"900002","email":"qiuhaiyang@139.com"},"normalAcctPayType":1,"contractInfo":{"contractId":"9000000000000200002"},"contractAcctPayType":1,"acctType":"10","validTime":"","customInfo":{"identityNumber":"110020219","customName":"OCE"},"invalidTime":"","busiTypeList":"16","creditWoffResume":1,"acctName":"陈国森2"}},"sign": "MC4CFQCUSi00A14DJ61uZW6zuSqhrnuGnAIVAJN8ZAn7PTE+kXUetELbveArEVPV"}
[2021-03-15 23:59:53,726][test_OpenAccount.py 37][INFO]: ***********************  开始执行用例 *********************** 
[2021-03-15 23:59:53,728][bnhi_Reqx.py 24][INFO]: 重置节点列表：['$.pubInfo.reqTime=20210315235953']
[2021-03-15 23:59:54,604][test_OpenAccount.py 53][INFO]: 请求消息体: {"reqParam": {"pubInfo":{"systemCode":"ASPTEST2","msgVer":"1.0","reqTime":"20210315235953"},"openAcctInfo":{"userInfo":{"bindMobile":"15818640854","userId":"900002","email":"qiuhaiyang@139.com"},"normalAcctPayType":1,"contractInfo":{"contractId":"9000000000000200002"},"contractAcctPayType":1,"acctType":"10","validTime":"","customInfo":{"identityNumber":"110020219","customName":"OCE"},"invalidTime":"","busiTypeList":"16","creditWoffResume":1,"acctName":"陈国森2"}},"sign": "MCwCFDO63GjsGkxqLi+QGnTdPVsikBnaAhQ4isIvj+xlem5J6hHt+AVHtDgqUA=="}
