[2021-04-10 08:44:21,025][conftest.py 21][DEBUG]: 执行数据库初始化数据D:\app\AspBac\testdata\init_OpenAccount.sql
[2021-04-10 08:44:22,389][test_OpenAccount.py 31][INFO]: ***********************  开始执行用例 *********************** 
[2021-04-10 08:44:22,394][Bac_Reqx.py 26][INFO]: 重置节点列表：['$.pubInfo.reqTime=20210410084422']
[2021-04-10 08:44:23,290][test_OpenAccount.py 47][INFO]: 请求消息体: {"reqParam": {"pubInfo":{"systemCode":"ASPTEST2","msgVer":"1.0","reqTime":"20210410084422"},"openAcctInfo":{"userInfo":{"bindMobile":"15818640852","userId":"900002","email":"qiuhaiyang@139.com"},"normalAcctPayType":1,"contractInfo":{"contractId":"9000000000000200002"},"contractAcctPayType":1,"acctType":"10","validTime":"","customInfo":{"identityNumber":"100000002","customName":"OCE"},"invalidTime":"","busiTypeList":"16","creditWoffResume":1,"acctName":"陈国森2"}},"sign": "MCwCFC+ZapWhg3JG/bHHJmZTwdxZgYuNAhQSOzbOyLQAE8LBDqJqHJOEZMtjWw=="}
[2021-04-10 08:44:24,962][Result_assert.py 26][INFO]: $.message的实际结果:【成功】---->>预期结果:【成功】
[2021-04-10 08:44:24,986][Result_assert.py 26][INFO]: $.status的实际结果:【200】---->>预期结果:【200】
[2021-04-10 08:44:25,008][Result_assert.py 26][INFO]: $.data.rspParam.pubInfo.returnCode的实际结果:【0】---->>预期结果:【0】
[2021-04-10 08:44:25,034][Result_assert.py 26][INFO]: $.data.rspParam.pubInfo.returnMsg的实际结果:【成功】---->>预期结果:【成功】
[2021-04-10 08:44:25,767][Result_assert.py 42][INFO]: 数据库断言实际结果:【1】---->>预期结果:【1】
[2021-04-10 08:44:26,417][Result_assert.py 42][INFO]: 数据库断言实际结果:【1】---->>预期结果:【1】
[2021-04-10 08:44:27,039][Result_assert.py 42][INFO]: 数据库断言实际结果:【4】---->>预期结果:【4】
[2021-04-10 08:44:27,903][Result_assert.py 62][INFO]: 实际结果:【{"customid":110214829,"customname":"oce","customtype":"10","identitynumber":"100000002"}】---->>预期结果:【{"customid":110214829,"customname":"oce","customtype":"10","identitynumber":"100000002"}】
[2021-04-10 08:44:29,151][Result_assert.py 62][INFO]: 实际结果:【{"acctstatus":1,"createtime":1617984000000,"customid":110214829,"inneruserid":210214830,"useremail":"qiuhaiyang@139.com","userid":"900002","usermobile":"15818640852","username":"oce","usersource":"asptest2","usertype":"10"}】---->>预期结果:【{"acctstatus":1,"createtime":1617984000000,"customid":110214829,"inneruserid":210214830,"useremail":"qiuhaiyang@139.com","userid":"900002","usermobile":"15818640852","username":"oce","usersource":"asptest2","usertype":"10"}】
[2021-04-10 08:44:29,387][test_OpenAccount.py 75][INFO]: ***********************  结束执行用例 *********************** 
[2021-04-10 08:44:29,404][test_OpenAccount.py 31][INFO]: ***********************  开始执行用例 *********************** 
[2021-04-10 08:44:29,405][Bac_Reqx.py 26][INFO]: 重置节点列表：['$.pubInfo.reqTime=20210410084429']
[2021-04-10 08:44:29,571][test_OpenAccount.py 47][INFO]: 请求消息体: {"reqParam": {"pubInfo":{"systemCode":"ASPTEST2","msgVer":"1.0","reqTime":"20210410084429"},"openAcctInfo":{"userInfo":{"bindMobile":"15818640853","userId":"900003","email":"qiuhaiyang@139.com"},"normalAcctPayType":1,"contractInfo":{"contractId":null},"contractAcctPayType":1,"acctType":"10","validTime":"","customInfo":{"identityNumber":"100000003","customName":"OCE"},"invalidTime":"","busiTypeList":"16","creditWoffResume":1,"acctName":"陈国森3"}},"sign": "MCwCFGMcQ7sipUDct4ZZGLJzjpEswLMqAhRv2JDQ6IYvFAT/ymfbsNYdeTd46A=="}
[2021-04-10 08:44:30,196][Result_assert.py 26][INFO]: $.message的实际结果:【成功】---->>预期结果:【成功】
[2021-04-10 08:44:30,221][Result_assert.py 26][INFO]: $.status的实际结果:【200】---->>预期结果:【200】
[2021-04-10 08:44:30,241][Result_assert.py 26][INFO]: $.data.rspParam.pubInfo.returnCode的实际结果:【0】---->>预期结果:【0】
[2021-04-10 08:44:30,261][Result_assert.py 26][INFO]: $.data.rspParam.pubInfo.returnMsg的实际结果:【成功】---->>预期结果:【成功】
[2021-04-10 08:44:30,935][Result_assert.py 42][INFO]: 数据库断言实际结果:【1】---->>预期结果:【1】
[2021-04-10 08:44:31,550][Result_assert.py 42][INFO]: 数据库断言实际结果:【0】---->>预期结果:【0】
[2021-04-10 08:44:32,233][Result_assert.py 42][INFO]: 数据库断言实际结果:【2】---->>预期结果:【2】
[2021-04-10 08:44:32,233][test_OpenAccount.py 75][INFO]: ***********************  结束执行用例 *********************** 
[2021-04-10 08:44:32,247][test_OpenAccount.py 31][INFO]: ***********************  开始执行用例 *********************** 
[2021-04-10 08:44:32,248][Bac_Reqx.py 26][INFO]: 重置节点列表：['$.pubInfo.reqTime=20210410084432']
[2021-04-10 08:44:32,416][test_OpenAccount.py 47][INFO]: 请求消息体: {"reqParam": {"pubInfo":{"systemCode":"ASPTEST2","msgVer":"1.0","reqTime":"20210410084432"},"openAcctInfo":{"userInfo":{"bindMobile":"15818640854","userId":"900004","email":"qiuhaiyang@139.com"},"normalAcctPayType":1,"contractInfo":{"contractId":"9000000000000200005"},"contractAcctPayType":1,"acctType":"10","validTime":"","customInfo":{"identityNumber":"100000005","customName":"OCE"},"invalidTime":"","busiTypeList":"16","creditWoffResume":1,"acctName":"陈国森4"}},"sign": "MC0CFQCQedqrAEu2Q0LI0KylizQ3/sqN2QIUYGuC12INmdkf6swZ+gzgYq1MVio="}
[2021-04-10 08:44:33,383][Result_assert.py 26][INFO]: $.message的实际结果:【成功】---->>预期结果:【成功】
[2021-04-10 08:44:33,407][Result_assert.py 26][INFO]: $.status的实际结果:【200】---->>预期结果:【200】
[2021-04-10 08:44:33,428][Result_assert.py 26][INFO]: $.data.rspParam.pubInfo.returnCode的实际结果:【0】---->>预期结果:【0】
[2021-04-10 08:44:33,448][Result_assert.py 26][INFO]: $.data.rspParam.pubInfo.returnMsg的实际结果:【成功】---->>预期结果:【成功】
[2021-04-10 08:44:34,262][Result_assert.py 42][INFO]: 数据库断言实际结果:【1】---->>预期结果:【1】
[2021-04-10 08:44:34,826][Result_assert.py 42][INFO]: 数据库断言实际结果:【1】---->>预期结果:【1】
[2021-04-10 08:44:35,464][Result_assert.py 42][INFO]: 数据库断言实际结果:【6】---->>预期结果:【6】
[2021-04-10 08:44:35,464][test_OpenAccount.py 75][INFO]: ***********************  结束执行用例 *********************** 
[2021-04-10 08:44:35,477][test_OpenAccount.py 31][INFO]: ***********************  开始执行用例 *********************** 
[2021-04-10 08:44:35,478][Bac_Reqx.py 26][INFO]: 重置节点列表：['$.pubInfo.reqTime=20210410084435']
[2021-04-10 08:44:35,640][test_OpenAccount.py 47][INFO]: 请求消息体: {"reqParam": {"pubInfo":{"systemCode":"ASPTEST2","msgVer":"1.0","reqTime":"20210410084435"},"openAcctInfo":{"userInfo":{"bindMobile":"15818640854","userId":"900006","email":"qiuhaiyang@139.com"},"normalAcctPayType":1,"contractInfo":{"contractId":"9000000000000200004"},"contractAcctPayType":1,"acctType":"10","validTime":"","customInfo":{"identityNumber":"100000004","customName":"OCE"},"invalidTime":"","busiTypeList":"13","creditWoffResume":1,"acctName":"陈国森6"}},"sign": "MC4CFQCF4E0s+p5LrUtQlkAOismIPGNBkQIVAJKT6AzNLIOOudEJwsWEnMtUz03B"}
[2021-04-10 08:44:36,405][Result_assert.py 26][INFO]: $.message的实际结果:【成功】---->>预期结果:【成功】
[2021-04-10 08:44:36,426][Result_assert.py 26][INFO]: $.status的实际结果:【200】---->>预期结果:【200】
[2021-04-10 08:44:36,456][Result_assert.py 26][INFO]: $.data.rspParam.pubInfo.returnCode的实际结果:【0】---->>预期结果:【0】
[2021-04-10 08:44:36,484][Result_assert.py 26][INFO]: $.data.rspParam.pubInfo.returnMsg的实际结果:【成功】---->>预期结果:【成功】
[2021-04-10 08:44:37,162][Result_assert.py 42][INFO]: 数据库断言实际结果:【1】---->>预期结果:【1】
[2021-04-10 08:44:37,558][Result_assert.py 42][INFO]: 数据库断言实际结果:【1】---->>预期结果:【1】
[2021-04-10 08:44:38,176][Result_assert.py 42][INFO]: 数据库断言实际结果:【2】---->>预期结果:【2】
[2021-04-10 08:44:38,176][test_OpenAccount.py 75][INFO]: ***********************  结束执行用例 *********************** 
[2021-04-10 08:44:38,193][test_OpenAccount.py 31][INFO]: ***********************  开始执行用例 *********************** 
[2021-04-10 08:44:38,194][Bac_Reqx.py 26][INFO]: 重置节点列表：['$.pubInfo.reqTime=20210410084438']
[2021-04-10 08:44:38,372][test_OpenAccount.py 47][INFO]: 请求消息体: {"reqParam": {"pubInfo":{"systemCode":"ASPTEST2","msgVer":"1.0","reqTime":"20210410084438"},"openAcctInfo":{"userInfo":{"bindMobile":"15818640854","userId":"900004","email":"qiuhaiyang@139.com"},"normalAcctPayType":1,"contractInfo":{"contractId":"9000000000000200004"},"contractAcctPayType":1,"acctType":"10","validTime":"","customInfo":{"identityNumber":"100000004","customName":"OCE"},"invalidTime":"","busiTypeList":"13","creditWoffResume":1,"acctName":"陈国森4"}},"sign": "MCwCFDu6zvDzxirYf+DhWHRx8d/hqtbcAhRAG2zIxp6VwdKof4lolVQDKHnTOw=="}
[2021-04-10 08:44:38,919][Result_assert.py 26][INFO]: $.message的实际结果:【成功】---->>预期结果:【成功】
[2021-04-10 08:44:38,940][Result_assert.py 26][INFO]: $.status的实际结果:【200】---->>预期结果:【200】
[2021-04-10 08:44:38,962][Result_assert.py 26][INFO]: $.data.rspParam.pubInfo.returnCode的实际结果:【710088】---->>预期结果:【710088】
[2021-04-10 08:44:38,984][Result_assert.py 26][INFO]: $.data.rspParam.pubInfo.returnMsg的实际结果:【账户及账本科目已开通，不能重复开通相同账本科目，建议更换合同编码。】---->>预期结果:【账户及账本科目已开通，不能重复开通相同账本科目，建议更换合同编码。】
[2021-04-10 08:44:38,985][test_OpenAccount.py 75][INFO]: ***********************  结束执行用例 *********************** 
[2021-04-10 10:24:35,976][conftest.py 21][DEBUG]: 执行数据库初始化数据D:\app\AspBac\testdata\init_OpenAccount.sql
[2021-04-10 10:24:37,463][test_OpenAccount.py 31][INFO]: ***********************  开始执行用例 *********************** 
[2021-04-10 10:24:37,464][Bac_Reqx.py 26][INFO]: 重置节点列表：['$.pubInfo.reqTime=20210410102437']
[2021-04-10 10:24:38,251][test_OpenAccount.py 47][INFO]: 请求消息体: {"reqParam": {"pubInfo":{"systemCode":"ASPTEST2","msgVer":"1.0","reqTime":"20210410102437"},"openAcctInfo":{"userInfo":{"bindMobile":"15818640852","userId":"900002","email":"qiuhaiyang@139.com"},"normalAcctPayType":1,"contractInfo":{"contractId":"9000000000000200002"},"contractAcctPayType":1,"acctType":"10","validTime":"","customInfo":{"identityNumber":"100000002","customName":"OCE"},"invalidTime":"","busiTypeList":"16","creditWoffResume":1,"acctName":"陈国森2"}},"sign": "MC0CFQCF3oQAGOLqu89rOyy7qggBeADLDwIUfN2bo11bWSV1boSpJnwW+t76Ss0="}
[2021-04-10 10:24:39,147][Result_assert.py 26][INFO]: $.message的实际结果:【成功】---->>预期结果:【成功】
[2021-04-10 10:24:39,172][Result_assert.py 26][INFO]: $.status的实际结果:【200】---->>预期结果:【200】
[2021-04-10 10:24:39,195][Result_assert.py 26][INFO]: $.data.rspParam.pubInfo.returnCode的实际结果:【0】---->>预期结果:【0】
[2021-04-10 10:24:39,218][Result_assert.py 26][INFO]: $.data.rspParam.pubInfo.returnMsg的实际结果:【成功】---->>预期结果:【成功】
[2021-04-10 10:24:39,848][Result_assert.py 42][INFO]: 数据库断言实际结果:【1】---->>预期结果:【1】
[2021-04-10 10:24:40,461][Result_assert.py 42][INFO]: 数据库断言实际结果:【1】---->>预期结果:【1】
[2021-04-10 10:24:41,258][Result_assert.py 42][INFO]: 数据库断言实际结果:【4】---->>预期结果:【4】
[2021-04-10 10:24:42,269][Result_assert.py 62][INFO]: 实际结果:【{"customid":110214839,"customname":"oce","customtype":"10","identitynumber":"100000002"}】---->>预期结果:【{"customid":110214839,"customname":"oce","customtype":"10","identitynumber":"100000002"}】
[2021-04-10 10:24:43,804][Result_assert.py 62][INFO]: 实际结果:【{"acctstatus":1,"createtime":1617984000000,"customid":110214839,"inneruserid":210214840,"useremail":"qiuhaiyang@139.com","userid":"900002","usermobile":"15818640852","username":"oce","usersource":"asptest2","usertype":"10"}】---->>预期结果:【{"acctstatus":1,"createtime":1617984000000,"customid":110214839,"inneruserid":210214840,"useremail":"qiuhaiyang@139.com","userid":"900002","usermobile":"15818640852","username":"oce","usersource":"asptest2","usertype":"10"}】
[2021-04-10 10:24:43,927][test_OpenAccount.py 75][INFO]: ***********************  结束执行用例 *********************** 
[2021-04-10 10:24:43,946][test_OpenAccount.py 31][INFO]: ***********************  开始执行用例 *********************** 
[2021-04-10 10:24:43,947][Bac_Reqx.py 26][INFO]: 重置节点列表：['$.pubInfo.reqTime=20210410102443']
[2021-04-10 10:24:44,113][test_OpenAccount.py 47][INFO]: 请求消息体: {"reqParam": {"pubInfo":{"systemCode":"ASPTEST2","msgVer":"1.0","reqTime":"20210410102443"},"openAcctInfo":{"userInfo":{"bindMobile":"15818640853","userId":"900003","email":"qiuhaiyang@139.com"},"normalAcctPayType":1,"contractInfo":{"contractId":null},"contractAcctPayType":1,"acctType":"10","validTime":"","customInfo":{"identityNumber":"100000003","customName":"OCE"},"invalidTime":"","busiTypeList":"16","creditWoffResume":1,"acctName":"陈国森3"}},"sign": "MC0CFQCWvs1n64sr32ffOYNioy+2PuJcWQIUVrq91l17v3Y5YTHRJqpJTZPOWwU="}
[2021-04-10 10:24:44,898][Result_assert.py 26][INFO]: $.message的实际结果:【成功】---->>预期结果:【成功】
[2021-04-10 10:24:44,919][Result_assert.py 26][INFO]: $.status的实际结果:【200】---->>预期结果:【200】
[2021-04-10 10:24:44,943][Result_assert.py 26][INFO]: $.data.rspParam.pubInfo.returnCode的实际结果:【0】---->>预期结果:【0】
[2021-04-10 10:24:44,965][Result_assert.py 26][INFO]: $.data.rspParam.pubInfo.returnMsg的实际结果:【成功】---->>预期结果:【成功】
[2021-04-10 10:24:45,835][Result_assert.py 42][INFO]: 数据库断言实际结果:【1】---->>预期结果:【1】
[2021-04-10 10:24:46,719][Result_assert.py 42][INFO]: 数据库断言实际结果:【0】---->>预期结果:【0】
[2021-04-10 10:24:47,478][Result_assert.py 42][INFO]: 数据库断言实际结果:【2】---->>预期结果:【2】
[2021-04-10 10:24:47,479][test_OpenAccount.py 75][INFO]: ***********************  结束执行用例 *********************** 
[2021-04-10 10:24:47,495][test_OpenAccount.py 31][INFO]: ***********************  开始执行用例 *********************** 
[2021-04-10 10:24:47,496][Bac_Reqx.py 26][INFO]: 重置节点列表：['$.pubInfo.reqTime=20210410102447']
[2021-04-10 10:24:47,662][test_OpenAccount.py 47][INFO]: 请求消息体: {"reqParam": {"pubInfo":{"systemCode":"ASPTEST2","msgVer":"1.0","reqTime":"20210410102447"},"openAcctInfo":{"userInfo":{"bindMobile":"15818640854","userId":"900004","email":"qiuhaiyang@139.com"},"normalAcctPayType":1,"contractInfo":{"contractId":"9000000000000200005"},"contractAcctPayType":1,"acctType":"10","validTime":"","customInfo":{"identityNumber":"100000005","customName":"OCE"},"invalidTime":"","busiTypeList":"16","creditWoffResume":1,"acctName":"陈国森4"}},"sign": "MCwCFHLCBwu0I1hhVj8/MlUNBMGF1fPxAhQXa/gJZD5wKUuOFjWwcgBi1jxkfg=="}
[2021-04-10 10:24:48,388][Result_assert.py 26][INFO]: $.message的实际结果:【成功】---->>预期结果:【成功】
[2021-04-10 10:24:48,413][Result_assert.py 26][INFO]: $.status的实际结果:【200】---->>预期结果:【200】
[2021-04-10 10:24:48,434][Result_assert.py 26][INFO]: $.data.rspParam.pubInfo.returnCode的实际结果:【0】---->>预期结果:【0】
[2021-04-10 10:24:48,457][Result_assert.py 26][INFO]: $.data.rspParam.pubInfo.returnMsg的实际结果:【成功】---->>预期结果:【成功】
[2021-04-10 10:24:49,167][Result_assert.py 42][INFO]: 数据库断言实际结果:【1】---->>预期结果:【1】
[2021-04-10 10:24:49,824][Result_assert.py 42][INFO]: 数据库断言实际结果:【1】---->>预期结果:【1】
[2021-04-10 10:24:50,506][Result_assert.py 42][INFO]: 数据库断言实际结果:【6】---->>预期结果:【6】
[2021-04-10 10:24:50,507][test_OpenAccount.py 75][INFO]: ***********************  结束执行用例 *********************** 
[2021-04-10 10:24:50,521][test_OpenAccount.py 31][INFO]: ***********************  开始执行用例 *********************** 
[2021-04-10 10:24:50,522][Bac_Reqx.py 26][INFO]: 重置节点列表：['$.pubInfo.reqTime=20210410102450']
[2021-04-10 10:24:50,696][test_OpenAccount.py 47][INFO]: 请求消息体: {"reqParam": {"pubInfo":{"systemCode":"ASPTEST2","msgVer":"1.0","reqTime":"20210410102450"},"openAcctInfo":{"userInfo":{"bindMobile":"15818640854","userId":"900006","email":"qiuhaiyang@139.com"},"normalAcctPayType":1,"contractInfo":{"contractId":"9000000000000200004"},"contractAcctPayType":1,"acctType":"10","validTime":"","customInfo":{"identityNumber":"100000004","customName":"OCE"},"invalidTime":"","busiTypeList":"13","creditWoffResume":1,"acctName":"陈国森6"}},"sign": "MCwCFB5aQj6orKXIvb8zS2QWO1BmQWj9AhQi3CKPwJp3bgBaFwrPd0BRj8eHrA=="}
[2021-04-10 10:24:51,324][Result_assert.py 26][INFO]: $.message的实际结果:【成功】---->>预期结果:【成功】
[2021-04-10 10:24:51,347][Result_assert.py 26][INFO]: $.status的实际结果:【200】---->>预期结果:【200】
[2021-04-10 10:24:51,369][Result_assert.py 26][INFO]: $.data.rspParam.pubInfo.returnCode的实际结果:【0】---->>预期结果:【0】
[2021-04-10 10:24:51,391][Result_assert.py 26][INFO]: $.data.rspParam.pubInfo.returnMsg的实际结果:【成功】---->>预期结果:【成功】
[2021-04-10 10:24:52,054][Result_assert.py 42][INFO]: 数据库断言实际结果:【1】---->>预期结果:【1】
[2021-04-10 10:24:52,554][Result_assert.py 42][INFO]: 数据库断言实际结果:【1】---->>预期结果:【1】
[2021-04-10 10:24:53,289][Result_assert.py 42][INFO]: 数据库断言实际结果:【2】---->>预期结果:【2】
[2021-04-10 10:24:53,290][test_OpenAccount.py 75][INFO]: ***********************  结束执行用例 *********************** 
[2021-04-10 10:24:53,306][test_OpenAccount.py 31][INFO]: ***********************  开始执行用例 *********************** 
[2021-04-10 10:24:53,308][Bac_Reqx.py 26][INFO]: 重置节点列表：['$.pubInfo.reqTime=20210410102453']
[2021-04-10 10:24:53,493][test_OpenAccount.py 47][INFO]: 请求消息体: {"reqParam": {"pubInfo":{"systemCode":"ASPTEST2","msgVer":"1.0","reqTime":"20210410102453"},"openAcctInfo":{"userInfo":{"bindMobile":"15818640854","userId":"900004","email":"qiuhaiyang@139.com"},"normalAcctPayType":1,"contractInfo":{"contractId":"9000000000000200004"},"contractAcctPayType":1,"acctType":"10","validTime":"","customInfo":{"identityNumber":"100000004","customName":"OCE"},"invalidTime":"","busiTypeList":"13","creditWoffResume":1,"acctName":"陈国森4"}},"sign": "MC0CFQCTrLnW2A8z/NFsx7lr7Q9uTyBf9wIUcSb7QsoEOqBglicaIJZRp4Qx6kU="}
[2021-04-10 10:24:53,980][Result_assert.py 26][INFO]: $.message的实际结果:【成功】---->>预期结果:【成功】
[2021-04-10 10:24:54,004][Result_assert.py 26][INFO]: $.status的实际结果:【200】---->>预期结果:【200】
[2021-04-10 10:24:54,027][Result_assert.py 26][INFO]: $.data.rspParam.pubInfo.returnCode的实际结果:【710088】---->>预期结果:【710088】
[2021-04-10 10:24:54,050][Result_assert.py 26][INFO]: $.data.rspParam.pubInfo.returnMsg的实际结果:【账户及账本科目已开通，不能重复开通相同账本科目，建议更换合同编码。】---->>预期结果:【账户及账本科目已开通，不能重复开通相同账本科目，建议更换合同编码。】
[2021-04-10 10:24:54,051][test_OpenAccount.py 75][INFO]: ***********************  结束执行用例 *********************** 
