[2021-03-22 11:13:51,764][conftest.py 21][DEBUG]: 执行数据库初始化数据D:\app\AspBac\testdata\init_OpenAccount.sql
[2021-03-22 11:13:51,942][test_OpenAccount.py 31][INFO]: ***********************  开始执行用例 *********************** 
[2021-03-22 11:13:51,948][Bac_Reqx.py 26][INFO]: 重置节点列表：['$.pubInfo.reqTime=20210322111351']
[2021-03-22 11:13:52,797][test_OpenAccount.py 47][INFO]: 请求消息体: {"reqParam": {"pubInfo":{"systemCode":"ASPTEST2","msgVer":"1.0","reqTime":"20210322111351"},"openAcctInfo":{"userInfo":{"bindMobile":"15818640852","userId":"900002","email":"qiuhaiyang@139.com"},"normalAcctPayType":1,"contractInfo":{"contractId":"9000000000000200002"},"contractAcctPayType":1,"acctType":"10","validTime":"","customInfo":{"identityNumber":"100000002","customName":"OCE"},"invalidTime":"","busiTypeList":"16","creditWoffResume":1,"acctName":"陈国森2"}},"sign": "MC0CFQCTC1k3Of+BeSNPITz0/VnkTzKOZAIUItCWhTDvxI9nQY7GVwGMNbbm6KI="}
[2021-03-22 11:13:53,698][Result_assert.py 26][INFO]: $.message的实际结果:【成功】---->>预期结果:【成功】
[2021-03-22 11:13:53,723][Result_assert.py 26][INFO]: $.status的实际结果:【200】---->>预期结果:【200】
[2021-03-22 11:13:53,749][Result_assert.py 26][INFO]: $.data.rspParam.pubInfo.returnCode的实际结果:【0】---->>预期结果:【0】
[2021-03-22 11:13:53,776][Result_assert.py 26][INFO]: $.data.rspParam.pubInfo.returnMsg的实际结果:【成功】---->>预期结果:【成功】
[2021-03-22 11:13:54,194][Result_assert.py 42][INFO]: 数据库断言实际结果:【1】---->>预期结果:【1】
[2021-03-22 11:13:54,589][Result_assert.py 42][INFO]: 数据库断言实际结果:【1】---->>预期结果:【1】
[2021-03-22 11:13:54,990][Result_assert.py 42][INFO]: 数据库断言实际结果:【4】---->>预期结果:【4】
[2021-03-22 11:13:55,544][Result_assert.py 66][INFO]: 实际结果:【{"customid":110214073,"customname":"oce","customtype":"10","identitynumber":"100000002"}】---->>预期结果:【{"customid":110214073,"customname":"oce","customtype":"10","identitynumber":"100000002"}】
[2021-03-22 11:13:56,082][Result_assert.py 66][INFO]: 实际结果:【{"acctstatus":1,"createtime":1616342400000,"customid":110214073,"inneruserid":210214074,"useremail":"qiuhaiyang@139.com","userid":"900002","usermobile":"15818640852","username":"oce","usersource":"asptest2","usertype":"10"}】---->>预期结果:【{"acctstatus":1,"createtime":1616342400000,"customid":110214073,"inneruserid":210214074,"useremail":"qiuhaiyang@139.com","userid":"900002","usermobile":"15818640852","username":"oce","usersource":"asptest2","usertype":"10"}】
[2021-03-22 11:13:56,083][test_OpenAccount.py 75][INFO]: ***********************  结束执行用例 *********************** 
[2021-03-22 11:15:12,153][conftest.py 21][DEBUG]: 执行数据库初始化数据D:\app\AspBac\testdata\init_OpenAccount.sql
[2021-03-22 11:15:12,369][test_OpenAccount.py 31][INFO]: ***********************  开始执行用例 *********************** 
[2021-03-22 11:15:12,371][Bac_Reqx.py 26][INFO]: 重置节点列表：['$.pubInfo.reqTime=20210322111512']
[2021-03-22 11:15:13,014][test_OpenAccount.py 47][INFO]: 请求消息体: {"reqParam": {"pubInfo":{"systemCode":"ASPTEST2","msgVer":"1.0","reqTime":"20210322111512"},"openAcctInfo":{"userInfo":{"bindMobile":"15818640852","userId":"900002","email":"qiuhaiyang@139.com"},"normalAcctPayType":1,"contractInfo":{"contractId":"9000000000000200002"},"contractAcctPayType":1,"acctType":"10","validTime":"","customInfo":{"identityNumber":"100000002","customName":"OCE"},"invalidTime":"","busiTypeList":"16","creditWoffResume":1,"acctName":"陈国森2"}},"sign": "MCwCFHfS9p0IkSrwQdMHywU/WG9KGU1lAhQp7fmQuCgsBbya9jEqQu++sQFvzg=="}
[2021-03-22 11:15:13,920][Result_assert.py 26][INFO]: $.message的实际结果:【成功】---->>预期结果:【成功】
[2021-03-22 11:15:13,942][Result_assert.py 26][INFO]: $.status的实际结果:【200】---->>预期结果:【200】
[2021-03-22 11:15:13,963][Result_assert.py 26][INFO]: $.data.rspParam.pubInfo.returnCode的实际结果:【0】---->>预期结果:【0】
[2021-03-22 11:15:13,989][Result_assert.py 26][INFO]: $.data.rspParam.pubInfo.returnMsg的实际结果:【成功】---->>预期结果:【成功】
[2021-03-22 11:15:14,358][Result_assert.py 42][INFO]: 数据库断言实际结果:【1】---->>预期结果:【1】
[2021-03-22 11:15:14,726][Result_assert.py 42][INFO]: 数据库断言实际结果:【1】---->>预期结果:【1】
[2021-03-22 11:15:15,080][Result_assert.py 42][INFO]: 数据库断言实际结果:【4】---->>预期结果:【4】
[2021-03-22 11:15:15,519][Result_assert.py 66][INFO]: 实际结果:【{"customid":110214078,"customname":"oce","customtype":"10","identitynumber":"100000002"}】---->>预期结果:【{"customid":110214078,"customname":"oce","customtype":"10","identitynumber":"100000002"}】
[2021-03-22 11:15:15,919][Result_assert.py 66][INFO]: 实际结果:【{"acctstatus":1,"createtime":1616342400000,"customid":110214078,"inneruserid":210214079,"useremail":"qiuhaiyang@139.com","userid":"900002","usermobile":"15818640852","username":"oce","usersource":"asptest2","usertype":"10"}】---->>预期结果:【{"acctstatus":1,"createtime":1616342400000,"customid":110214078,"inneruserid":210214079,"useremail":"qiuhaiyang@139.com","userid":"900002","usermobile":"15818640852","username":"oce","usersource":"asptest2","usertype":"10"}】
[2021-03-22 11:15:15,919][test_OpenAccount.py 75][INFO]: ***********************  结束执行用例 *********************** 
[2021-03-22 11:15:15,935][test_OpenAccount.py 31][INFO]: ***********************  开始执行用例 *********************** 
[2021-03-22 11:15:15,936][Bac_Reqx.py 26][INFO]: 重置节点列表：['$.pubInfo.reqTime=20210322111515']
[2021-03-22 11:15:16,232][test_OpenAccount.py 47][INFO]: 请求消息体: {"reqParam": {"pubInfo":{"systemCode":"ASPTEST2","msgVer":"1.0","reqTime":"20210322111515"},"openAcctInfo":{"userInfo":{"bindMobile":"15818640853","userId":"900003","email":"qiuhaiyang@139.com"},"normalAcctPayType":1,"contractInfo":{"contractId":null},"contractAcctPayType":1,"acctType":"10","validTime":"","customInfo":{"identityNumber":"100000003","customName":"OCE"},"invalidTime":"","busiTypeList":"16","creditWoffResume":1,"acctName":"陈国森3"}},"sign": "MCwCFEAUHMHQdt1MHLq+Dmk0w1bCN6CVAhRLVxs+QT7WxQA8/dQGvAwIcbuPUw=="}
[2021-03-22 11:15:16,906][Result_assert.py 26][INFO]: $.message的实际结果:【成功】---->>预期结果:【成功】
[2021-03-22 11:15:16,927][Result_assert.py 26][INFO]: $.status的实际结果:【200】---->>预期结果:【200】
[2021-03-22 11:15:16,951][Result_assert.py 26][INFO]: $.data.rspParam.pubInfo.returnCode的实际结果:【0】---->>预期结果:【0】
[2021-03-22 11:15:16,973][Result_assert.py 26][INFO]: $.data.rspParam.pubInfo.returnMsg的实际结果:【成功】---->>预期结果:【成功】
[2021-03-22 11:15:17,432][Result_assert.py 42][INFO]: 数据库断言实际结果:【1】---->>预期结果:【1】
[2021-03-22 11:15:17,826][Result_assert.py 42][INFO]: 数据库断言实际结果:【0】---->>预期结果:【0】
[2021-03-22 11:15:18,197][Result_assert.py 42][INFO]: 数据库断言实际结果:【2】---->>预期结果:【2】
[2021-03-22 11:15:18,198][test_OpenAccount.py 75][INFO]: ***********************  结束执行用例 *********************** 
[2021-03-22 11:15:18,212][test_OpenAccount.py 31][INFO]: ***********************  开始执行用例 *********************** 
[2021-03-22 11:15:18,213][Bac_Reqx.py 26][INFO]: 重置节点列表：['$.pubInfo.reqTime=20210322111518']
[2021-03-22 11:15:18,386][test_OpenAccount.py 47][INFO]: 请求消息体: {"reqParam": {"pubInfo":{"systemCode":"ASPTEST2","msgVer":"1.0","reqTime":"20210322111518"},"openAcctInfo":{"userInfo":{"bindMobile":"15818640854","userId":"900004","email":"qiuhaiyang@139.com"},"normalAcctPayType":1,"contractInfo":{"contractId":"9000000000000200005"},"contractAcctPayType":1,"acctType":"10","validTime":"","customInfo":{"identityNumber":"100000005","customName":"OCE"},"invalidTime":"","busiTypeList":"16","creditWoffResume":1,"acctName":"陈国森4"}},"sign": "MCwCFAHLmrSa0Bhy01MqxXLBh5LiKxSEAhQvhGUJzGbkxaFSgF5biV3amHNJeA=="}
[2021-03-22 11:15:19,253][Result_assert.py 26][INFO]: $.message的实际结果:【成功】---->>预期结果:【成功】
[2021-03-22 11:15:19,274][Result_assert.py 26][INFO]: $.status的实际结果:【200】---->>预期结果:【200】
[2021-03-22 11:15:19,297][Result_assert.py 26][INFO]: $.data.rspParam.pubInfo.returnCode的实际结果:【0】---->>预期结果:【0】
[2021-03-22 11:15:19,323][Result_assert.py 26][INFO]: $.data.rspParam.pubInfo.returnMsg的实际结果:【成功】---->>预期结果:【成功】
[2021-03-22 11:15:19,668][Result_assert.py 42][INFO]: 数据库断言实际结果:【1】---->>预期结果:【1】
[2021-03-22 11:15:19,991][Result_assert.py 42][INFO]: 数据库断言实际结果:【1】---->>预期结果:【1】
[2021-03-22 11:15:20,432][Result_assert.py 42][INFO]: 数据库断言实际结果:【6】---->>预期结果:【6】
[2021-03-22 11:15:20,432][test_OpenAccount.py 75][INFO]: ***********************  结束执行用例 *********************** 
[2021-03-22 11:15:20,444][test_OpenAccount.py 31][INFO]: ***********************  开始执行用例 *********************** 
[2021-03-22 11:15:20,446][Bac_Reqx.py 26][INFO]: 重置节点列表：['$.pubInfo.reqTime=20210322111520']
[2021-03-22 11:15:20,637][test_OpenAccount.py 47][INFO]: 请求消息体: {"reqParam": {"pubInfo":{"systemCode":"ASPTEST2","msgVer":"1.0","reqTime":"20210322111520"},"openAcctInfo":{"userInfo":{"bindMobile":"15818640854","userId":"900006","email":"qiuhaiyang@139.com"},"normalAcctPayType":1,"contractInfo":{"contractId":"9000000000000200004"},"contractAcctPayType":1,"acctType":"10","validTime":"","customInfo":{"identityNumber":"100000004","customName":"OCE"},"invalidTime":"","busiTypeList":"13","creditWoffResume":1,"acctName":"陈国森6"}},"sign": "MCwCFGEB2dj6yJ41sNj8BjvTlsrxKs7EAhQ6JAAdqxf+u3eKhvANSonDcZu9Yg=="}
[2021-03-22 11:15:21,370][Result_assert.py 26][INFO]: $.message的实际结果:【成功】---->>预期结果:【成功】
[2021-03-22 11:15:21,395][Result_assert.py 26][INFO]: $.status的实际结果:【200】---->>预期结果:【200】
[2021-03-22 11:15:21,415][Result_assert.py 26][INFO]: $.data.rspParam.pubInfo.returnCode的实际结果:【0】---->>预期结果:【0】
[2021-03-22 11:15:21,465][Result_assert.py 26][INFO]: $.data.rspParam.pubInfo.returnMsg的实际结果:【成功】---->>预期结果:【成功】
[2021-03-22 11:15:21,898][Result_assert.py 42][INFO]: 数据库断言实际结果:【1】---->>预期结果:【1】
[2021-03-22 11:15:22,325][Result_assert.py 42][INFO]: 数据库断言实际结果:【1】---->>预期结果:【1】
[2021-03-22 11:15:22,717][Result_assert.py 42][INFO]: 数据库断言实际结果:【2】---->>预期结果:【2】
[2021-03-22 11:15:22,717][test_OpenAccount.py 75][INFO]: ***********************  结束执行用例 *********************** 
[2021-03-22 11:15:22,732][test_OpenAccount.py 31][INFO]: ***********************  开始执行用例 *********************** 
[2021-03-22 11:15:22,733][Bac_Reqx.py 26][INFO]: 重置节点列表：['$.pubInfo.reqTime=20210322111522']
[2021-03-22 11:15:22,927][test_OpenAccount.py 47][INFO]: 请求消息体: {"reqParam": {"pubInfo":{"systemCode":"ASPTEST2","msgVer":"1.0","reqTime":"20210322111522"},"openAcctInfo":{"userInfo":{"bindMobile":"15818640854","userId":"900004","email":"qiuhaiyang@139.com"},"normalAcctPayType":1,"contractInfo":{"contractId":"9000000000000200004"},"contractAcctPayType":1,"acctType":"10","validTime":"","customInfo":{"identityNumber":"100000004","customName":"OCE"},"invalidTime":"","busiTypeList":"13","creditWoffResume":1,"acctName":"陈国森4"}},"sign": "MCwCFBb0TVrWWQFJme/Opqben5YM8JxyAhR59VJGDtVPSR5UQFYm+yVy2beFVg=="}
[2021-03-22 11:15:23,329][Result_assert.py 26][INFO]: $.message的实际结果:【成功】---->>预期结果:【成功】
[2021-03-22 11:15:23,353][Result_assert.py 26][INFO]: $.status的实际结果:【200】---->>预期结果:【200】
[2021-03-22 11:15:23,377][Result_assert.py 26][INFO]: $.data.rspParam.pubInfo.returnCode的实际结果:【710088】---->>预期结果:【710088】
[2021-03-22 11:15:23,403][Result_assert.py 26][INFO]: $.data.rspParam.pubInfo.returnMsg的实际结果:【账户及账本科目已开通，不能重复开通相同账本科目，建议更换合同编码。】---->>预期结果:【账户及账本科目已开通，不能重复开通相同账本科目，建议更换合同编码。】
[2021-03-22 11:15:23,404][test_OpenAccount.py 75][INFO]: ***********************  结束执行用例 *********************** 
[2021-03-22 11:16:23,907][conftest.py 21][DEBUG]: 执行数据库初始化数据D:\app\AspBac\testdata\init_OpenAccount.sql
[2021-03-22 11:16:24,119][test_OpenAccount.py 31][INFO]: ***********************  开始执行用例 *********************** 
[2021-03-22 11:16:24,121][Bac_Reqx.py 26][INFO]: 重置节点列表：['$.pubInfo.reqTime=20210322111624']
[2021-03-22 11:16:24,786][test_OpenAccount.py 47][INFO]: 请求消息体: {"reqParam": {"pubInfo":{"systemCode":"ASPTEST2","msgVer":"1.0","reqTime":"20210322111624"},"openAcctInfo":{"userInfo":{"bindMobile":"15818640852","userId":"900002","email":"qiuhaiyang@139.com"},"normalAcctPayType":1,"contractInfo":{"contractId":"9000000000000200002"},"contractAcctPayType":1,"acctType":"10","validTime":"","customInfo":{"identityNumber":"100000002","customName":"OCE"},"invalidTime":"","busiTypeList":"16","creditWoffResume":1,"acctName":"陈国森2"}},"sign": "MCwCFHOHS5QN/oyAgiGHYH346YbxQ3ZqAhRY4KYnldRHmJp/bGg6aHO6rY6uPg=="}
[2021-03-22 11:16:25,732][Result_assert.py 26][INFO]: $.message的实际结果:【成功】---->>预期结果:【成功】
[2021-03-22 11:16:25,756][Result_assert.py 26][INFO]: $.status的实际结果:【200】---->>预期结果:【200】
[2021-03-22 11:16:25,781][Result_assert.py 26][INFO]: $.data.rspParam.pubInfo.returnCode的实际结果:【0】---->>预期结果:【0】
[2021-03-22 11:16:25,805][Result_assert.py 26][INFO]: $.data.rspParam.pubInfo.returnMsg的实际结果:【成功】---->>预期结果:【成功】
[2021-03-22 11:16:26,349][Result_assert.py 42][INFO]: 数据库断言实际结果:【1】---->>预期结果:【1】
[2021-03-22 11:16:26,828][Result_assert.py 42][INFO]: 数据库断言实际结果:【1】---->>预期结果:【1】
[2021-03-22 11:16:27,337][Result_assert.py 42][INFO]: 数据库断言实际结果:【4】---->>预期结果:【4】
[2021-03-22 11:16:27,789][Result_assert.py 62][INFO]: 实际结果:【{"customid":110214088,"customname":"oce","customtype":"10","identitynumber":"100000002"}】---->>预期结果:【{"customid":110214088,"customname":"oce","customtype":"10","identitynumber":"100000002"}】
[2021-03-22 11:16:28,247][Result_assert.py 62][INFO]: 实际结果:【{"acctstatus":1,"createtime":1616342400000,"customid":110214088,"inneruserid":210214089,"useremail":"qiuhaiyang@139.com","userid":"900002","usermobile":"15818640852","username":"oce","usersource":"asptest2","usertype":"10"}】---->>预期结果:【{"acctstatus":1,"createtime":1616342400000,"customid":110214088,"inneruserid":210214089,"useremail":"qiuhaiyang@139.com","userid":"900002","usermobile":"15818640852","username":"oce","usersource":"asptest2","usertype":"10"}】
[2021-03-22 11:16:28,446][test_OpenAccount.py 75][INFO]: ***********************  结束执行用例 *********************** 
[2021-03-22 11:16:28,469][test_OpenAccount.py 31][INFO]: ***********************  开始执行用例 *********************** 
[2021-03-22 11:16:28,471][Bac_Reqx.py 26][INFO]: 重置节点列表：['$.pubInfo.reqTime=20210322111628']
[2021-03-22 11:16:28,700][test_OpenAccount.py 47][INFO]: 请求消息体: {"reqParam": {"pubInfo":{"systemCode":"ASPTEST2","msgVer":"1.0","reqTime":"20210322111628"},"openAcctInfo":{"userInfo":{"bindMobile":"15818640853","userId":"900003","email":"qiuhaiyang@139.com"},"normalAcctPayType":1,"contractInfo":{"contractId":null},"contractAcctPayType":1,"acctType":"10","validTime":"","customInfo":{"identityNumber":"100000003","customName":"OCE"},"invalidTime":"","busiTypeList":"16","creditWoffResume":1,"acctName":"陈国森3"}},"sign": "MCwCFFsSLWgJ59mzFStDyFDVwhu1jIBnAhRrnQy150QEfQUOxl8cFliE3xoRSQ=="}
[2021-03-22 11:16:29,366][Result_assert.py 26][INFO]: $.message的实际结果:【成功】---->>预期结果:【成功】
[2021-03-22 11:16:29,391][Result_assert.py 26][INFO]: $.status的实际结果:【200】---->>预期结果:【200】
[2021-03-22 11:16:29,417][Result_assert.py 26][INFO]: $.data.rspParam.pubInfo.returnCode的实际结果:【0】---->>预期结果:【0】
[2021-03-22 11:16:29,444][Result_assert.py 26][INFO]: $.data.rspParam.pubInfo.returnMsg的实际结果:【成功】---->>预期结果:【成功】
[2021-03-22 11:16:29,794][Result_assert.py 42][INFO]: 数据库断言实际结果:【1】---->>预期结果:【1】
[2021-03-22 11:16:30,186][Result_assert.py 42][INFO]: 数据库断言实际结果:【0】---->>预期结果:【0】
[2021-03-22 11:16:30,762][Result_assert.py 42][INFO]: 数据库断言实际结果:【2】---->>预期结果:【2】
[2021-03-22 11:16:30,763][test_OpenAccount.py 75][INFO]: ***********************  结束执行用例 *********************** 
[2021-03-22 11:16:30,780][test_OpenAccount.py 31][INFO]: ***********************  开始执行用例 *********************** 
[2021-03-22 11:16:30,781][Bac_Reqx.py 26][INFO]: 重置节点列表：['$.pubInfo.reqTime=20210322111630']
[2021-03-22 11:16:30,943][test_OpenAccount.py 47][INFO]: 请求消息体: {"reqParam": {"pubInfo":{"systemCode":"ASPTEST2","msgVer":"1.0","reqTime":"20210322111630"},"openAcctInfo":{"userInfo":{"bindMobile":"15818640854","userId":"900004","email":"qiuhaiyang@139.com"},"normalAcctPayType":1,"contractInfo":{"contractId":"9000000000000200005"},"contractAcctPayType":1,"acctType":"10","validTime":"","customInfo":{"identityNumber":"100000005","customName":"OCE"},"invalidTime":"","busiTypeList":"16","creditWoffResume":1,"acctName":"陈国森4"}},"sign": "MCwCFEJBFuXVarsQxgLmdYiVjaAiJudYAhQbqWq1d+zk9w+sSI6DKCGVrjIt2A=="}
[2021-03-22 11:16:31,650][Result_assert.py 26][INFO]: $.message的实际结果:【成功】---->>预期结果:【成功】
[2021-03-22 11:16:31,671][Result_assert.py 26][INFO]: $.status的实际结果:【200】---->>预期结果:【200】
[2021-03-22 11:16:31,697][Result_assert.py 26][INFO]: $.data.rspParam.pubInfo.returnCode的实际结果:【0】---->>预期结果:【0】
[2021-03-22 11:16:31,726][Result_assert.py 26][INFO]: $.data.rspParam.pubInfo.returnMsg的实际结果:【成功】---->>预期结果:【成功】
[2021-03-22 11:16:32,262][Result_assert.py 42][INFO]: 数据库断言实际结果:【1】---->>预期结果:【1】
[2021-03-22 11:16:32,672][Result_assert.py 42][INFO]: 数据库断言实际结果:【1】---->>预期结果:【1】
[2021-03-22 11:16:33,008][Result_assert.py 42][INFO]: 数据库断言实际结果:【6】---->>预期结果:【6】
[2021-03-22 11:16:33,009][test_OpenAccount.py 75][INFO]: ***********************  结束执行用例 *********************** 
[2021-03-22 11:16:33,023][test_OpenAccount.py 31][INFO]: ***********************  开始执行用例 *********************** 
[2021-03-22 11:16:33,025][Bac_Reqx.py 26][INFO]: 重置节点列表：['$.pubInfo.reqTime=20210322111633']
[2021-03-22 11:16:33,210][test_OpenAccount.py 47][INFO]: 请求消息体: {"reqParam": {"pubInfo":{"systemCode":"ASPTEST2","msgVer":"1.0","reqTime":"20210322111633"},"openAcctInfo":{"userInfo":{"bindMobile":"15818640854","userId":"900006","email":"qiuhaiyang@139.com"},"normalAcctPayType":1,"contractInfo":{"contractId":"9000000000000200004"},"contractAcctPayType":1,"acctType":"10","validTime":"","customInfo":{"identityNumber":"100000004","customName":"OCE"},"invalidTime":"","busiTypeList":"13","creditWoffResume":1,"acctName":"陈国森6"}},"sign": "MC0CFQCG7OIlrgHB7BvjKl47Ekb0XZv40QIUVD2wFMm3/lGISt3T8TBQhY55VqY="}
[2021-03-22 11:16:33,871][Result_assert.py 26][INFO]: $.message的实际结果:【成功】---->>预期结果:【成功】
[2021-03-22 11:16:33,893][Result_assert.py 26][INFO]: $.status的实际结果:【200】---->>预期结果:【200】
[2021-03-22 11:16:33,915][Result_assert.py 26][INFO]: $.data.rspParam.pubInfo.returnCode的实际结果:【0】---->>预期结果:【0】
[2021-03-22 11:16:33,936][Result_assert.py 26][INFO]: $.data.rspParam.pubInfo.returnMsg的实际结果:【成功】---->>预期结果:【成功】
[2021-03-22 11:16:34,535][Result_assert.py 42][INFO]: 数据库断言实际结果:【1】---->>预期结果:【1】
[2021-03-22 11:16:34,908][Result_assert.py 42][INFO]: 数据库断言实际结果:【1】---->>预期结果:【1】
[2021-03-22 11:16:35,379][Result_assert.py 42][INFO]: 数据库断言实际结果:【2】---->>预期结果:【2】
[2021-03-22 11:16:35,380][test_OpenAccount.py 75][INFO]: ***********************  结束执行用例 *********************** 
[2021-03-22 11:16:35,394][test_OpenAccount.py 31][INFO]: ***********************  开始执行用例 *********************** 
[2021-03-22 11:16:35,395][Bac_Reqx.py 26][INFO]: 重置节点列表：['$.pubInfo.reqTime=20210322111635']
[2021-03-22 11:16:35,587][test_OpenAccount.py 47][INFO]: 请求消息体: {"reqParam": {"pubInfo":{"systemCode":"ASPTEST2","msgVer":"1.0","reqTime":"20210322111635"},"openAcctInfo":{"userInfo":{"bindMobile":"15818640854","userId":"900004","email":"qiuhaiyang@139.com"},"normalAcctPayType":1,"contractInfo":{"contractId":"9000000000000200004"},"contractAcctPayType":1,"acctType":"10","validTime":"","customInfo":{"identityNumber":"100000004","customName":"OCE"},"invalidTime":"","busiTypeList":"13","creditWoffResume":1,"acctName":"陈国森4"}},"sign": "MC0CFF40CcScNEHnrHwHc70pGXC91CZGAhUAi9Wm7RP4lYrFTioC+NlBXh3jzOI="}
[2021-03-22 11:16:36,376][Result_assert.py 26][INFO]: $.message的实际结果:【成功】---->>预期结果:【成功】
[2021-03-22 11:16:36,398][Result_assert.py 26][INFO]: $.status的实际结果:【200】---->>预期结果:【200】
[2021-03-22 11:16:36,425][Result_assert.py 26][INFO]: $.data.rspParam.pubInfo.returnCode的实际结果:【710088】---->>预期结果:【710088】
[2021-03-22 11:16:36,445][Result_assert.py 26][INFO]: $.data.rspParam.pubInfo.returnMsg的实际结果:【账户及账本科目已开通，不能重复开通相同账本科目，建议更换合同编码。】---->>预期结果:【账户及账本科目已开通，不能重复开通相同账本科目，建议更换合同编码。】
[2021-03-22 11:16:36,447][test_OpenAccount.py 75][INFO]: ***********************  结束执行用例 *********************** 
