[2021-04-06 16:08:42,768][conftest.py 21][DEBUG]: 执行数据库初始化数据D:\app\AspBac\testdata\init_OpenAccount.sql
[2021-04-06 16:08:42,986][test_OpenAccount.py 31][INFO]: ***********************  开始执行用例 *********************** 
[2021-04-06 16:08:42,993][Bac_Reqx.py 26][INFO]: 重置节点列表：['$.pubInfo.reqTime=20210406160842']
[2021-04-06 16:08:44,121][test_OpenAccount.py 47][INFO]: 请求消息体: {"reqParam": {"pubInfo":{"systemCode":"ASPTEST2","msgVer":"1.0","reqTime":"20210406160842"},"openAcctInfo":{"userInfo":{"bindMobile":"15818640852","userId":"900002","email":"qiuhaiyang@139.com"},"normalAcctPayType":1,"contractInfo":{"contractId":"9000000000000200002"},"contractAcctPayType":1,"acctType":"10","validTime":"","customInfo":{"identityNumber":"100000002","customName":"OCE"},"invalidTime":"","busiTypeList":"16","creditWoffResume":1,"acctName":"陈国森2"}},"sign": "MCwCFGQVWxIaWZBze3ZA72bxJLo0d92qAhQSp260Sf6CS8Zft1MO6VamEPn1Mw=="}
[2021-04-06 16:08:46,024][Result_assert.py 26][INFO]: $.message的实际结果:【成功】---->>预期结果:【成功】
[2021-04-06 16:08:46,049][Result_assert.py 26][INFO]: $.status的实际结果:【200】---->>预期结果:【200】
[2021-04-06 16:08:46,072][Result_assert.py 26][INFO]: $.data.rspParam.pubInfo.returnCode的实际结果:【0】---->>预期结果:【0】
[2021-04-06 16:08:46,100][Result_assert.py 26][INFO]: $.data.rspParam.pubInfo.returnMsg的实际结果:【成功】---->>预期结果:【成功】
[2021-04-06 16:08:46,499][Result_assert.py 42][INFO]: 数据库断言实际结果:【1】---->>预期结果:【1】
[2021-04-06 16:08:46,831][Result_assert.py 42][INFO]: 数据库断言实际结果:【1】---->>预期结果:【1】
[2021-04-06 16:08:47,231][Result_assert.py 42][INFO]: 数据库断言实际结果:【4】---->>预期结果:【4】
[2021-04-06 16:08:47,852][Result_assert.py 62][INFO]: 实际结果:【{"customid":110214768,"customname":"oce","customtype":"10","identitynumber":"100000002"}】---->>预期结果:【{"customid":110214768,"customname":"oce","customtype":"10","identitynumber":"100000002"}】
[2021-04-06 16:08:48,289][Result_assert.py 62][INFO]: 实际结果:【{"acctstatus":1,"createtime":1617638400000,"customid":110214768,"inneruserid":210214769,"useremail":"qiuhaiyang@139.com","userid":"900002","usermobile":"15818640852","username":"oce","usersource":"asptest2","usertype":"10"}】---->>预期结果:【{"acctstatus":1,"createtime":1617638400000,"customid":110214768,"inneruserid":210214769,"useremail":"qiuhaiyang@139.com","userid":"900002","usermobile":"15818640852","username":"oce","usersource":"asptest2","usertype":"10"}】
[2021-04-06 16:08:48,313][test_OpenAccount.py 75][INFO]: ***********************  结束执行用例 *********************** 
[2021-04-06 16:08:48,349][test_OpenAccount.py 31][INFO]: ***********************  开始执行用例 *********************** 
[2021-04-06 16:08:48,350][Bac_Reqx.py 26][INFO]: 重置节点列表：['$.pubInfo.reqTime=20210406160848']
[2021-04-06 16:08:48,618][test_OpenAccount.py 47][INFO]: 请求消息体: {"reqParam": {"pubInfo":{"systemCode":"ASPTEST2","msgVer":"1.0","reqTime":"20210406160848"},"openAcctInfo":{"userInfo":{"bindMobile":"15818640853","userId":"900003","email":"qiuhaiyang@139.com"},"normalAcctPayType":1,"contractInfo":{"contractId":null},"contractAcctPayType":1,"acctType":"10","validTime":"","customInfo":{"identityNumber":"100000003","customName":"OCE"},"invalidTime":"","busiTypeList":"16","creditWoffResume":1,"acctName":"陈国森3"}},"sign": "MCwCFH/AAd+HAS6O5mtsWNVbRq47P14SAhQuMWvUfjWmvnlKdAVx32TeblVpng=="}
[2021-04-06 16:08:49,321][Result_assert.py 26][INFO]: $.message的实际结果:【成功】---->>预期结果:【成功】
[2021-04-06 16:08:49,347][Result_assert.py 26][INFO]: $.status的实际结果:【200】---->>预期结果:【200】
[2021-04-06 16:08:49,371][Result_assert.py 26][INFO]: $.data.rspParam.pubInfo.returnCode的实际结果:【0】---->>预期结果:【0】
[2021-04-06 16:08:49,397][Result_assert.py 26][INFO]: $.data.rspParam.pubInfo.returnMsg的实际结果:【成功】---->>预期结果:【成功】
[2021-04-06 16:08:49,770][Result_assert.py 42][INFO]: 数据库断言实际结果:【1】---->>预期结果:【1】
[2021-04-06 16:08:50,154][Result_assert.py 42][INFO]: 数据库断言实际结果:【0】---->>预期结果:【0】
[2021-04-06 16:08:50,681][Result_assert.py 42][INFO]: 数据库断言实际结果:【2】---->>预期结果:【2】
[2021-04-06 16:08:50,682][test_OpenAccount.py 75][INFO]: ***********************  结束执行用例 *********************** 
[2021-04-06 16:08:50,696][test_OpenAccount.py 31][INFO]: ***********************  开始执行用例 *********************** 
[2021-04-06 16:08:50,697][Bac_Reqx.py 26][INFO]: 重置节点列表：['$.pubInfo.reqTime=20210406160850']
[2021-04-06 16:08:50,921][test_OpenAccount.py 47][INFO]: 请求消息体: {"reqParam": {"pubInfo":{"systemCode":"ASPTEST2","msgVer":"1.0","reqTime":"20210406160850"},"openAcctInfo":{"userInfo":{"bindMobile":"15818640854","userId":"900004","email":"qiuhaiyang@139.com"},"normalAcctPayType":1,"contractInfo":{"contractId":"9000000000000200005"},"contractAcctPayType":1,"acctType":"10","validTime":"","customInfo":{"identityNumber":"100000005","customName":"OCE"},"invalidTime":"","busiTypeList":"16","creditWoffResume":1,"acctName":"陈国森4"}},"sign": "MCwCFGLYwTGb8F7mO7s15jGlfORjMciYAhRQJQX9ScYT/ox/0JojX+DTVD+mwg=="}
[2021-04-06 16:08:51,579][Result_assert.py 26][INFO]: $.message的实际结果:【成功】---->>预期结果:【成功】
[2021-04-06 16:08:51,605][Result_assert.py 26][INFO]: $.status的实际结果:【200】---->>预期结果:【200】
[2021-04-06 16:08:51,634][Result_assert.py 26][INFO]: $.data.rspParam.pubInfo.returnCode的实际结果:【0】---->>预期结果:【0】
[2021-04-06 16:08:51,661][Result_assert.py 26][INFO]: $.data.rspParam.pubInfo.returnMsg的实际结果:【成功】---->>预期结果:【成功】
[2021-04-06 16:08:51,981][Result_assert.py 42][INFO]: 数据库断言实际结果:【1】---->>预期结果:【1】
[2021-04-06 16:08:52,272][Result_assert.py 42][INFO]: 数据库断言实际结果:【1】---->>预期结果:【1】
[2021-04-06 16:08:52,728][Result_assert.py 42][INFO]: 数据库断言实际结果:【6】---->>预期结果:【6】
[2021-04-06 16:08:52,728][test_OpenAccount.py 75][INFO]: ***********************  结束执行用例 *********************** 
[2021-04-06 16:08:52,745][test_OpenAccount.py 31][INFO]: ***********************  开始执行用例 *********************** 
[2021-04-06 16:08:52,748][Bac_Reqx.py 26][INFO]: 重置节点列表：['$.pubInfo.reqTime=20210406160852']
[2021-04-06 16:08:52,958][test_OpenAccount.py 47][INFO]: 请求消息体: {"reqParam": {"pubInfo":{"systemCode":"ASPTEST2","msgVer":"1.0","reqTime":"20210406160852"},"openAcctInfo":{"userInfo":{"bindMobile":"15818640854","userId":"900006","email":"qiuhaiyang@139.com"},"normalAcctPayType":1,"contractInfo":{"contractId":"9000000000000200004"},"contractAcctPayType":1,"acctType":"10","validTime":"","customInfo":{"identityNumber":"100000004","customName":"OCE"},"invalidTime":"","busiTypeList":"13","creditWoffResume":1,"acctName":"陈国森6"}},"sign": "MCwCFAi+KBSUv/ldcgPHRLyldJklg4AGAhQKe5qzYvj+wN9VsWhmu1pLz4Ik2g=="}
[2021-04-06 16:08:53,603][Result_assert.py 26][INFO]: $.message的实际结果:【成功】---->>预期结果:【成功】
[2021-04-06 16:08:53,636][Result_assert.py 26][INFO]: $.status的实际结果:【200】---->>预期结果:【200】
[2021-04-06 16:08:53,665][Result_assert.py 26][INFO]: $.data.rspParam.pubInfo.returnCode的实际结果:【0】---->>预期结果:【0】
[2021-04-06 16:08:53,695][Result_assert.py 26][INFO]: $.data.rspParam.pubInfo.returnMsg的实际结果:【成功】---->>预期结果:【成功】
[2021-04-06 16:08:54,070][Result_assert.py 42][INFO]: 数据库断言实际结果:【1】---->>预期结果:【1】
[2021-04-06 16:08:54,400][Result_assert.py 42][INFO]: 数据库断言实际结果:【1】---->>预期结果:【1】
[2021-04-06 16:08:54,837][Result_assert.py 42][INFO]: 数据库断言实际结果:【2】---->>预期结果:【2】
[2021-04-06 16:08:54,838][test_OpenAccount.py 75][INFO]: ***********************  结束执行用例 *********************** 
[2021-04-06 16:08:54,855][test_OpenAccount.py 31][INFO]: ***********************  开始执行用例 *********************** 
[2021-04-06 16:08:54,856][Bac_Reqx.py 26][INFO]: 重置节点列表：['$.pubInfo.reqTime=20210406160854']
[2021-04-06 16:08:55,142][test_OpenAccount.py 47][INFO]: 请求消息体: {"reqParam": {"pubInfo":{"systemCode":"ASPTEST2","msgVer":"1.0","reqTime":"20210406160854"},"openAcctInfo":{"userInfo":{"bindMobile":"15818640854","userId":"900004","email":"qiuhaiyang@139.com"},"normalAcctPayType":1,"contractInfo":{"contractId":"9000000000000200004"},"contractAcctPayType":1,"acctType":"10","validTime":"","customInfo":{"identityNumber":"100000004","customName":"OCE"},"invalidTime":"","busiTypeList":"13","creditWoffResume":1,"acctName":"陈国森4"}},"sign": "MC0CFAuMoActYRWI53K4RahowdI8e0r9AhUAiPNkI2J6ibzjJsbLCzBvwKc1XFw="}
[2021-04-06 16:08:55,805][Result_assert.py 26][INFO]: $.message的实际结果:【成功】---->>预期结果:【成功】
[2021-04-06 16:08:55,838][Result_assert.py 26][INFO]: $.status的实际结果:【200】---->>预期结果:【200】
[2021-04-06 16:08:55,870][Result_assert.py 26][INFO]: $.data.rspParam.pubInfo.returnCode的实际结果:【710088】---->>预期结果:【710088】
[2021-04-06 16:08:55,905][Result_assert.py 26][INFO]: $.data.rspParam.pubInfo.returnMsg的实际结果:【账户及账本科目已开通，不能重复开通相同账本科目，建议更换合同编码。】---->>预期结果:【账户及账本科目已开通，不能重复开通相同账本科目，建议更换合同编码。】
[2021-04-06 16:08:55,906][test_OpenAccount.py 75][INFO]: ***********************  结束执行用例 *********************** 
[2021-04-06 16:40:13,397][conftest.py 21][DEBUG]: 执行数据库初始化数据D:\app\AspBac\testdata\init_OpenAccount.sql
[2021-04-06 16:40:19,866][test_OpenAccount.py 31][INFO]: ***********************  开始执行用例 *********************** 
[2021-04-06 16:40:19,870][Bac_Reqx.py 26][INFO]: 重置节点列表：['$.pubInfo.reqTime=20210406164019']
[2021-04-06 16:40:20,813][test_OpenAccount.py 47][INFO]: 请求消息体: {"reqParam": {"pubInfo":{"systemCode":"ASPTEST2","msgVer":"1.0","reqTime":"20210406164019"},"openAcctInfo":{"userInfo":{"bindMobile":"15818640852","userId":"900002","email":"qiuhaiyang@139.com"},"normalAcctPayType":1,"contractInfo":{"contractId":"9000000000000200002"},"contractAcctPayType":1,"acctType":"10","validTime":"","customInfo":{"identityNumber":"100000002","customName":"OCE"},"invalidTime":"","busiTypeList":"16","creditWoffResume":1,"acctName":"陈国森2"}},"sign": "MCwCFH/86ss465odpNpk8w+hWXsEIkonAhQEYRMyjPPmVtjnP3Ox+yCbuYUAdQ=="}
[2021-04-06 16:40:22,586][Result_assert.py 26][INFO]: $.message的实际结果:【成功】---->>预期结果:【成功】
[2021-04-06 16:40:22,630][Result_assert.py 26][INFO]: $.status的实际结果:【200】---->>预期结果:【200】
[2021-04-06 16:40:22,655][Result_assert.py 26][INFO]: $.data.rspParam.pubInfo.returnCode的实际结果:【0】---->>预期结果:【0】
[2021-04-06 16:40:22,685][Result_assert.py 26][INFO]: $.data.rspParam.pubInfo.returnMsg的实际结果:【成功】---->>预期结果:【成功】
[2021-04-06 16:40:24,353][Result_assert.py 42][INFO]: 数据库断言实际结果:【1】---->>预期结果:【1】
[2021-04-06 16:40:26,524][Result_assert.py 42][INFO]: 数据库断言实际结果:【1】---->>预期结果:【1】
[2021-04-06 16:40:28,869][Result_assert.py 42][INFO]: 数据库断言实际结果:【4】---->>预期结果:【4】
[2021-04-06 16:40:33,342][Result_assert.py 62][INFO]: 实际结果:【{"customid":110214778,"customname":"oce","customtype":"10","identitynumber":"100000002"}】---->>预期结果:【{"customid":110214778,"customname":"oce","customtype":"10","identitynumber":"100000002"}】
[2021-04-06 16:40:37,051][Result_assert.py 62][INFO]: 实际结果:【{"acctstatus":1,"createtime":1617638400000,"customid":110214778,"inneruserid":210214779,"useremail":"qiuhaiyang@139.com","userid":"900002","usermobile":"15818640852","username":"oce","usersource":"asptest2","usertype":"10"}】---->>预期结果:【{"acctstatus":1,"createtime":1617638400000,"customid":110214778,"inneruserid":210214779,"useremail":"qiuhaiyang@139.com","userid":"900002","usermobile":"15818640852","username":"oce","usersource":"asptest2","usertype":"10"}】
[2021-04-06 16:40:37,240][test_OpenAccount.py 75][INFO]: ***********************  结束执行用例 *********************** 
[2021-04-06 16:40:37,265][test_OpenAccount.py 31][INFO]: ***********************  开始执行用例 *********************** 
[2021-04-06 16:40:37,267][Bac_Reqx.py 26][INFO]: 重置节点列表：['$.pubInfo.reqTime=20210406164037']
[2021-04-06 16:40:37,617][test_OpenAccount.py 47][INFO]: 请求消息体: {"reqParam": {"pubInfo":{"systemCode":"ASPTEST2","msgVer":"1.0","reqTime":"20210406164037"},"openAcctInfo":{"userInfo":{"bindMobile":"15818640853","userId":"900003","email":"qiuhaiyang@139.com"},"normalAcctPayType":1,"contractInfo":{"contractId":null},"contractAcctPayType":1,"acctType":"10","validTime":"","customInfo":{"identityNumber":"100000003","customName":"OCE"},"invalidTime":"","busiTypeList":"16","creditWoffResume":1,"acctName":"陈国森3"}},"sign": "MC0CFHKqT7PtjgORisklupPIVZhOQiLcAhUAiHl64lLuJFhsvuu4vBl0wzTo+V4="}
[2021-04-06 16:40:38,490][Result_assert.py 26][INFO]: $.message的实际结果:【成功】---->>预期结果:【成功】
[2021-04-06 16:40:38,521][Result_assert.py 26][INFO]: $.status的实际结果:【200】---->>预期结果:【200】
[2021-04-06 16:40:38,549][Result_assert.py 26][INFO]: $.data.rspParam.pubInfo.returnCode的实际结果:【0】---->>预期结果:【0】
[2021-04-06 16:40:38,580][Result_assert.py 26][INFO]: $.data.rspParam.pubInfo.returnMsg的实际结果:【成功】---->>预期结果:【成功】
[2021-04-06 16:40:40,031][Result_assert.py 42][INFO]: 数据库断言实际结果:【1】---->>预期结果:【1】
[2021-04-06 16:40:42,225][Result_assert.py 42][INFO]: 数据库断言实际结果:【0】---->>预期结果:【0】
[2021-04-06 16:40:46,055][Result_assert.py 42][INFO]: 数据库断言实际结果:【2】---->>预期结果:【2】
[2021-04-06 16:40:46,056][test_OpenAccount.py 75][INFO]: ***********************  结束执行用例 *********************** 
[2021-04-06 16:40:46,092][test_OpenAccount.py 31][INFO]: ***********************  开始执行用例 *********************** 
[2021-04-06 16:40:46,094][Bac_Reqx.py 26][INFO]: 重置节点列表：['$.pubInfo.reqTime=20210406164046']
[2021-04-06 16:40:46,311][test_OpenAccount.py 47][INFO]: 请求消息体: {"reqParam": {"pubInfo":{"systemCode":"ASPTEST2","msgVer":"1.0","reqTime":"20210406164046"},"openAcctInfo":{"userInfo":{"bindMobile":"15818640854","userId":"900004","email":"qiuhaiyang@139.com"},"normalAcctPayType":1,"contractInfo":{"contractId":"9000000000000200005"},"contractAcctPayType":1,"acctType":"10","validTime":"","customInfo":{"identityNumber":"100000005","customName":"OCE"},"invalidTime":"","busiTypeList":"16","creditWoffResume":1,"acctName":"陈国森4"}},"sign": "MCwCFBdHM0hw1TObua1ZDGIRW0q7V0aEAhR4FODJKmDsokTay58fKgn/lL2+Yw=="}
[2021-04-06 16:40:49,876][Result_assert.py 26][INFO]: $.message的实际结果:【成功】---->>预期结果:【成功】
[2021-04-06 16:40:49,908][Result_assert.py 26][INFO]: $.status的实际结果:【200】---->>预期结果:【200】
[2021-04-06 16:40:49,950][Result_assert.py 26][INFO]: $.data.rspParam.pubInfo.returnCode的实际结果:【0】---->>预期结果:【0】
[2021-04-06 16:40:49,981][Result_assert.py 26][INFO]: $.data.rspParam.pubInfo.returnMsg的实际结果:【成功】---->>预期结果:【成功】
[2021-04-06 16:40:51,957][Result_assert.py 42][INFO]: 数据库断言实际结果:【1】---->>预期结果:【1】
[2021-04-06 16:40:53,959][Result_assert.py 42][INFO]: 数据库断言实际结果:【1】---->>预期结果:【1】
[2021-04-06 16:40:55,541][Result_assert.py 42][INFO]: 数据库断言实际结果:【6】---->>预期结果:【6】
[2021-04-06 16:40:55,544][test_OpenAccount.py 75][INFO]: ***********************  结束执行用例 *********************** 
[2021-04-06 16:40:55,629][test_OpenAccount.py 31][INFO]: ***********************  开始执行用例 *********************** 
[2021-04-06 16:40:55,631][Bac_Reqx.py 26][INFO]: 重置节点列表：['$.pubInfo.reqTime=20210406164055']
[2021-04-06 16:40:55,866][test_OpenAccount.py 47][INFO]: 请求消息体: {"reqParam": {"pubInfo":{"systemCode":"ASPTEST2","msgVer":"1.0","reqTime":"20210406164055"},"openAcctInfo":{"userInfo":{"bindMobile":"15818640854","userId":"900006","email":"qiuhaiyang@139.com"},"normalAcctPayType":1,"contractInfo":{"contractId":"9000000000000200004"},"contractAcctPayType":1,"acctType":"10","validTime":"","customInfo":{"identityNumber":"100000004","customName":"OCE"},"invalidTime":"","busiTypeList":"13","creditWoffResume":1,"acctName":"陈国森6"}},"sign": "MCwCFAO1XYzEC1vJjE4mip10NFE1MVtlAhQ3bBU2pF2lPmvyy9C+Q8/F1Dpp9Q=="}
[2021-04-06 16:40:57,304][Result_assert.py 26][INFO]: $.message的实际结果:【成功】---->>预期结果:【成功】
[2021-04-06 16:40:57,337][Result_assert.py 26][INFO]: $.status的实际结果:【200】---->>预期结果:【200】
[2021-04-06 16:40:57,369][Result_assert.py 26][INFO]: $.data.rspParam.pubInfo.returnCode的实际结果:【0】---->>预期结果:【0】
[2021-04-06 16:40:57,394][Result_assert.py 26][INFO]: $.data.rspParam.pubInfo.returnMsg的实际结果:【成功】---->>预期结果:【成功】
[2021-04-06 16:40:58,816][Result_assert.py 42][INFO]: 数据库断言实际结果:【1】---->>预期结果:【1】
[2021-04-06 16:40:59,626][Result_assert.py 42][INFO]: 数据库断言实际结果:【1】---->>预期结果:【1】
[2021-04-06 16:41:01,931][Result_assert.py 42][INFO]: 数据库断言实际结果:【2】---->>预期结果:【2】
[2021-04-06 16:41:01,934][test_OpenAccount.py 75][INFO]: ***********************  结束执行用例 *********************** 
[2021-04-06 16:41:02,017][test_OpenAccount.py 31][INFO]: ***********************  开始执行用例 *********************** 
[2021-04-06 16:41:02,019][Bac_Reqx.py 26][INFO]: 重置节点列表：['$.pubInfo.reqTime=20210406164102']
[2021-04-06 16:41:02,291][test_OpenAccount.py 47][INFO]: 请求消息体: {"reqParam": {"pubInfo":{"systemCode":"ASPTEST2","msgVer":"1.0","reqTime":"20210406164102"},"openAcctInfo":{"userInfo":{"bindMobile":"15818640854","userId":"900004","email":"qiuhaiyang@139.com"},"normalAcctPayType":1,"contractInfo":{"contractId":"9000000000000200004"},"contractAcctPayType":1,"acctType":"10","validTime":"","customInfo":{"identityNumber":"100000004","customName":"OCE"},"invalidTime":"","busiTypeList":"13","creditWoffResume":1,"acctName":"陈国森4"}},"sign": "MCwCFHouilhEWuN18+vONUWalg4MN/8UAhRYaNNcCEyjqNlXOjREf2AE7GN6pA=="}
[2021-04-06 16:41:03,678][Result_assert.py 26][INFO]: $.message的实际结果:【成功】---->>预期结果:【成功】
[2021-04-06 16:41:03,705][Result_assert.py 26][INFO]: $.status的实际结果:【200】---->>预期结果:【200】
[2021-04-06 16:41:03,737][Result_assert.py 26][INFO]: $.data.rspParam.pubInfo.returnCode的实际结果:【710088】---->>预期结果:【710088】
[2021-04-06 16:41:03,762][Result_assert.py 26][INFO]: $.data.rspParam.pubInfo.returnMsg的实际结果:【账户及账本科目已开通，不能重复开通相同账本科目，建议更换合同编码。】---->>预期结果:【账户及账本科目已开通，不能重复开通相同账本科目，建议更换合同编码。】
[2021-04-06 16:41:03,764][test_OpenAccount.py 75][INFO]: ***********************  结束执行用例 *********************** 
