[2021-03-24 10:37:47,488][conftest.py 21][DEBUG]: 执行数据库初始化数据D:\app\AspBac\testdata\init_OpenAccount.sql
[2021-03-24 10:37:47,595][test_OpenAccount.py 31][INFO]: ***********************  开始执行用例 *********************** 
[2021-03-24 10:37:47,596][Bac_Reqx.py 26][INFO]: 重置节点列表：['$.pubInfo.reqTime=20210324103747']
[2021-03-24 10:37:48,510][test_OpenAccount.py 47][INFO]: 请求消息体: {"reqParam": {"pubInfo":{"systemCode":"ASPTEST2","msgVer":"1.0","reqTime":"20210324103747"},"openAcctInfo":{"userInfo":{"bindMobile":"15818640852","userId":"900002","email":"qiuhaiyang@139.com"},"normalAcctPayType":1,"contractInfo":{"contractId":"9000000000000200002"},"contractAcctPayType":1,"acctType":"10","validTime":"","customInfo":{"identityNumber":"100000002","customName":"OCE"},"invalidTime":"","busiTypeList":"16","creditWoffResume":1,"acctName":"陈国森2"}},"sign": "MCwCFAbI31ZoBnbTlosVqEczH/UDgjHlAhQCCI70bbkWB7hGv2iDrogrijuxHQ=="}
[2021-03-24 10:37:50,203][Result_assert.py 26][INFO]: $.message的实际结果:【成功】---->>预期结果:【成功】
[2021-03-24 10:37:50,231][Result_assert.py 26][INFO]: $.status的实际结果:【200】---->>预期结果:【200】
[2021-03-24 10:37:50,256][Result_assert.py 26][INFO]: $.data.rspParam.pubInfo.returnCode的实际结果:【0】---->>预期结果:【0】
[2021-03-24 10:37:50,280][Result_assert.py 26][INFO]: $.data.rspParam.pubInfo.returnMsg的实际结果:【成功】---->>预期结果:【成功】
[2021-03-24 10:37:50,889][Result_assert.py 42][INFO]: 数据库断言实际结果:【1】---->>预期结果:【1】
[2021-03-24 10:37:51,246][Result_assert.py 42][INFO]: 数据库断言实际结果:【1】---->>预期结果:【1】
[2021-03-24 10:37:51,645][Result_assert.py 42][INFO]: 数据库断言实际结果:【4】---->>预期结果:【4】
[2021-03-24 10:37:52,033][Result_assert.py 62][INFO]: 实际结果:【{"customid":110214223,"customname":"oce","customtype":"10","identitynumber":"100000002"}】---->>预期结果:【{"customid":110214223,"customname":"oce","customtype":"10","identitynumber":"100000002"}】
[2021-03-24 10:37:52,546][Result_assert.py 62][INFO]: 实际结果:【{"acctstatus":1,"createtime":1616515200000,"customid":110214223,"inneruserid":210214224,"useremail":"qiuhaiyang@139.com","userid":"900002","usermobile":"15818640852","username":"oce","usersource":"asptest2","usertype":"10"}】---->>预期结果:【{"acctstatus":1,"createtime":1616515200000,"customid":110214223,"inneruserid":210214224,"useremail":"qiuhaiyang@139.com","userid":"900002","usermobile":"15818640852","username":"oce","usersource":"asptest2","usertype":"10"}】
[2021-03-24 10:37:52,583][test_OpenAccount.py 75][INFO]: ***********************  结束执行用例 *********************** 
[2021-03-24 10:37:52,628][test_OpenAccount.py 31][INFO]: ***********************  开始执行用例 *********************** 
[2021-03-24 10:37:52,629][Bac_Reqx.py 26][INFO]: 重置节点列表：['$.pubInfo.reqTime=20210324103752']
[2021-03-24 10:37:52,826][test_OpenAccount.py 47][INFO]: 请求消息体: {"reqParam": {"pubInfo":{"systemCode":"ASPTEST2","msgVer":"1.0","reqTime":"20210324103752"},"openAcctInfo":{"userInfo":{"bindMobile":"15818640853","userId":"900003","email":"qiuhaiyang@139.com"},"normalAcctPayType":1,"contractInfo":{"contractId":null},"contractAcctPayType":1,"acctType":"10","validTime":"","customInfo":{"identityNumber":"100000003","customName":"OCE"},"invalidTime":"","busiTypeList":"16","creditWoffResume":1,"acctName":"陈国森3"}},"sign": "MCwCFG0PeCaA7pKZ8HbFRKTuH9gfxDv7AhQFv45jxyYcy00vuxrpcjI7lmHqow=="}
[2021-03-24 10:37:53,497][Result_assert.py 26][INFO]: $.message的实际结果:【成功】---->>预期结果:【成功】
[2021-03-24 10:37:53,519][Result_assert.py 26][INFO]: $.status的实际结果:【200】---->>预期结果:【200】
[2021-03-24 10:37:53,541][Result_assert.py 26][INFO]: $.data.rspParam.pubInfo.returnCode的实际结果:【0】---->>预期结果:【0】
[2021-03-24 10:37:53,566][Result_assert.py 26][INFO]: $.data.rspParam.pubInfo.returnMsg的实际结果:【成功】---->>预期结果:【成功】
[2021-03-24 10:37:53,846][Result_assert.py 42][INFO]: 数据库断言实际结果:【1】---->>预期结果:【1】
[2021-03-24 10:37:54,050][Result_assert.py 42][INFO]: 数据库断言实际结果:【0】---->>预期结果:【0】
[2021-03-24 10:37:54,408][Result_assert.py 42][INFO]: 数据库断言实际结果:【2】---->>预期结果:【2】
[2021-03-24 10:37:54,408][test_OpenAccount.py 75][INFO]: ***********************  结束执行用例 *********************** 
[2021-03-24 10:37:54,425][test_OpenAccount.py 31][INFO]: ***********************  开始执行用例 *********************** 
[2021-03-24 10:37:54,426][Bac_Reqx.py 26][INFO]: 重置节点列表：['$.pubInfo.reqTime=20210324103754']
[2021-03-24 10:37:54,623][test_OpenAccount.py 47][INFO]: 请求消息体: {"reqParam": {"pubInfo":{"systemCode":"ASPTEST2","msgVer":"1.0","reqTime":"20210324103754"},"openAcctInfo":{"userInfo":{"bindMobile":"15818640854","userId":"900004","email":"qiuhaiyang@139.com"},"normalAcctPayType":1,"contractInfo":{"contractId":"9000000000000200005"},"contractAcctPayType":1,"acctType":"10","validTime":"","customInfo":{"identityNumber":"100000005","customName":"OCE"},"invalidTime":"","busiTypeList":"16","creditWoffResume":1,"acctName":"陈国森4"}},"sign": "MCwCFGD8/Vp0lGlbx0fH7LwAWU4pF32AAhQe7ZNshri2rmDt1hyE8lYgzi7VNg=="}
[2021-03-24 10:37:55,421][Result_assert.py 26][INFO]: $.message的实际结果:【成功】---->>预期结果:【成功】
[2021-03-24 10:37:55,443][Result_assert.py 26][INFO]: $.status的实际结果:【200】---->>预期结果:【200】
[2021-03-24 10:37:55,469][Result_assert.py 26][INFO]: $.data.rspParam.pubInfo.returnCode的实际结果:【0】---->>预期结果:【0】
[2021-03-24 10:37:55,495][Result_assert.py 26][INFO]: $.data.rspParam.pubInfo.returnMsg的实际结果:【成功】---->>预期结果:【成功】
[2021-03-24 10:37:55,916][Result_assert.py 42][INFO]: 数据库断言实际结果:【1】---->>预期结果:【1】
[2021-03-24 10:37:56,410][Result_assert.py 42][INFO]: 数据库断言实际结果:【1】---->>预期结果:【1】
[2021-03-24 10:37:56,656][Result_assert.py 42][INFO]: 数据库断言实际结果:【6】---->>预期结果:【6】
[2021-03-24 10:37:56,656][test_OpenAccount.py 75][INFO]: ***********************  结束执行用例 *********************** 
[2021-03-24 10:37:56,679][test_OpenAccount.py 31][INFO]: ***********************  开始执行用例 *********************** 
[2021-03-24 10:37:56,681][Bac_Reqx.py 26][INFO]: 重置节点列表：['$.pubInfo.reqTime=20210324103756']
[2021-03-24 10:37:57,071][test_OpenAccount.py 47][INFO]: 请求消息体: {"reqParam": {"pubInfo":{"systemCode":"ASPTEST2","msgVer":"1.0","reqTime":"20210324103756"},"openAcctInfo":{"userInfo":{"bindMobile":"15818640854","userId":"900006","email":"qiuhaiyang@139.com"},"normalAcctPayType":1,"contractInfo":{"contractId":"9000000000000200004"},"contractAcctPayType":1,"acctType":"10","validTime":"","customInfo":{"identityNumber":"100000004","customName":"OCE"},"invalidTime":"","busiTypeList":"13","creditWoffResume":1,"acctName":"陈国森6"}},"sign": "MCwCFDHWM+kvnHiPhtSjdsrv/Sy31a5HAhQsUfle2SWgeAHf4YRp62fsQ6CKxA=="}
[2021-03-24 10:37:57,820][Result_assert.py 26][INFO]: $.message的实际结果:【成功】---->>预期结果:【成功】
[2021-03-24 10:37:57,868][Result_assert.py 26][INFO]: $.status的实际结果:【200】---->>预期结果:【200】
[2021-03-24 10:37:57,914][Result_assert.py 26][INFO]: $.data.rspParam.pubInfo.returnCode的实际结果:【0】---->>预期结果:【0】
[2021-03-24 10:37:57,960][Result_assert.py 26][INFO]: $.data.rspParam.pubInfo.returnMsg的实际结果:【成功】---->>预期结果:【成功】
[2021-03-24 10:37:58,435][Result_assert.py 42][INFO]: 数据库断言实际结果:【1】---->>预期结果:【1】
[2021-03-24 10:37:58,768][Result_assert.py 42][INFO]: 数据库断言实际结果:【1】---->>预期结果:【1】
[2021-03-24 10:37:58,998][Result_assert.py 42][INFO]: 数据库断言实际结果:【2】---->>预期结果:【2】
[2021-03-24 10:37:58,998][test_OpenAccount.py 75][INFO]: ***********************  结束执行用例 *********************** 
[2021-03-24 10:37:59,022][test_OpenAccount.py 31][INFO]: ***********************  开始执行用例 *********************** 
[2021-03-24 10:37:59,025][Bac_Reqx.py 26][INFO]: 重置节点列表：['$.pubInfo.reqTime=20210324103759']
[2021-03-24 10:37:59,458][test_OpenAccount.py 47][INFO]: 请求消息体: {"reqParam": {"pubInfo":{"systemCode":"ASPTEST2","msgVer":"1.0","reqTime":"20210324103759"},"openAcctInfo":{"userInfo":{"bindMobile":"15818640854","userId":"900004","email":"qiuhaiyang@139.com"},"normalAcctPayType":1,"contractInfo":{"contractId":"9000000000000200004"},"contractAcctPayType":1,"acctType":"10","validTime":"","customInfo":{"identityNumber":"100000004","customName":"OCE"},"invalidTime":"","busiTypeList":"13","creditWoffResume":1,"acctName":"陈国森4"}},"sign": "MCsCEwU4Y1xb41sNVtCfTQ8jpRTCeLkCFGGAk+anGNkIe0eFjWQr2I+WPSAK"}
[2021-03-24 10:38:00,143][Result_assert.py 26][INFO]: $.message的实际结果:【成功】---->>预期结果:【成功】
[2021-03-24 10:38:00,201][Result_assert.py 26][INFO]: $.status的实际结果:【200】---->>预期结果:【200】
[2021-03-24 10:38:00,246][Result_assert.py 26][INFO]: $.data.rspParam.pubInfo.returnCode的实际结果:【710088】---->>预期结果:【710088】
[2021-03-24 10:38:00,297][Result_assert.py 26][INFO]: $.data.rspParam.pubInfo.returnMsg的实际结果:【账户及账本科目已开通，不能重复开通相同账本科目，建议更换合同编码。】---->>预期结果:【账户及账本科目已开通，不能重复开通相同账本科目，建议更换合同编码。】
[2021-03-24 10:38:00,298][test_OpenAccount.py 75][INFO]: ***********************  结束执行用例 *********************** 
