[2021-03-20 00:07:53,388][conftest.py 21][DEBUG]: 执行数据库初始化数据D:\app\AspBac\testdata\init_OpenAccount.sql
[2021-03-20 00:07:54,565][test_OpenAccount.py 31][INFO]: ***********************  开始执行用例 *********************** 
[2021-03-20 00:07:54,567][Bac_Reqx.py 26][INFO]: 重置节点列表：['$.pubInfo.reqTime=20210320000754']
[2021-03-20 00:07:55,305][test_OpenAccount.py 47][INFO]: 请求消息体: {"reqParam": {"pubInfo":{"systemCode":"ASPTEST2","msgVer":"1.0","reqTime":"20210320000754"},"openAcctInfo":{"userInfo":{"bindMobile":"15818640852","userId":"900002","email":"qiuhaiyang@139.com"},"normalAcctPayType":1,"contractInfo":{"contractId":"9000000000000200002"},"contractAcctPayType":1,"acctType":"10","validTime":"","customInfo":{"identityNumber":"100000002","customName":"OCE"},"invalidTime":"","busiTypeList":"16","creditWoffResume":1,"acctName":"陈国森2"}},"sign": "MCwCFBYmxR9xOaCWraohqkVNl1DEAistAhQbWyqjOr2zUXOmL2Qj1oO1abXcBQ=="}
[2021-03-20 00:07:56,209][Result_assert.py 26][INFO]: $.message的实际结果:【成功】---->>预期结果:【成功】
[2021-03-20 00:07:56,239][Result_assert.py 26][INFO]: $.status的实际结果:【200】---->>预期结果:【200】
[2021-03-20 00:07:56,259][Result_assert.py 26][INFO]: $.data.rspParam.pubInfo.returnCode的实际结果:【0】---->>预期结果:【0】
[2021-03-20 00:07:56,291][Result_assert.py 26][INFO]: $.data.rspParam.pubInfo.returnMsg的实际结果:【成功】---->>预期结果:【成功】
[2021-03-20 00:07:56,892][Result_assert.py 42][INFO]: 数据库断言实际结果:【1】---->>预期结果:【1】
[2021-03-20 00:07:57,411][Result_assert.py 42][INFO]: 数据库断言实际结果:【1】---->>预期结果:【1】
[2021-03-20 00:07:58,106][Result_assert.py 42][INFO]: 数据库断言实际结果:【4】---->>预期结果:【4】
[2021-03-20 00:08:01,168][Result_assert.py 66][INFO]: 实际结果:【{"customid":110214037,"customname":"oce","customtype":"10","identitynumber":"100000002"}】---->>预期结果:【{"customid":110214037,"customname":"oce","customtype":"10","identitynumber":"100000002"}】
[2021-03-20 00:13:14,047][conftest.py 21][DEBUG]: 执行数据库初始化数据D:\app\AspBac\testdata\init_OpenAccount.sql
[2021-03-20 00:13:15,468][test_OpenAccount.py 31][INFO]: ***********************  开始执行用例 *********************** 
[2021-03-20 00:13:15,471][Bac_Reqx.py 26][INFO]: 重置节点列表：['$.pubInfo.reqTime=20210320001315']
[2021-03-20 00:13:16,183][test_OpenAccount.py 47][INFO]: 请求消息体: {"reqParam": {"pubInfo":{"systemCode":"ASPTEST2","msgVer":"1.0","reqTime":"20210320001315"},"openAcctInfo":{"userInfo":{"bindMobile":"15818640852","userId":"900002","email":"qiuhaiyang@139.com"},"normalAcctPayType":1,"contractInfo":{"contractId":"9000000000000200002"},"contractAcctPayType":1,"acctType":"10","validTime":"","customInfo":{"identityNumber":"100000002","customName":"OCE"},"invalidTime":"","busiTypeList":"16","creditWoffResume":1,"acctName":"陈国森2"}},"sign": "MCwCFDhyDx9Ne0T+1YclJZ42X2mx4WIGAhRGmeqPQoNHlOCmE7SgwqLxWi/kCg=="}
[2021-03-20 00:13:17,488][Result_assert.py 26][INFO]: $.message的实际结果:【成功】---->>预期结果:【成功】
[2021-03-20 00:13:17,514][Result_assert.py 26][INFO]: $.status的实际结果:【200】---->>预期结果:【200】
[2021-03-20 00:13:17,537][Result_assert.py 26][INFO]: $.data.rspParam.pubInfo.returnCode的实际结果:【0】---->>预期结果:【0】
[2021-03-20 00:13:17,562][Result_assert.py 26][INFO]: $.data.rspParam.pubInfo.returnMsg的实际结果:【成功】---->>预期结果:【成功】
[2021-03-20 00:13:18,381][Result_assert.py 42][INFO]: 数据库断言实际结果:【1】---->>预期结果:【1】
[2021-03-20 00:13:19,137][Result_assert.py 42][INFO]: 数据库断言实际结果:【1】---->>预期结果:【1】
[2021-03-20 00:13:19,961][Result_assert.py 42][INFO]: 数据库断言实际结果:【4】---->>预期结果:【4】
[2021-03-20 00:13:23,288][Result_assert.py 66][INFO]: 实际结果:【{"customid":110214041,"customname":"oce","customtype":"10","identitynumber":"100000002"}】---->>预期结果:【{"customid":110214041,"customname":"oce","customtype":"10","identitynumber":"100000002"}】
[2021-03-20 00:13:24,594][Result_assert.py 66][INFO]: 实际结果:【{"acctstatus":1,"createtime":1616169600000,"customid":110214041,"inneruserid":210214042,"useremail":"qiuhaiyang@139.com","userid":"900002","usermobile":"15818640852","username":"oce","usersource":"asptest2","usertype":"10"}】---->>预期结果:【{"acctstatus":1,"createtime":1616169600000,"customid":110214041,"inneruserid":210214042,"useremail":"qiuhaiyang@139.com","userid":"900002","usermobile":"15818640852","username":"oce","usersource":"asptest2","usertype":"10"}】
[2021-03-20 00:13:24,596][test_OpenAccount.py 75][INFO]: ***********************  结束执行用例 *********************** 
[2021-03-20 11:19:07,367][conftest.py 21][DEBUG]: 执行数据库初始化数据D:\app\AspBac\testdata\init_OpenAccount.sql
[2021-03-20 11:19:09,037][test_OpenAccount.py 31][INFO]: ***********************  开始执行用例 *********************** 
[2021-03-20 11:19:09,039][Bac_Reqx.py 26][INFO]: 重置节点列表：['$.pubInfo.reqTime=20210320111909']
[2021-03-20 11:19:09,837][test_OpenAccount.py 47][INFO]: 请求消息体: {"reqParam": {"pubInfo":{"systemCode":"ASPTEST2","msgVer":"1.0","reqTime":"20210320111909"},"openAcctInfo":{"userInfo":{"bindMobile":"15818640852","userId":"900002","email":"qiuhaiyang@139.com"},"normalAcctPayType":1,"contractInfo":{"contractId":"9000000000000200002"},"contractAcctPayType":1,"acctType":"10","validTime":"","customInfo":{"identityNumber":"100000002","customName":"OCE"},"invalidTime":"","busiTypeList":"16","creditWoffResume":1,"acctName":"陈国森2"}},"sign": "MCwCFBB46IEZt7KkJF9VO3Vf94gQQERDAhRsPmpzUMO7WZdFqhJfQMmkgPIywA=="}
[2021-03-20 11:19:11,584][Result_assert.py 26][INFO]: $.message的实际结果:【成功】---->>预期结果:【成功】
[2021-03-20 11:19:11,607][Result_assert.py 26][INFO]: $.status的实际结果:【200】---->>预期结果:【200】
[2021-03-20 11:19:11,633][Result_assert.py 26][INFO]: $.data.rspParam.pubInfo.returnCode的实际结果:【0】---->>预期结果:【0】
[2021-03-20 11:19:11,654][Result_assert.py 26][INFO]: $.data.rspParam.pubInfo.returnMsg的实际结果:【成功】---->>预期结果:【成功】
[2021-03-20 11:19:12,397][Result_assert.py 42][INFO]: 数据库断言实际结果:【1】---->>预期结果:【1】
[2021-03-20 11:19:13,152][Result_assert.py 42][INFO]: 数据库断言实际结果:【1】---->>预期结果:【1】
[2021-03-20 11:19:13,730][Result_assert.py 42][INFO]: 数据库断言实际结果:【4】---->>预期结果:【4】
[2021-03-20 11:19:14,641][Result_assert.py 66][INFO]: 实际结果:【{"customid":110214045,"customname":"oce","customtype":"10","identitynumber":"100000002"}】---->>预期结果:【{"customid":110214045,"customname":"oce","customtype":"10","identitynumber":"100000002"}】
[2021-03-20 11:19:15,941][Result_assert.py 66][INFO]: 实际结果:【{"acctstatus":1,"createtime":1616169600000,"customid":110214045,"inneruserid":210214046,"useremail":"qiuhaiyang@139.com","userid":"900002","usermobile":"15818640852","username":"oce","usersource":"asptest2","usertype":"10"}】---->>预期结果:【{"acctstatus":1,"createtime":1616169600000,"customid":110214045,"inneruserid":210214046,"useremail":"qiuhaiyang@139.com","userid":"900002","usermobile":"15818640852","username":"oce","usersource":"asptest2","usertype":"10"}】
[2021-03-20 11:19:15,942][test_OpenAccount.py 75][INFO]: ***********************  结束执行用例 *********************** 
