[2021-03-07 00:03:21,187][test_OpenAccount.py 28][INFO]: ***********************  开始执行用例 *********************** 
[2021-03-07 00:03:21,189][bnhi_Reqx.py 30][INFO]: 重置节点列表：['$.pubInfo.reqTime=20210307000321']
[2021-03-07 00:03:21,814][test_OpenAccount.py 44][INFO]: 请求消息体: { "reqParam":{"pubInfo":{"systemCode":"ASPTEST2","msgVer":"1.0","reqTime":"20210307000321"},"openAcctInfo":{"userInfo":{"bindMobile":"13632580952","userId":"101688","email":"qiuhaiyang@139.com"},"normalAcctPayType":1,"contractInfo":{"contractId":"90066688"},"contractAcctPayType":1,"acctType":"10","validTime":"","customInfo":{"identityNumber":"110020219","customName":"OCE"},"invalidTime":"","busiTypeList":"16","creditWoffResume":1,"acctName":""}},"sign":"MCwCFBNnwQxedV3IjlO7hozuBpJblGg8AhRM69hKCDJ6BfWnnilnMRphrjS2rg=="}
[2021-03-07 00:03:21,822][test_OpenAccount.py 49][INFO]: 请求URL: http://10.1.5.150:5566/bacservice/OpenAccount
[2021-03-07 00:05:57,569][test_OpenAccount.py 28][INFO]: ***********************  开始执行用例 *********************** 
[2021-03-07 00:05:57,570][bnhi_Reqx.py 30][INFO]: 重置节点列表：['$.pubInfo.reqTime=20210307000557']
[2021-03-07 00:05:58,176][test_OpenAccount.py 44][INFO]: 请求消息体: { "reqParam":{"pubInfo":{"systemCode":"ASPTEST2","msgVer":"1.0","reqTime":"20210307000557"},"openAcctInfo":{"userInfo":{"bindMobile":"13632580952","userId":"101688","email":"qiuhaiyang@139.com"},"normalAcctPayType":1,"contractInfo":{"contractId":"90066688"},"contractAcctPayType":1,"acctType":"10","validTime":"","customInfo":{"identityNumber":"110020219","customName":"OCE"},"invalidTime":"","busiTypeList":"16","creditWoffResume":1,"acctName":""}},"sign":"MC4CFQCNXMRXC/kNXflgeTxrq3YLYtZETQIVAI8yg7cjrB+h9kdY0ru0PZy7EOVz"}
[2021-03-07 00:05:58,187][test_OpenAccount.py 49][INFO]: 请求URL: http://10.1.5.150:5566/bacservice/OpenAccount
[2021-03-07 00:10:32,736][test_OpenAccount.py 28][INFO]: ***********************  开始执行用例 *********************** 
[2021-03-07 00:10:32,750][bnhi_Reqx.py 30][INFO]: 重置节点列表：['$.pubInfo.reqTime=20210307001032']
[2021-03-07 00:10:33,394][test_OpenAccount.py 44][INFO]: 请求消息体: { "reqParam":{"pubInfo":{"systemCode":"ASPTEST2","msgVer":"1.0","reqTime":"20210307001032"},"openAcctInfo":{"userInfo":{"bindMobile":"13632580952","userId":"101688","email":"qiuhaiyang@139.com"},"normalAcctPayType":1,"contractInfo":{"contractId":"90066688"},"contractAcctPayType":1,"acctType":"10","validTime":"","customInfo":{"identityNumber":"110020219","customName":"OCE"},"invalidTime":"","busiTypeList":"16","creditWoffResume":1,"acctName":""}},"sign":"MCwCFFka9KBcDZi56D1R3kVRFbPfdRfDAhRMEz9SCd+hJJ8VTahIUquQOHElfQ=="}
[2021-03-07 00:10:33,406][test_OpenAccount.py 49][INFO]: 请求URL: http://10.1.5.150:5566/bacservice/OpenAccount
[2021-03-07 00:14:22,270][test_OpenAccount.py 28][INFO]: ***********************  开始执行用例 *********************** 
[2021-03-07 00:14:22,272][bnhi_Reqx.py 30][INFO]: 重置节点列表：['$.pubInfo.reqTime=20210307001422']
[2021-03-07 00:14:22,888][test_OpenAccount.py 44][INFO]: 请求消息体: { "reqParam":{"pubInfo":{"systemCode":"ASPTEST2","msgVer":"1.0","reqTime":"20210307001422"},"openAcctInfo":{"userInfo":{"bindMobile":"13794482016","userId":"100888","email":"qiuhaiyang@139.com"},"normalAcctPayType":1,"contractInfo":{"contractId":"9000000000000107779"},"contractAcctPayType":1,"acctType":"10","validTime":"","customInfo":{"identityNumber":"110020219","customName":"OCE"},"invalidTime":"","busiTypeList":"16","creditWoffResume":1,"acctName":""}},"sign":"MCwCFHiU4iWecXEapTpf67rWQnBTW6dfAhRomrbjOG8qK/pZOPHNUrKOrnP3uw=="}
[2021-03-07 00:14:22,890][test_OpenAccount.py 49][INFO]: 请求URL: http://10.1.5.150:5566/bacservice/OpenAccount
[2021-03-07 00:16:14,546][test_OpenAccount.py 28][INFO]: ***********************  开始执行用例 *********************** 
[2021-03-07 00:16:14,547][bnhi_Reqx.py 30][INFO]: 重置节点列表：['$.pubInfo.reqTime=20210307001614']
[2021-03-07 00:16:15,157][test_OpenAccount.py 44][INFO]: 请求消息体: { "reqParam":{"pubInfo":{"systemCode":"ASPTEST2","msgVer":"1.0","reqTime":"20210307001614"},"openAcctInfo":{"userInfo":{"bindMobile":"13794482016","userId":"100888","email":"qiuhaiyang@139.com"},"normalAcctPayType":1,"contractInfo":{"contractId":"9000000000000107779"},"contractAcctPayType":1,"acctType":"10","validTime":"","customInfo":{"identityNumber":"110020219","customName":"OCE"},"invalidTime":"","busiTypeList":"16","creditWoffResume":1,"acctName":""}},"sign":"MCwCFEpqJEOTSymeKnxcFAmb4ZxPALGpAhRDCxeGowTR9VbPPjYgOS5MhD2ESg=="}
[2021-03-07 00:16:15,160][test_OpenAccount.py 49][INFO]: 请求URL: http://10.1.5.150:5566/bacservice/OpenAccount
[2021-03-07 00:17:26,214][test_OpenAccount.py 28][INFO]: ***********************  开始执行用例 *********************** 
[2021-03-07 00:17:26,216][bnhi_Reqx.py 30][INFO]: 重置节点列表：['$.pubInfo.reqTime=20210307001726']
[2021-03-07 00:17:26,835][test_OpenAccount.py 44][INFO]: 请求消息体: { "reqParam":{"pubInfo":{"systemCode":"ASPTEST2","msgVer":"1.0","reqTime":"20210307001726"},"openAcctInfo":{"userInfo":{"bindMobile":"13794482016","userId":"100888","email":"qiuhaiyang@139.com"},"normalAcctPayType":1,"contractInfo":{"contractId":"9000000000000107779"},"contractAcctPayType":1,"acctType":"10","validTime":"","customInfo":{"identityNumber":"110020219","customName":"OCE"},"invalidTime":"","busiTypeList":"16","creditWoffResume":1,"acctName":""}},"sign":"MC0CFQCSvb0X0epRveogHrsNz3L+B0ICDgIUR1je7WpqmSRnfPNrwUX0/Kg3RFU="}
[2021-03-07 00:17:26,845][test_OpenAccount.py 49][INFO]: 请求URL: http://10.1.5.150:5566/bacservice/OpenAccount
[2021-03-07 00:22:03,541][test_OpenAccount.py 28][INFO]: ***********************  开始执行用例 *********************** 
[2021-03-07 00:22:03,543][bnhi_Reqx.py 30][INFO]: 重置节点列表：['$.pubInfo.reqTime=20210307002203']
[2021-03-07 00:22:04,170][test_OpenAccount.py 44][INFO]: 请求消息体: { "reqParam":{"pubInfo":{"systemCode":"ASPTEST2","msgVer":"1.0","reqTime":"20210307002203"},"openAcctInfo":{"userInfo":{"bindMobile":"13794482016","userId":"100888","email":"qiuhaiyang@139.com"},"normalAcctPayType":1,"contractInfo":{"contractId":"9000000000000107779"},"contractAcctPayType":1,"acctType":"10","validTime":"","customInfo":{"identityNumber":"110020219","customName":"OCE"},"invalidTime":"","busiTypeList":"16","creditWoffResume":1,"acctName":""}},"sign":"MC0CFGSJS0BZK+z3BtotKeqCOLroccNRAhUAh/7nScmWXe2tPslyANfR2Mw2AcM="}
[2021-03-07 00:22:04,177][test_OpenAccount.py 49][INFO]: 请求URL: http://10.1.5.150:5566/bacservice/OpenAccount
[2021-03-07 00:22:04,735][JSONLibrary.py 157][INFO]: $.message的实际结果:【成功】---->>预期结果:【成功】
[2021-03-07 00:22:04,757][JSONLibrary.py 157][INFO]: $.status的实际结果:【200】---->>预期结果:【200】
[2021-03-07 00:23:16,814][test_OpenAccount.py 28][INFO]: ***********************  开始执行用例 *********************** 
[2021-03-07 00:23:16,815][bnhi_Reqx.py 30][INFO]: 重置节点列表：['$.pubInfo.reqTime=20210307002316']
[2021-03-07 00:23:17,427][test_OpenAccount.py 44][INFO]: 请求消息体: { "reqParam":{"pubInfo":{"systemCode":"ASPTEST2","msgVer":"1.0","reqTime":"20210307002316"},"openAcctInfo":{"userInfo":{"bindMobile":"13794482016","userId":"100888","email":"qiuhaiyang@139.com"},"normalAcctPayType":1,"contractInfo":{"contractId":"9000000000000107779"},"contractAcctPayType":1,"acctType":"10","validTime":"","customInfo":{"identityNumber":"110020219","customName":"OCE"},"invalidTime":"","busiTypeList":"16","creditWoffResume":1,"acctName":""}},"sign":"MC4CFQCPC9RdQJMTFzjzt9OrRq77wyaBCgIVAIhbwl5NvbCpCEwXUrChAQ9BXp6a"}
[2021-03-07 00:23:17,438][test_OpenAccount.py 49][INFO]: 请求URL: http://10.1.5.150:5566/bacservice/OpenAccount
[2021-03-07 00:23:18,053][JSONLibrary.py 157][INFO]: $.message的实际结果:【成功】---->>预期结果:【成功】
[2021-03-07 00:23:18,077][JSONLibrary.py 157][INFO]: $.status的实际结果:【200】---->>预期结果:【200】
[2021-03-07 00:24:08,680][test_OpenAccount.py 28][INFO]: ***********************  开始执行用例 *********************** 
[2021-03-07 00:24:08,681][bnhi_Reqx.py 30][INFO]: 重置节点列表：['$.pubInfo.reqTime=20210307002408']
[2021-03-07 00:24:09,296][test_OpenAccount.py 44][INFO]: 请求消息体: { "reqParam":{"pubInfo":{"systemCode":"ASPTEST2","msgVer":"1.0","reqTime":"20210307002408"},"openAcctInfo":{"userInfo":{"bindMobile":"13794482016","userId":"100888","email":"qiuhaiyang@139.com"},"normalAcctPayType":1,"contractInfo":{"contractId":"9000000000000107779"},"contractAcctPayType":1,"acctType":"10","validTime":"","customInfo":{"identityNumber":"110020219","customName":"OCE"},"invalidTime":"","busiTypeList":"16","creditWoffResume":1,"acctName":""}},"sign":"MCwCFBcW3CGKT2o48f2GeGfLGMP0c9nhAhQL/Ud5YL+dsMt1N14EzOgX1SttTw=="}
[2021-03-07 00:24:09,298][test_OpenAccount.py 49][INFO]: 请求URL: http://10.1.5.150:5566/bacservice/OpenAccount
[2021-03-07 00:24:09,815][JSONLibrary.py 157][INFO]: $.message的实际结果:【成功】---->>预期结果:【成功】
[2021-03-07 00:24:09,846][JSONLibrary.py 157][INFO]: $.status的实际结果:【200】---->>预期结果:【200】
[2021-03-07 00:25:12,709][test_OpenAccount.py 28][INFO]: ***********************  开始执行用例 *********************** 
[2021-03-07 00:25:12,710][bnhi_Reqx.py 30][INFO]: 重置节点列表：['$.pubInfo.reqTime=20210307002512']
[2021-03-07 00:25:13,312][test_OpenAccount.py 44][INFO]: 请求消息体: { "reqParam":{"pubInfo":{"systemCode":"ASPTEST2","msgVer":"1.0","reqTime":"20210307002512"},"openAcctInfo":{"userInfo":{"bindMobile":"13794482016","userId":"100888","email":"qiuhaiyang@139.com"},"normalAcctPayType":1,"contractInfo":{"contractId":"9000000000000107779"},"contractAcctPayType":1,"acctType":"10","validTime":"","customInfo":{"identityNumber":"110020219","customName":"OCE"},"invalidTime":"","busiTypeList":"16","creditWoffResume":1,"acctName":""}},"sign":"MC0CFQCU7aFFf0MZGmA3Dm94BMVB5RpjWwIUX1Sb4jvGVug+8XDTE6Hh5LMneHM="}
[2021-03-07 00:25:13,330][test_OpenAccount.py 49][INFO]: 请求URL: http://10.1.5.150:5566/bacservice/OpenAccount
[2021-03-07 00:25:13,963][JSONLibrary.py 157][INFO]: $.message的实际结果:【成功】---->>预期结果:【成功】
[2021-03-07 00:25:14,005][JSONLibrary.py 157][INFO]: $.status的实际结果:【200】---->>预期结果:【200】
[2021-03-07 00:25:14,025][JSONLibrary.py 157][INFO]: $.data.rspParam.pubInfo.returnCode的实际结果:【710088】---->>预期结果:【710088】
[2021-03-07 00:25:14,049][JSONLibrary.py 157][INFO]: $.data.rspParam.pubInfo.returnMsg的实际结果:【账户及账本科目已开通，不能重复开通相同账本科目，建议更换合同编码。】---->>预期结果:【账户及账本科目已开通，不能重复开通相同账本科目，建议更换合同编码。】
[2021-03-07 00:32:28,861][test_OpenAccount.py 28][INFO]: ***********************  开始执行用例 *********************** 
[2021-03-07 00:32:28,874][bnhi_Reqx.py 30][INFO]: 重置节点列表：['$.pubInfo.reqTime=20210307003228']
[2021-03-07 00:32:29,536][test_OpenAccount.py 44][INFO]: 请求消息体: { "reqParam":{"pubInfo":{"systemCode":"ASPTEST2","msgVer":"1.0","reqTime":"20210307003228"},"openAcctInfo":{"userInfo":{"bindMobile":"13794482016","userId":"100888","email":"qiuhaiyang@139.com"},"normalAcctPayType":1,"contractInfo":{"contractId":"9000000000000107779"},"contractAcctPayType":1,"acctType":"10","validTime":"","customInfo":{"identityNumber":"110020219","customName":"OCE"},"invalidTime":"","busiTypeList":"16","creditWoffResume":1,"acctName":""}},"sign":"MCwCFGHheYCatDEc+5/YZjBCliqfLAgVAhQneI6r4QmaypuBn04IYCaPSx5iyg=="}
[2021-03-07 00:32:29,537][test_OpenAccount.py 49][INFO]: 请求URL: http://10.1.5.150:5566/bacservice/OpenAccount
[2021-03-07 00:32:30,183][JSONLibrary.py 157][INFO]: $.message的实际结果:【成功】---->>预期结果:【成功】
[2021-03-07 00:32:30,215][JSONLibrary.py 157][INFO]: $.status的实际结果:【200】---->>预期结果:【200】
[2021-03-07 00:32:30,244][JSONLibrary.py 157][INFO]: $.data.rspParam.pubInfo.returnCode的实际结果:【710088】---->>预期结果:【710088】
[2021-03-07 00:32:30,265][JSONLibrary.py 157][INFO]: $.data.rspParam.pubInfo.returnMsg的实际结果:【账户及账本科目已开通，不能重复开通相同账本科目，建议更换合同编码。】---->>预期结果:【账户及账本科目已开通，不能重复开通相同账本科目，建议更换合同编码。】
[2021-03-07 00:38:04,603][test_OpenAccount.py 28][INFO]: ***********************  开始执行用例 *********************** 
[2021-03-07 00:38:04,604][bnhi_Reqx.py 29][INFO]: 重置节点列表：['$.pubInfo.reqTime=20210307003804']
[2021-03-07 00:38:05,200][test_OpenAccount.py 44][INFO]: 请求消息体: { "reqParam":{"pubInfo":{"systemCode":"ASPTEST2","msgVer":"1.0","reqTime":"20210307003804"},"openAcctInfo":{"userInfo":{"bindMobile":"13794482016","userId":"100888","email":"qiuhaiyang@139.com"},"normalAcctPayType":1,"contractInfo":{"contractId":"9000000000000107779"},"contractAcctPayType":1,"acctType":"10","validTime":"","customInfo":{"identityNumber":"110020219","customName":"OCE"},"invalidTime":"","busiTypeList":"16","creditWoffResume":1,"acctName":""}},"sign":"MC0CFAIFbIjGrjLFImW8/NgBK54zk/LgAhUAlrVfEyYo4UIWc+XMyukqS+hnR5c="}
[2021-03-07 00:38:05,207][test_OpenAccount.py 49][INFO]: 请求URL: http://10.1.5.150:5566/bacservice/OpenAccount
[2021-03-07 00:38:05,898][JSONLibrary.py 157][INFO]: $.message的实际结果:【成功】---->>预期结果:【成功】
[2021-03-07 00:38:05,921][JSONLibrary.py 157][INFO]: $.status的实际结果:【200】---->>预期结果:【200】
[2021-03-07 00:38:05,945][JSONLibrary.py 157][INFO]: $.data.rspParam.pubInfo.returnCode的实际结果:【710088】---->>预期结果:【710088】
[2021-03-07 00:38:05,971][JSONLibrary.py 157][INFO]: $.data.rspParam.pubInfo.returnMsg的实际结果:【账户及账本科目已开通，不能重复开通相同账本科目，建议更换合同编码。】---->>预期结果:【账户及账本科目已开通，不能重复开通相同账本科目，建议更换合同编码。】
[2021-03-07 00:38:06,835][test_OpenAccount.py 71][INFO]: ***********************  结束执行用例 *********************** 
[2021-03-07 00:39:16,661][test_OpenAccount.py 28][INFO]: ***********************  开始执行用例 *********************** 
[2021-03-07 00:39:16,662][bnhi_Reqx.py 29][INFO]: 重置节点列表：['$.pubInfo.reqTime=20210307003916']
[2021-03-07 00:39:17,267][test_OpenAccount.py 44][INFO]: 请求消息体: { "reqParam":{"pubInfo":{"systemCode":"ASPTEST2","msgVer":"1.0","reqTime":"20210307003916"},"openAcctInfo":{"userInfo":{"bindMobile":"13794482016","userId":"100888","email":"qiuhaiyang@139.com"},"normalAcctPayType":1,"contractInfo":{"contractId":"9000000000000107779"},"contractAcctPayType":1,"acctType":"10","validTime":"","customInfo":{"identityNumber":"110020219","customName":"OCE"},"invalidTime":"","busiTypeList":"16","creditWoffResume":1,"acctName":""}},"sign":"MCwCFCigOukyY1z65W0Whz/NnZVZCnpIAhQdODmK3E5OSReRytAPLXdCK0R40g=="}
[2021-03-07 00:39:17,277][test_OpenAccount.py 49][INFO]: 请求URL: http://10.1.5.150:5566/bacservice/OpenAccount
[2021-03-07 00:39:17,871][JSONLibrary.py 157][INFO]: $.message的实际结果:【成功】---->>预期结果:【成功】
[2021-03-07 00:39:17,896][JSONLibrary.py 157][INFO]: $.status的实际结果:【200】---->>预期结果:【200】
[2021-03-07 00:39:17,926][JSONLibrary.py 157][INFO]: $.data.rspParam.pubInfo.returnCode的实际结果:【710088】---->>预期结果:【710088】
[2021-03-07 00:39:17,960][JSONLibrary.py 157][INFO]: $.data.rspParam.pubInfo.returnMsg的实际结果:【账户及账本科目已开通，不能重复开通相同账本科目，建议更换合同编码。】---->>预期结果:【账户及账本科目已开通，不能重复开通相同账本科目，建议更换合同编码。】
[2021-03-07 00:41:30,459][test_OpenAccount.py 28][INFO]: ***********************  开始执行用例 *********************** 
[2021-03-07 00:41:30,461][bnhi_Reqx.py 29][INFO]: 重置节点列表：['$.pubInfo.reqTime=20210307004130']
[2021-03-07 00:41:31,047][test_OpenAccount.py 44][INFO]: 请求消息体: { "reqParam":{"pubInfo":{"systemCode":"ASPTEST2","msgVer":"1.0","reqTime":"20210307004130"},"openAcctInfo":{"userInfo":{"bindMobile":"13794482016","userId":"100888","email":"qiuhaiyang@139.com"},"normalAcctPayType":1,"contractInfo":{"contractId":"9000000000000107779"},"contractAcctPayType":1,"acctType":"10","validTime":"","customInfo":{"identityNumber":"110020219","customName":"OCE"},"invalidTime":"","busiTypeList":"16","creditWoffResume":1,"acctName":""}},"sign":"MCwCFGdW8mR28r5ezAWa9vAAXadm52rsAhQlOlZBkUowjGNJD1L307Q49t1TLQ=="}
[2021-03-07 00:41:31,056][test_OpenAccount.py 49][INFO]: 请求URL: http://10.1.5.150:5566/bacservice/OpenAccount
[2021-03-07 00:41:31,702][JSONLibrary.py 157][INFO]: $.message的实际结果:【成功】---->>预期结果:【成功】
[2021-03-07 00:41:31,736][JSONLibrary.py 157][INFO]: $.status的实际结果:【200】---->>预期结果:【200】
[2021-03-07 00:41:31,756][JSONLibrary.py 157][INFO]: $.data.rspParam.pubInfo.returnCode的实际结果:【710088】---->>预期结果:【710088】
[2021-03-07 00:41:31,779][JSONLibrary.py 157][INFO]: $.data.rspParam.pubInfo.returnMsg的实际结果:【账户及账本科目已开通，不能重复开通相同账本科目，建议更换合同编码。】---->>预期结果:【账户及账本科目已开通，不能重复开通相同账本科目，建议更换合同编码。】
[2021-03-07 01:00:32,806][test_OpenAccount.py 28][INFO]: ***********************  开始执行用例 *********************** 
[2021-03-07 01:00:32,810][bnhi_Reqx.py 22][INFO]: 重置节点列表：['$.pubInfo.reqTime=20210307010032']
[2021-03-07 01:00:33,419][test_OpenAccount.py 44][INFO]: 请求消息体: { "reqParam":{"pubInfo":{"systemCode":"ASPTEST2","msgVer":"1.0","reqTime":"20210307010032"},"openAcctInfo":{"userInfo":{"bindMobile":"13794482016","userId":"100888","email":"qiuhaiyang@139.com"},"normalAcctPayType":1,"contractInfo":{"contractId":"9000000000000107779"},"contractAcctPayType":1,"acctType":"10","validTime":"","customInfo":{"identityNumber":"110020219","customName":"OCE"},"invalidTime":"","busiTypeList":"16","creditWoffResume":1,"acctName":""}},"sign":"MCwCFFHKBy4FUTf5cCOWL1I2sWETjDQIAhQu9dXxPsMKomYctUuD/n3xryg/Nw=="}
[2021-03-07 01:00:33,431][test_OpenAccount.py 49][INFO]: 请求URL: http://10.1.5.150:5566/bacservice/OpenAccount
[2021-03-07 01:00:34,103][JSONLibrary.py 157][INFO]: $.message的实际结果:【成功】---->>预期结果:【成功】
[2021-03-07 01:00:34,126][JSONLibrary.py 157][INFO]: $.status的实际结果:【200】---->>预期结果:【200】
[2021-03-07 01:00:34,157][JSONLibrary.py 157][INFO]: $.data.rspParam.pubInfo.returnCode的实际结果:【710088】---->>预期结果:【710088】
[2021-03-07 01:00:34,179][JSONLibrary.py 157][INFO]: $.data.rspParam.pubInfo.returnMsg的实际结果:【账户及账本科目已开通，不能重复开通相同账本科目，建议更换合同编码。】---->>预期结果:【账户及账本科目已开通，不能重复开通相同账本科目，建议更换合同编码。】
[2021-03-07 01:03:15,817][test_OpenAccount.py 28][INFO]: ***********************  开始执行用例 *********************** 
[2021-03-07 01:03:15,818][bnhi_Reqx.py 22][INFO]: 重置节点列表：['$.pubInfo.reqTime=20210307010315']
[2021-03-07 01:03:16,456][test_OpenAccount.py 44][INFO]: 请求消息体: { "reqParam":{"pubInfo":{"systemCode":"ASPTEST2","msgVer":"1.0","reqTime":"20210307010315"},"openAcctInfo":{"userInfo":{"bindMobile":"13794482016","userId":"100888","email":"qiuhaiyang@139.com"},"normalAcctPayType":1,"contractInfo":{"contractId":"9000000000000107779"},"contractAcctPayType":1,"acctType":"10","validTime":"","customInfo":{"identityNumber":"110020219","customName":"OCE"},"invalidTime":"","busiTypeList":"16","creditWoffResume":1,"acctName":""}},"sign":"MCwCFB4HEV3dTGha++FgYDULK8vLftAZAhRiyx1r4VZqNcFIOZrRqYWtKp5iLA=="}
[2021-03-07 01:03:16,466][test_OpenAccount.py 49][INFO]: 请求URL: http://10.1.5.150:5566/bacservice/OpenAccount
[2021-03-07 01:03:17,648][JSONLibrary.py 157][INFO]: $.message的实际结果:【成功】---->>预期结果:【成功】
[2021-03-07 01:03:17,680][JSONLibrary.py 157][INFO]: $.status的实际结果:【200】---->>预期结果:【200】
[2021-03-07 01:03:17,706][JSONLibrary.py 157][INFO]: $.data.rspParam.pubInfo.returnCode的实际结果:【710088】---->>预期结果:【710088】
[2021-03-07 01:03:17,727][JSONLibrary.py 157][INFO]: $.data.rspParam.pubInfo.returnMsg的实际结果:【账户及账本科目已开通，不能重复开通相同账本科目，建议更换合同编码。】---->>预期结果:【账户及账本科目已开通，不能重复开通相同账本科目，建议更换合同编码。】
[2021-03-07 01:03:18,554][bnhi_Reqx.py 35][INFO]: 数据库断言实际结果:【10】---->>预期结果:【10】
[2021-03-07 01:03:18,555][test_OpenAccount.py 71][INFO]: ***********************  结束执行用例 *********************** 
[2021-03-07 01:04:10,856][test_OpenAccount.py 28][INFO]: ***********************  开始执行用例 *********************** 
[2021-03-07 01:04:10,858][bnhi_Reqx.py 22][INFO]: 重置节点列表：['$.pubInfo.reqTime=20210307010410']
[2021-03-07 01:04:11,471][test_OpenAccount.py 44][INFO]: 请求消息体: { "reqParam":{"pubInfo":{"systemCode":"ASPTEST2","msgVer":"1.0","reqTime":"20210307010410"},"openAcctInfo":{"userInfo":{"bindMobile":"13794482016","userId":"100888","email":"qiuhaiyang@139.com"},"normalAcctPayType":1,"contractInfo":{"contractId":"9000000000000107779"},"contractAcctPayType":1,"acctType":"10","validTime":"","customInfo":{"identityNumber":"110020219","customName":"OCE"},"invalidTime":"","busiTypeList":"16","creditWoffResume":1,"acctName":""}},"sign":"MCwCFEVjS1C3ytw6kFXy8cI6FDWrtpr1AhRFq8TFL0q9zIqFy+QPCv8oQ2R5dg=="}
[2021-03-07 01:04:11,482][test_OpenAccount.py 49][INFO]: 请求URL: http://10.1.5.150:5566/bacservice/OpenAccount
[2021-03-07 01:04:12,014][JSONLibrary.py 157][INFO]: $.message的实际结果:【成功】---->>预期结果:【成功】
[2021-03-07 01:04:12,051][JSONLibrary.py 157][INFO]: $.status的实际结果:【200】---->>预期结果:【200】
[2021-03-07 01:04:12,073][JSONLibrary.py 157][INFO]: $.data.rspParam.pubInfo.returnCode的实际结果:【710088】---->>预期结果:【710088】
[2021-03-07 01:04:12,095][JSONLibrary.py 157][INFO]: $.data.rspParam.pubInfo.returnMsg的实际结果:【账户及账本科目已开通，不能重复开通相同账本科目，建议更换合同编码。】---->>预期结果:【账户及账本科目已开通，不能重复开通相同账本科目，建议更换合同编码。】
[2021-03-07 01:04:12,776][bnhi_Reqx.py 35][INFO]: 数据库断言实际结果:【10】---->>预期结果:【10】
[2021-03-07 01:04:12,777][test_OpenAccount.py 71][INFO]: ***********************  结束执行用例 *********************** 
[2021-03-07 10:36:29,446][test_OpenAccount.py 28][INFO]: ***********************  开始执行用例 *********************** 
[2021-03-07 10:36:29,447][bnhi_Reqx.py 22][INFO]: 重置节点列表：['$.pubInfo.reqTime=20210307103629']
[2021-03-07 10:36:30,008][test_OpenAccount.py 44][INFO]: 请求消息体: { "reqParam":{"pubInfo":{"systemCode":"ASPTEST2","msgVer":"1.0","reqTime":"20210307103629"},"openAcctInfo":{"userInfo":{"bindMobile":"13794482016","userId":"100888","email":"qiuhaiyang@139.com"},"normalAcctPayType":1,"contractInfo":{"contractId":"9000000000000107779"},"contractAcctPayType":1,"acctType":"10","validTime":"","customInfo":{"identityNumber":"110020219","customName":"OCE"},"invalidTime":"","busiTypeList":"16","creditWoffResume":1,"acctName":""}},"sign":"MCwCFA5Z6XQ4tNMCr5F3J9+s8nGvKt16AhQnkGGzlNXqxWmjUmvnbe6P2/b8Mw=="}
[2021-03-07 10:36:30,019][test_OpenAccount.py 49][INFO]: 请求URL: http://10.1.5.150:5566/bacservice/OpenAccount
[2021-03-07 10:37:12,915][JSONLibrary.py 157][INFO]: $.message的实际结果:【成功】---->>预期结果:【成功】
[2021-03-07 10:37:12,948][JSONLibrary.py 157][INFO]: $.status的实际结果:【200】---->>预期结果:【200】
[2021-03-07 10:37:12,974][JSONLibrary.py 157][INFO]: $.data.rspParam.pubInfo.returnCode的实际结果:【710088】---->>预期结果:【710088】
[2021-03-07 10:37:12,994][JSONLibrary.py 157][INFO]: $.data.rspParam.pubInfo.returnMsg的实际结果:【账户及账本科目已开通，不能重复开通相同账本科目，建议更换合同编码。】---->>预期结果:【账户及账本科目已开通，不能重复开通相同账本科目，建议更换合同编码。】
[2021-03-07 10:37:13,858][bnhi_Reqx.py 35][INFO]: 数据库断言实际结果:【10】---->>预期结果:【10】
[2021-03-07 10:37:13,859][test_OpenAccount.py 71][INFO]: ***********************  结束执行用例 *********************** 
[2021-03-07 11:47:29,634][test_OpenAccount.py 34][INFO]: ***********************  开始执行用例 *********************** 
[2021-03-07 11:47:29,635][bnhi_Reqx.py 22][INFO]: 重置节点列表：['$.pubInfo.reqTime=20210307114729']
[2021-03-07 11:47:30,233][test_OpenAccount.py 47][INFO]: 请求消息体: { "reqParam":{"pubInfo":{"systemCode":"ASPTEST2","msgVer":"1.0","reqTime":"20210307114729"},"openAcctInfo":{"userInfo":{"bindMobile":"13794482016","userId":"100888","email":"qiuhaiyang@139.com"},"normalAcctPayType":1,"contractInfo":{"contractId":"9000000000000107779"},"contractAcctPayType":1,"acctType":"10","validTime":"","customInfo":{"identityNumber":"110020219","customName":"OCE"},"invalidTime":"","busiTypeList":"16","creditWoffResume":1,"acctName":""}},"sign":"MCwCFBNuIJNc+LeCmwvvob/AqS1cNZrUAhRIKJ6biONiLwuac5MFhtXcSoQQ9g=="}
[2021-03-07 11:47:30,929][JSONLibrary.py 157][INFO]: $.message的实际结果:【成功】---->>预期结果:【成功】
[2021-03-07 11:47:30,948][JSONLibrary.py 157][INFO]: $.status的实际结果:【200】---->>预期结果:【200】
[2021-03-07 11:47:30,968][JSONLibrary.py 157][INFO]: $.data.rspParam.pubInfo.returnCode的实际结果:【710088】---->>预期结果:【710088】
[2021-03-07 11:47:30,990][JSONLibrary.py 157][INFO]: $.data.rspParam.pubInfo.returnMsg的实际结果:【账户及账本科目已开通，不能重复开通相同账本科目，建议更换合同编码。】---->>预期结果:【账户及账本科目已开通，不能重复开通相同账本科目，建议更换合同编码。】
[2021-03-07 11:47:31,921][bnhi_Reqx.py 35][INFO]: 数据库断言实际结果:【10】---->>预期结果:【10】
[2021-03-07 11:47:31,921][test_OpenAccount.py 68][INFO]: ***********************  结束执行用例 *********************** 
[2021-03-07 11:56:58,371][test_OpenAccount.py 35][INFO]: ***********************  开始执行用例 *********************** 
[2021-03-07 11:56:58,373][bnhi_Reqx.py 22][INFO]: 重置节点列表：['$.pubInfo.reqTime=20210307115658']
[2021-03-07 11:56:58,973][test_OpenAccount.py 48][INFO]: 请求消息体: { "reqParam":{"pubInfo":{"systemCode":"ASPTEST2","msgVer":"1.0","reqTime":"20210307115658"},"openAcctInfo":{"userInfo":{"bindMobile":"13794482016","userId":"100888","email":"qiuhaiyang@139.com"},"normalAcctPayType":1,"contractInfo":{"contractId":"9000000000000107779"},"contractAcctPayType":1,"acctType":"10","validTime":"","customInfo":{"identityNumber":"110020219","customName":"OCE"},"invalidTime":"","busiTypeList":"16","creditWoffResume":1,"acctName":""}},"sign":"MCwCFCyXFnU7Qh4L4EVomrOWtxeTKl7KAhR+kfymJKwdNm9KbTDi/tgeBOBvkg=="}
[2021-03-07 11:56:59,584][JSONLibrary.py 157][INFO]: $.message的实际结果:【成功】---->>预期结果:【成功】
[2021-03-07 11:56:59,603][JSONLibrary.py 157][INFO]: $.status的实际结果:【200】---->>预期结果:【200】
[2021-03-07 11:56:59,626][JSONLibrary.py 157][INFO]: $.data.rspParam.pubInfo.returnCode的实际结果:【710088】---->>预期结果:【710088】
[2021-03-07 11:56:59,652][JSONLibrary.py 157][INFO]: $.data.rspParam.pubInfo.returnMsg的实际结果:【账户及账本科目已开通，不能重复开通相同账本科目，建议更换合同编码。】---->>预期结果:【账户及账本科目已开通，不能重复开通相同账本科目，建议更换合同编码。】
[2021-03-07 11:57:00,435][bnhi_Reqx.py 35][INFO]: 数据库断言实际结果:【10】---->>预期结果:【10】
[2021-03-07 11:57:00,436][test_OpenAccount.py 67][INFO]: ***********************  结束执行用例 *********************** 
[2021-03-07 11:57:00,452][test_OpenAccount.py 86][INFO]: ***********************  开始执行用例 *********************** 
[2021-03-07 11:57:00,457][bnhi_Reqx.py 22][INFO]: 重置节点列表：['$.pubInfo.reqTime=20210307115700']
[2021-03-07 11:57:00,572][test_OpenAccount.py 99][INFO]: 请求消息体: { "reqParam":{"pubInfo":{"systemCode":"ASPTEST2","msgVer":"1.0","reqTime":"20210307115700"},"openAcctInfo":{"userInfo":{"bindMobile":"13794482016","userId":"100888","email":"qiuhaiyang@139.com"},"normalAcctPayType":1,"contractInfo":{"contractId":"9000000000000107779"},"contractAcctPayType":1,"acctType":"10","validTime":"","customInfo":{"identityNumber":"110020219","customName":"OCE"},"invalidTime":"","busiTypeList":"16","creditWoffResume":1,"acctName":""}},"sign":"MC0CFQCK2LC55AU6mBm8HWc/Q56x3SWB7wIUERuIPv6LcxiCb1BwCy7zMzIMpDc="}
[2021-03-07 11:57:01,114][JSONLibrary.py 157][INFO]: $.message的实际结果:【成功】---->>预期结果:【成功】
[2021-03-07 11:57:01,133][JSONLibrary.py 157][INFO]: $.status的实际结果:【200】---->>预期结果:【200】
[2021-03-07 11:57:01,158][JSONLibrary.py 157][INFO]: $.data.rspParam.pubInfo.returnCode的实际结果:【710088】---->>预期结果:【710088】
[2021-03-07 11:57:01,180][JSONLibrary.py 157][INFO]: $.data.rspParam.pubInfo.returnMsg的实际结果:【账户及账本科目已开通，不能重复开通相同账本科目，建议更换合同编码。】---->>预期结果:【账户及账本科目已开通，不能重复开通相同账本科目，建议更换合同编码。】
[2021-03-07 11:57:01,912][bnhi_Reqx.py 35][INFO]: 数据库断言实际结果:【10】---->>预期结果:【10】
[2021-03-07 11:57:01,912][test_OpenAccount.py 118][INFO]: ***********************  结束执行用例 *********************** 
[2021-03-07 12:01:45,235][test_OpenAccount.py 35][INFO]: ***********************  开始执行用例 *********************** 
[2021-03-07 12:01:45,236][bnhi_Reqx.py 22][INFO]: 重置节点列表：['$.pubInfo.reqTime=20210307120145']
[2021-03-07 12:01:45,836][test_OpenAccount.py 48][INFO]: 请求消息体: { "reqParam":{"pubInfo":{"systemCode":"ASPTEST2","msgVer":"1.0","reqTime":"20210307120145"},"openAcctInfo":{"userInfo":{"bindMobile":"13794482016","userId":"100888","email":"qiuhaiyang@139.com"},"normalAcctPayType":1,"contractInfo":{"contractId":"9000000000000107779"},"contractAcctPayType":1,"acctType":"10","validTime":"","customInfo":{"identityNumber":"110020219","customName":"OCE"},"invalidTime":"","busiTypeList":"16","creditWoffResume":1,"acctName":""}},"sign":"MCwCFC4IipjBM3uIwWXtW/fUdGNRu9aBAhRHrrtZq9qjQxUG2z1bIBdsSzxZ1g=="}
[2021-03-07 12:01:46,442][JSONLibrary.py 157][INFO]: $.message的实际结果:【成功】---->>预期结果:【成功】
[2021-03-07 12:01:46,462][JSONLibrary.py 157][INFO]: $.status的实际结果:【200】---->>预期结果:【200】
[2021-03-07 12:01:46,487][JSONLibrary.py 157][INFO]: $.data.rspParam.pubInfo.returnCode的实际结果:【710088】---->>预期结果:【710088】
[2021-03-07 12:01:46,513][JSONLibrary.py 157][INFO]: $.data.rspParam.pubInfo.returnMsg的实际结果:【账户及账本科目已开通，不能重复开通相同账本科目，建议更换合同编码。】---->>预期结果:【账户及账本科目已开通，不能重复开通相同账本科目，建议更换合同编码。】
[2021-03-07 12:01:47,402][bnhi_Reqx.py 35][INFO]: 数据库断言实际结果:【10】---->>预期结果:【10】
[2021-03-07 12:01:47,402][test_OpenAccount.py 70][INFO]: ***********************  结束执行用例 *********************** 
[2021-03-07 12:01:47,415][test_OpenAccount.py 89][INFO]: ***********************  开始执行用例 *********************** 
[2021-03-07 12:01:47,422][bnhi_Reqx.py 22][INFO]: 重置节点列表：['$.pubInfo.reqTime=20210307120147']
[2021-03-07 12:01:47,536][test_OpenAccount.py 102][INFO]: 请求消息体: { "reqParam":{"pubInfo":{"systemCode":"ASPTEST2","msgVer":"1.0","reqTime":"20210307120147"},"openAcctInfo":{"userInfo":{"bindMobile":"13794482016","userId":"100888","email":"qiuhaiyang@139.com"},"normalAcctPayType":1,"contractInfo":{"contractId":"9000000000000107779"},"contractAcctPayType":1,"acctType":"10","validTime":"","customInfo":{"identityNumber":"110020219","customName":"OCE"},"invalidTime":"","busiTypeList":"16","creditWoffResume":1,"acctName":""}},"sign":"MC0CFC0rde6oNd5U//sQJtDhisuZHVuKAhUAgf+8QCqA7AVSd2EYF2DVs6DwlwY="}
[2021-03-07 12:01:48,109][JSONLibrary.py 157][INFO]: $.message的实际结果:【成功】---->>预期结果:【成功】
[2021-03-07 12:01:48,129][JSONLibrary.py 157][INFO]: $.status的实际结果:【200】---->>预期结果:【200】
[2021-03-07 12:01:48,153][JSONLibrary.py 157][INFO]: $.data.rspParam.pubInfo.returnCode的实际结果:【710088】---->>预期结果:【710088】
[2021-03-07 12:01:48,177][JSONLibrary.py 157][INFO]: $.data.rspParam.pubInfo.returnMsg的实际结果:【账户及账本科目已开通，不能重复开通相同账本科目，建议更换合同编码。】---->>预期结果:【账户及账本科目已开通，不能重复开通相同账本科目，建议更换合同编码。】
[2021-03-07 12:01:48,792][bnhi_Reqx.py 35][INFO]: 数据库断言实际结果:【10】---->>预期结果:【10】
[2021-03-07 12:01:48,793][test_OpenAccount.py 121][INFO]: ***********************  结束执行用例 *********************** 
[2021-03-07 12:06:05,433][test_OpenAccount.py 35][INFO]: ***********************  开始执行用例 *********************** 
[2021-03-07 12:06:05,434][bnhi_Reqx.py 22][INFO]: 重置节点列表：['$.pubInfo.reqTime=20210307120605']
[2021-03-07 12:06:06,038][test_OpenAccount.py 48][INFO]: 请求消息体: { "reqParam":{"pubInfo":{"systemCode":"ASPTEST2","msgVer":"1.0","reqTime":"20210307120605"},"openAcctInfo":{"userInfo":{"bindMobile":"13794482016","userId":"100888","email":"qiuhaiyang@139.com"},"normalAcctPayType":1,"contractInfo":{"contractId":"9000000000000107779"},"contractAcctPayType":1,"acctType":"10","validTime":"","customInfo":{"identityNumber":"110020219","customName":"OCE"},"invalidTime":"","busiTypeList":"16","creditWoffResume":1,"acctName":""}},"sign":"MC0CFC5V3fFE8H7XUstah1K0ZXRIqP1gAhUAgqFZMhR1oSc7N43cgwugDtHCQaI="}
[2021-03-07 12:06:06,674][JSONLibrary.py 157][INFO]: $.message的实际结果:【成功】---->>预期结果:【成功】
[2021-03-07 12:06:06,723][JSONLibrary.py 157][INFO]: $.status的实际结果:【200】---->>预期结果:【200】
[2021-03-07 12:06:06,743][JSONLibrary.py 157][INFO]: $.data.rspParam.pubInfo.returnCode的实际结果:【710088】---->>预期结果:【710088】
[2021-03-07 12:06:06,765][JSONLibrary.py 157][INFO]: $.data.rspParam.pubInfo.returnMsg的实际结果:【账户及账本科目已开通，不能重复开通相同账本科目，建议更换合同编码。】---->>预期结果:【账户及账本科目已开通，不能重复开通相同账本科目，建议更换合同编码。】
[2021-03-07 12:06:07,574][bnhi_Reqx.py 35][INFO]: 数据库断言实际结果:【10】---->>预期结果:【10】
[2021-03-07 12:06:07,574][test_OpenAccount.py 70][INFO]: ***********************  结束执行用例 *********************** 
[2021-03-07 12:13:52,999][test_OpenAccount.py 35][INFO]: ***********************  开始执行用例 *********************** 
[2021-03-07 12:13:52,999][bnhi_Reqx.py 22][INFO]: 重置节点列表：['$.pubInfo.reqTime=20210307121352']
[2021-03-07 12:13:53,612][test_OpenAccount.py 48][INFO]: 请求消息体: { "reqParam":{"pubInfo":{"systemCode":"ASPTEST2","msgVer":"1.0","reqTime":"20210307121352"},"openAcctInfo":{"userInfo":{"bindMobile":"13794482016","userId":"100888","email":"qiuhaiyang@139.com"},"normalAcctPayType":1,"contractInfo":{"contractId":"9000000000000107779"},"contractAcctPayType":1,"acctType":"10","validTime":"","customInfo":{"identityNumber":"110020219","customName":"OCE"},"invalidTime":"","busiTypeList":"16","creditWoffResume":1,"acctName":""}},"sign":"MCwCFCFqI7t50C09STNL56wiC4RNKyosAhR9GahrcsJDpE7dZ+k/767ct9VCLQ=="}
[2021-03-07 12:13:54,215][JSONLibrary.py 157][INFO]: $.message的实际结果:【成功】---->>预期结果:【成功】
[2021-03-07 12:13:54,238][JSONLibrary.py 157][INFO]: $.status的实际结果:【200】---->>预期结果:【200】
[2021-03-07 12:13:54,260][JSONLibrary.py 157][INFO]: $.data.rspParam.pubInfo.returnCode的实际结果:【710088】---->>预期结果:【710088】
[2021-03-07 12:13:54,288][JSONLibrary.py 157][INFO]: $.data.rspParam.pubInfo.returnMsg的实际结果:【账户及账本科目已开通，不能重复开通相同账本科目，建议更换合同编码。】---->>预期结果:【账户及账本科目已开通，不能重复开通相同账本科目，建议更换合同编码。】
[2021-03-07 12:13:55,029][bnhi_Reqx.py 35][INFO]: 数据库断言实际结果:【10】---->>预期结果:【10】
[2021-03-07 12:13:55,030][test_OpenAccount.py 70][INFO]: ***********************  结束执行用例 *********************** 
[2021-03-07 12:13:55,046][test_OpenAccount.py 89][INFO]: ***********************  开始执行用例 *********************** 
[2021-03-07 12:13:55,047][bnhi_Reqx.py 22][INFO]: 重置节点列表：['$.pubInfo.reqTime=20210307121355']
[2021-03-07 12:13:55,160][test_OpenAccount.py 102][INFO]: 请求消息体: { "reqParam":{"pubInfo":{"systemCode":"ASPTEST2","msgVer":"1.0","reqTime":"20210307121355"},"openAcctInfo":{"userInfo":{"bindMobile":"13794482016","userId":"100888","email":"qiuhaiyang@139.com"},"normalAcctPayType":1,"contractInfo":{"contractId":"9000000000000107779"},"contractAcctPayType":1,"acctType":"10","validTime":"","customInfo":{"identityNumber":"110020219","customName":"OCE"},"invalidTime":"","busiTypeList":"16","creditWoffResume":1,"acctName":""}},"sign":"MCwCFAPEAojaJpLIb++Rwa3hCeEgnAN2AhQj7/3uhtP3QDD6Jq2C2axLbi57FQ=="}
[2021-03-07 12:13:55,695][JSONLibrary.py 157][INFO]: $.message的实际结果:【成功】---->>预期结果:【成功】
[2021-03-07 12:13:55,716][JSONLibrary.py 157][INFO]: $.status的实际结果:【200】---->>预期结果:【200】
[2021-03-07 12:13:55,738][JSONLibrary.py 157][INFO]: $.data.rspParam.pubInfo.returnCode的实际结果:【710088】---->>预期结果:【710088】
[2021-03-07 12:13:55,762][JSONLibrary.py 157][INFO]: $.data.rspParam.pubInfo.returnMsg的实际结果:【账户及账本科目已开通，不能重复开通相同账本科目，建议更换合同编码。】---->>预期结果:【账户及账本科目已开通，不能重复开通相同账本科目，建议更换合同编码。】
[2021-03-07 12:13:55,788][JSONLibrary.py 157][INFO]: $.message的实际结果:【成功】---->>预期结果:【成功】
[2021-03-07 12:13:55,810][JSONLibrary.py 157][INFO]: $.status的实际结果:【200】---->>预期结果:【200】
[2021-03-07 12:13:55,832][JSONLibrary.py 157][INFO]: $.data.rspParam.pubInfo.returnCode的实际结果:【710088】---->>预期结果:【710088】
[2021-03-07 12:13:55,851][JSONLibrary.py 157][INFO]: $.data.rspParam.pubInfo.returnMsg的实际结果:【账户及账本科目已开通，不能重复开通相同账本科目，建议更换合同编码。】---->>预期结果:【账户及账本科目已开通，不能重复开通相同账本科目，建议更换合同编码。】
[2021-03-07 12:13:56,492][bnhi_Reqx.py 35][INFO]: 数据库断言实际结果:【10】---->>预期结果:【10】
[2021-03-07 12:13:56,492][test_OpenAccount.py 122][INFO]: ***********************  结束执行用例 *********************** 
[2021-03-07 12:19:55,828][test_OpenAccount.py 35][INFO]: ***********************  开始执行用例 *********************** 
[2021-03-07 12:19:55,829][bnhi_Reqx.py 22][INFO]: 重置节点列表：['$.pubInfo.reqTime=20210307121955']
[2021-03-07 12:19:56,422][test_OpenAccount.py 48][INFO]: 请求消息体: { "reqParam":{"pubInfo":{"systemCode":"ASPTEST2","msgVer":"1.0","reqTime":"20210307121955"},"openAcctInfo":{"userInfo":{"bindMobile":"13794482016","userId":"100888","email":"qiuhaiyang@139.com"},"normalAcctPayType":1,"contractInfo":{"contractId":"9000000000000107779"},"contractAcctPayType":1,"acctType":"10","validTime":"","customInfo":{"identityNumber":"110020219","customName":"OCE"},"invalidTime":"","busiTypeList":"16","creditWoffResume":1,"acctName":""}},"sign":"MC0CFCGCqvzyrF9fh9MQOumzTEO3kbwHAhUAhbPMoaWIkykGF5AKTpo49fxoXeo="}
[2021-03-07 12:19:57,066][JSONLibrary.py 157][INFO]: $.message的实际结果:【成功】---->>预期结果:【成功】
[2021-03-07 12:19:57,095][JSONLibrary.py 157][INFO]: $.status的实际结果:【200】---->>预期结果:【200】
[2021-03-07 12:19:57,118][JSONLibrary.py 157][INFO]: $.data.rspParam.pubInfo.returnCode的实际结果:【710088】---->>预期结果:【710088】
[2021-03-07 12:19:57,136][JSONLibrary.py 157][INFO]: $.data.rspParam.pubInfo.returnMsg的实际结果:【账户及账本科目已开通，不能重复开通相同账本科目，建议更换合同编码。】---->>预期结果:【账户及账本科目已开通，不能重复开通相同账本科目，建议更换合同编码。】
[2021-03-07 12:19:58,322][bnhi_Reqx.py 35][INFO]: 数据库断言实际结果:【10】---->>预期结果:【10】
[2021-03-07 12:19:58,322][test_OpenAccount.py 71][INFO]: ***********************  结束执行用例 *********************** 
[2021-03-07 12:19:58,341][test_OpenAccount.py 90][INFO]: ***********************  开始执行用例 *********************** 
[2021-03-07 12:19:58,349][bnhi_Reqx.py 22][INFO]: 重置节点列表：['$.pubInfo.reqTime=20210307121958']
[2021-03-07 12:19:58,459][test_OpenAccount.py 103][INFO]: 请求消息体: { "reqParam":{"pubInfo":{"systemCode":"ASPTEST2","msgVer":"1.0","reqTime":"20210307121958"},"openAcctInfo":{"userInfo":{"bindMobile":"13794482016","userId":"100888","email":"qiuhaiyang@139.com"},"normalAcctPayType":1,"contractInfo":{"contractId":"9000000000000107779"},"contractAcctPayType":1,"acctType":"10","validTime":"","customInfo":{"identityNumber":"110020219","customName":"OCE"},"invalidTime":"","busiTypeList":"16","creditWoffResume":1,"acctName":""}},"sign":"MC0CFBFKvV0WQ4W3Eh55HmmxwVrdnscMAhUAkhhzozBJMERgoPQGJH5y1ll/hRI="}
[2021-03-07 12:19:59,160][JSONLibrary.py 157][INFO]: $.message的实际结果:【成功】---->>预期结果:【成功】
[2021-03-07 12:19:59,181][JSONLibrary.py 157][INFO]: $.status的实际结果:【200】---->>预期结果:【200】
[2021-03-07 12:19:59,202][JSONLibrary.py 157][INFO]: $.data.rspParam.pubInfo.returnCode的实际结果:【710088】---->>预期结果:【710088】
[2021-03-07 12:19:59,221][JSONLibrary.py 157][INFO]: $.data.rspParam.pubInfo.returnMsg的实际结果:【账户及账本科目已开通，不能重复开通相同账本科目，建议更换合同编码。】---->>预期结果:【账户及账本科目已开通，不能重复开通相同账本科目，建议更换合同编码。】
[2021-03-07 12:20:00,041][bnhi_Reqx.py 35][INFO]: 数据库断言实际结果:【10】---->>预期结果:【10】
[2021-03-07 12:20:00,042][test_OpenAccount.py 123][INFO]: ***********************  结束执行用例 *********************** 
[2021-03-07 12:21:37,460][test_OpenAccount.py 35][INFO]: ***********************  开始执行用例 *********************** 
[2021-03-07 12:21:37,461][bnhi_Reqx.py 22][INFO]: 重置节点列表：['$.pubInfo.reqTime=20210307122137']
[2021-03-07 12:21:38,071][test_OpenAccount.py 48][INFO]: 请求消息体: { "reqParam":{"pubInfo":{"systemCode":"ASPTEST2","msgVer":"1.0","reqTime":"20210307122137"},"openAcctInfo":{"userInfo":{"bindMobile":"13794482016","userId":"100888","email":"qiuhaiyang@139.com"},"normalAcctPayType":1,"contractInfo":{"contractId":"9000000000000107779"},"contractAcctPayType":1,"acctType":"10","validTime":"","customInfo":{"identityNumber":"110020219","customName":"OCE"},"invalidTime":"","busiTypeList":"16","creditWoffResume":1,"acctName":""}},"sign":"MC0CFBatbp567CRSgpIjf+FiWC5apQMjAhUAi/EotslbQhVMBxmoztn9toZzqwA="}
[2021-03-07 12:21:38,618][JSONLibrary.py 157][INFO]: $.message的实际结果:【成功】---->>预期结果:【成功】
[2021-03-07 12:21:38,636][JSONLibrary.py 157][INFO]: $.status的实际结果:【200】---->>预期结果:【200】
[2021-03-07 12:21:38,661][JSONLibrary.py 157][INFO]: $.data.rspParam.pubInfo.returnCode的实际结果:【710088】---->>预期结果:【710088】
[2021-03-07 12:21:38,688][JSONLibrary.py 157][INFO]: $.data.rspParam.pubInfo.returnMsg的实际结果:【账户及账本科目已开通，不能重复开通相同账本科目，建议更换合同编码。】---->>预期结果:【账户及账本科目已开通，不能重复开通相同账本科目，建议更换合同编码。】
[2021-03-07 12:21:39,370][bnhi_Reqx.py 35][INFO]: 数据库断言实际结果:【10】---->>预期结果:【10】
[2021-03-07 12:21:39,372][test_OpenAccount.py 72][INFO]: ***********************  结束执行用例 *********************** 
[2021-03-07 12:21:39,384][test_OpenAccount.py 91][INFO]: ***********************  开始执行用例 *********************** 
[2021-03-07 12:21:39,393][bnhi_Reqx.py 22][INFO]: 重置节点列表：['$.pubInfo.reqTime=20210307122139']
[2021-03-07 12:21:39,509][test_OpenAccount.py 104][INFO]: 请求消息体: { "reqParam":{"pubInfo":{"systemCode":"ASPTEST2","msgVer":"1.0","reqTime":"20210307122139"},"openAcctInfo":{"userInfo":{"bindMobile":"13794482016","userId":"100888","email":"qiuhaiyang@139.com"},"normalAcctPayType":1,"contractInfo":{"contractId":"9000000000000107779"},"contractAcctPayType":1,"acctType":"10","validTime":"","customInfo":{"identityNumber":"110020219","customName":"OCE"},"invalidTime":"","busiTypeList":"16","creditWoffResume":1,"acctName":""}},"sign":"MCwCFEouxczakpYK6ag7V/gIQ3p92DR9AhQDq7gT+02ynUpR4u1OKlwG1kE71g=="}
[2021-03-07 12:21:40,174][JSONLibrary.py 157][INFO]: $.message的实际结果:【成功】---->>预期结果:【成功】
[2021-03-07 12:21:40,208][JSONLibrary.py 157][INFO]: $.status的实际结果:【200】---->>预期结果:【200】
[2021-03-07 12:21:40,249][JSONLibrary.py 157][INFO]: $.data.rspParam.pubInfo.returnCode的实际结果:【710088】---->>预期结果:【710088】
[2021-03-07 12:21:40,274][JSONLibrary.py 157][INFO]: $.data.rspParam.pubInfo.returnMsg的实际结果:【账户及账本科目已开通，不能重复开通相同账本科目，建议更换合同编码。】---->>预期结果:【账户及账本科目已开通，不能重复开通相同账本科目，建议更换合同编码。】
[2021-03-07 12:21:41,008][bnhi_Reqx.py 35][INFO]: 数据库断言实际结果:【10】---->>预期结果:【10】
[2021-03-07 12:21:41,009][test_OpenAccount.py 124][INFO]: ***********************  结束执行用例 *********************** 
[2021-03-07 12:23:36,352][test_OpenAccount.py 35][INFO]: ***********************  开始执行用例 *********************** 
[2021-03-07 12:23:36,353][bnhi_Reqx.py 22][INFO]: 重置节点列表：['$.pubInfo.reqTime=20210307122336']
[2021-03-07 12:23:36,948][test_OpenAccount.py 48][INFO]: 请求消息体: { "reqParam":{"pubInfo":{"systemCode":"ASPTEST2","msgVer":"1.0","reqTime":"20210307122336"},"openAcctInfo":{"userInfo":{"bindMobile":"13794482016","userId":"100888","email":"qiuhaiyang@139.com"},"normalAcctPayType":1,"contractInfo":{"contractId":"9000000000000107779"},"contractAcctPayType":1,"acctType":"10","validTime":"","customInfo":{"identityNumber":"110020219","customName":"OCE"},"invalidTime":"","busiTypeList":"16","creditWoffResume":1,"acctName":""}},"sign":"MCwCFDNDA7r2yL2TAwUoihdKtx4FtUbqAhRu1ed5l92TiWUM/HKpVEsZUc/q2Q=="}
[2021-03-07 12:23:37,505][JSONLibrary.py 157][INFO]: $.message的实际结果:【成功】---->>预期结果:【成功】
[2021-03-07 12:23:37,527][JSONLibrary.py 157][INFO]: $.status的实际结果:【200】---->>预期结果:【200】
[2021-03-07 12:23:37,588][JSONLibrary.py 157][INFO]: $.data.rspParam.pubInfo.returnCode的实际结果:【710088】---->>预期结果:【710088】
[2021-03-07 12:23:37,616][JSONLibrary.py 157][INFO]: $.data.rspParam.pubInfo.returnMsg的实际结果:【账户及账本科目已开通，不能重复开通相同账本科目，建议更换合同编码。】---->>预期结果:【账户及账本科目已开通，不能重复开通相同账本科目，建议更换合同编码。】
[2021-03-07 12:23:38,458][bnhi_Reqx.py 35][INFO]: 数据库断言实际结果:【10】---->>预期结果:【10】
[2021-03-07 12:23:38,460][test_OpenAccount.py 72][INFO]: ***********************  结束执行用例 *********************** 
[2021-03-07 12:23:38,481][test_OpenAccount.py 91][INFO]: ***********************  开始执行用例 *********************** 
[2021-03-07 12:23:38,490][bnhi_Reqx.py 22][INFO]: 重置节点列表：['$.pubInfo.reqTime=20210307122338']
[2021-03-07 12:23:38,616][test_OpenAccount.py 104][INFO]: 请求消息体: { "reqParam":{"pubInfo":{"systemCode":"ASPTEST2","msgVer":"1.0","reqTime":"20210307122338"},"openAcctInfo":{"userInfo":{"bindMobile":"13794482016","userId":"100888","email":"qiuhaiyang@139.com"},"normalAcctPayType":1,"contractInfo":{"contractId":"9000000000000107779"},"contractAcctPayType":1,"acctType":"10","validTime":"","customInfo":{"identityNumber":"110020219","customName":"OCE"},"invalidTime":"","busiTypeList":"16","creditWoffResume":1,"acctName":""}},"sign":"MCwCFCCfhTjeVjNaGyh/wK009OlQeiZ5AhQO6dsdR0Kg1RFLW4LTTQeIWHgPVA=="}
[2021-03-07 12:23:39,262][JSONLibrary.py 157][INFO]: $.message的实际结果:【成功】---->>预期结果:【成功】
[2021-03-07 12:23:39,283][JSONLibrary.py 157][INFO]: $.status的实际结果:【200】---->>预期结果:【200】
[2021-03-07 12:23:39,303][JSONLibrary.py 157][INFO]: $.data.rspParam.pubInfo.returnCode的实际结果:【710088】---->>预期结果:【710088】
[2021-03-07 12:23:39,322][JSONLibrary.py 157][INFO]: $.data.rspParam.pubInfo.returnMsg的实际结果:【账户及账本科目已开通，不能重复开通相同账本科目，建议更换合同编码。】---->>预期结果:【账户及账本科目已开通，不能重复开通相同账本科目，建议更换合同编码。】
[2021-03-07 12:23:40,101][bnhi_Reqx.py 35][INFO]: 数据库断言实际结果:【10】---->>预期结果:【10】
[2021-03-07 12:23:40,102][test_OpenAccount.py 124][INFO]: ***********************  结束执行用例 *********************** 
[2021-03-07 14:58:06,019][test_OpenAccount.py 35][INFO]: ***********************  开始执行用例 *********************** 
[2021-03-07 14:58:06,020][bnhi_Reqx.py 24][INFO]: 重置节点列表：['$.pubInfo.reqTime=<function TimeUtils.get_current_time at 0x000001DB41DB4F28>']
[2021-03-07 14:58:06,655][test_OpenAccount.py 48][INFO]: 请求消息体: { "reqParam":{"pubInfo":{"systemCode":"ASPTEST2","msgVer":"1.0","reqTime":"<function TimeUtils.get_current_time at 0x000001DB41DB4F28>"},"openAcctInfo":{"userInfo":{"bindMobile":"13794482016","userId":"100888","email":"qiuhaiyang@139.com"},"normalAcctPayType":1,"contractInfo":{"contractId":"9000000000000107779"},"contractAcctPayType":1,"acctType":"10","validTime":"","customInfo":{"identityNumber":"110020219","customName":"OCE"},"invalidTime":"","busiTypeList":"16","creditWoffResume":1,"acctName":""}},"sign":"MC0CFFU8iDGRIHYVxjLj4KPMDgiYeQCuAhUAiN/uv32UG+yd1ZEw16AXj5xfLqc="}
[2021-03-07 14:58:07,427][test_OpenAccount.py 89][INFO]: ***********************  开始执行用例 *********************** 
[2021-03-07 14:58:07,434][bnhi_Reqx.py 24][INFO]: 重置节点列表：['$.pubInfo.reqTime=<function TimeUtils.get_current_time at 0x000001DB41DB4F28>']
[2021-03-07 14:58:07,553][test_OpenAccount.py 102][INFO]: 请求消息体: { "reqParam":{"pubInfo":{"systemCode":"ASPTEST2","msgVer":"1.0","reqTime":"<function TimeUtils.get_current_time at 0x000001DB41DB4F28>"},"openAcctInfo":{"userInfo":{"bindMobile":"13794482016","userId":"100888","email":"qiuhaiyang@139.com"},"normalAcctPayType":1,"contractInfo":{"contractId":"9000000000000107779"},"contractAcctPayType":1,"acctType":"10","validTime":"","customInfo":{"identityNumber":"110020219","customName":"OCE"},"invalidTime":"","busiTypeList":"16","creditWoffResume":1,"acctName":""}},"sign":"MCwCFEvQ0fXaxWZx/gkmiP+nItO61/QaAhQPia83vi9D/pmpXJziwrrF+aNy7Q=="}
[2021-03-07 15:05:13,583][test_OpenAccount.py 35][INFO]: ***********************  开始执行用例 *********************** 
[2021-03-07 15:05:13,583][bnhi_Reqx.py 24][INFO]: 重置节点列表：['$.pubInfo.reqTime=<function TimeUtils.get_current_time at 0x000001C252E37F28>']
[2021-03-07 15:05:14,206][test_OpenAccount.py 48][INFO]: 请求消息体: { "reqParam":{"pubInfo":{"systemCode":"ASPTEST2","msgVer":"1.0","reqTime":"<function TimeUtils.get_current_time at 0x000001C252E37F28>"},"openAcctInfo":{"userInfo":{"bindMobile":"13794482016","userId":"100888","email":"qiuhaiyang@139.com"},"normalAcctPayType":1,"contractInfo":{"contractId":"9000000000000107779"},"contractAcctPayType":1,"acctType":"10","validTime":"","customInfo":{"identityNumber":"110020219","customName":"OCE"},"invalidTime":"","busiTypeList":"16","creditWoffResume":1,"acctName":""}},"sign":"MCwCFHh0QZZ3qTKqOO8mHHC6/8BUCpGIAhRD/Ju7Xz+/ENqr3QgUwSpf3ZjMLQ=="}
[2021-03-07 15:05:14,833][Response_assert.py 18][INFO]: $.message的实际结果:【成功】---->>预期结果:【成功】
[2021-03-07 15:05:14,851][Response_assert.py 18][INFO]: $.status的实际结果:【200】---->>预期结果:【200】
[2021-03-07 15:05:14,876][Response_assert.py 18][INFO]: $.data.rspParam.pubInfo.returnCode的实际结果:【710088】---->>预期结果:【710088】
[2021-03-07 15:05:14,897][Response_assert.py 18][INFO]: $.data.rspParam.pubInfo.returnMsg的实际结果:【账户及账本科目已开通，不能重复开通相同账本科目，建议更换合同编码。】---->>预期结果:【账户及账本科目已开通，不能重复开通相同账本科目，建议更换合同编码。】
[2021-03-07 15:05:15,754][Db_assert.py 17][INFO]: 数据库断言实际结果:【10】---->>预期结果:【10】
[2021-03-07 15:05:15,755][test_OpenAccount.py 72][INFO]: ***********************  结束执行用例 *********************** 
[2021-03-07 15:05:15,769][test_OpenAccount.py 89][INFO]: ***********************  开始执行用例 *********************** 
[2021-03-07 15:05:15,777][bnhi_Reqx.py 24][INFO]: 重置节点列表：['$.pubInfo.reqTime=<function TimeUtils.get_current_time at 0x000001C252E37F28>']
[2021-03-07 15:05:15,880][test_OpenAccount.py 102][INFO]: 请求消息体: { "reqParam":{"pubInfo":{"systemCode":"ASPTEST2","msgVer":"1.0","reqTime":"<function TimeUtils.get_current_time at 0x000001C252E37F28>"},"openAcctInfo":{"userInfo":{"bindMobile":"13794482016","userId":"100888","email":"qiuhaiyang@139.com"},"normalAcctPayType":1,"contractInfo":{"contractId":"9000000000000107779"},"contractAcctPayType":1,"acctType":"10","validTime":"","customInfo":{"identityNumber":"110020219","customName":"OCE"},"invalidTime":"","busiTypeList":"16","creditWoffResume":1,"acctName":""}},"sign":"MCwCFAOrnaKGmVqcKrHpoIz04Oh2fQh2AhQTK37nqCcmkC9BHQJ1O1B1L0xwNw=="}
[2021-03-07 15:05:16,753][Response_assert.py 18][INFO]: $.message的实际结果:【成功】---->>预期结果:【成功】
[2021-03-07 15:05:16,775][Response_assert.py 18][INFO]: $.status的实际结果:【200】---->>预期结果:【200】
[2021-03-07 15:05:16,798][Response_assert.py 18][INFO]: $.data.rspParam.pubInfo.returnCode的实际结果:【710088】---->>预期结果:【710088】
[2021-03-07 15:05:16,818][Response_assert.py 18][INFO]: $.data.rspParam.pubInfo.returnMsg的实际结果:【账户及账本科目已开通，不能重复开通相同账本科目，建议更换合同编码。】---->>预期结果:【账户及账本科目已开通，不能重复开通相同账本科目，建议更换合同编码。】
[2021-03-07 15:05:17,335][Db_assert.py 17][INFO]: 数据库断言实际结果:【10】---->>预期结果:【10】
[2021-03-07 15:05:17,335][test_OpenAccount.py 121][INFO]: ***********************  结束执行用例 *********************** 
[2021-03-07 20:30:53,354][test_OpenAccount.py 35][INFO]: ***********************  开始执行用例 *********************** 
[2021-03-07 20:30:53,361][bnhi_Reqx.py 24][INFO]: 重置节点列表：['$.pubInfo.reqTime=<bound method TimeUtils.get_current_time of <aspirelibs.DateTimeLibs.TimeUtils object at 0x00000207A5A7F898>>']
[2021-03-07 20:30:54,018][test_OpenAccount.py 48][INFO]: 请求消息体: { "reqParam":{"pubInfo":{"systemCode":"ASPTEST2","msgVer":"1.0","reqTime":"<bound method TimeUtils.get_current_time of <aspirelibs.DateTimeLibs.TimeUtils object at 0x00000207A5A7F898>>"},"openAcctInfo":{"userInfo":{"bindMobile":"13794482016","userId":"100888","email":"qiuhaiyang@139.com"},"normalAcctPayType":1,"contractInfo":{"contractId":"9000000000000107779"},"contractAcctPayType":1,"acctType":"10","validTime":"","customInfo":{"identityNumber":"110020219","customName":"OCE"},"invalidTime":"","busiTypeList":"16","creditWoffResume":1,"acctName":""}},"sign":"MCwCFGV5K0SF73gyiy2K7IcAYxOFfSipAhQ+yQkFJZJtIjm9O1d6Lq0r9wWyrQ=="}
[2021-03-07 20:30:54,811][Response_assert.py 18][INFO]: $.message的实际结果:【成功】---->>预期结果:【成功】
[2021-03-07 20:30:54,852][Response_assert.py 18][INFO]: $.status的实际结果:【200】---->>预期结果:【200】
[2021-03-07 20:30:54,881][Response_assert.py 18][INFO]: $.data.rspParam.pubInfo.returnCode的实际结果:【710088】---->>预期结果:【710088】
[2021-03-07 20:30:54,915][Response_assert.py 18][INFO]: $.data.rspParam.pubInfo.returnMsg的实际结果:【账户及账本科目已开通，不能重复开通相同账本科目，建议更换合同编码。】---->>预期结果:【账户及账本科目已开通，不能重复开通相同账本科目，建议更换合同编码。】
[2021-03-07 20:30:55,663][Db_assert.py 17][INFO]: 数据库断言实际结果:【10】---->>预期结果:【10】
[2021-03-07 20:30:55,664][test_OpenAccount.py 72][INFO]: ***********************  结束执行用例 *********************** 
[2021-03-07 20:30:55,687][test_OpenAccount.py 89][INFO]: ***********************  开始执行用例 *********************** 
[2021-03-07 20:30:55,688][bnhi_Reqx.py 24][INFO]: 重置节点列表：['$.pubInfo.reqTime=<bound method TimeUtils.get_current_time of <aspirelibs.DateTimeLibs.TimeUtils object at 0x00000207C1113DA0>>']
[2021-03-07 20:30:55,807][test_OpenAccount.py 102][INFO]: 请求消息体: { "reqParam":{"pubInfo":{"systemCode":"ASPTEST2","msgVer":"1.0","reqTime":"<bound method TimeUtils.get_current_time of <aspirelibs.DateTimeLibs.TimeUtils object at 0x00000207C1113DA0>>"},"openAcctInfo":{"userInfo":{"bindMobile":"13794482016","userId":"100888","email":"qiuhaiyang@139.com"},"normalAcctPayType":1,"contractInfo":{"contractId":"9000000000000107779"},"contractAcctPayType":1,"acctType":"10","validTime":"","customInfo":{"identityNumber":"110020219","customName":"OCE"},"invalidTime":"","busiTypeList":"16","creditWoffResume":1,"acctName":""}},"sign":"MCwCFHsz/hS/nBH8N3AYmQruorsXzGq9AhQaOaeD/EyIMTJmm4vWNU5yJ81oJg=="}
[2021-03-07 20:30:56,349][Response_assert.py 18][INFO]: $.message的实际结果:【成功】---->>预期结果:【成功】
[2021-03-07 20:30:56,371][Response_assert.py 18][INFO]: $.status的实际结果:【200】---->>预期结果:【200】
[2021-03-07 20:30:56,393][Response_assert.py 18][INFO]: $.data.rspParam.pubInfo.returnCode的实际结果:【710088】---->>预期结果:【710088】
[2021-03-07 20:30:56,419][Response_assert.py 18][INFO]: $.data.rspParam.pubInfo.returnMsg的实际结果:【账户及账本科目已开通，不能重复开通相同账本科目，建议更换合同编码。】---->>预期结果:【账户及账本科目已开通，不能重复开通相同账本科目，建议更换合同编码。】
[2021-03-07 20:30:57,115][Db_assert.py 17][INFO]: 数据库断言实际结果:【10】---->>预期结果:【10】
[2021-03-07 20:30:57,115][test_OpenAccount.py 121][INFO]: ***********************  结束执行用例 *********************** 
[2021-03-07 20:33:20,097][test_OpenAccount.py 35][INFO]: ***********************  开始执行用例 *********************** 
[2021-03-07 20:33:20,098][bnhi_Reqx.py 24][INFO]: 重置节点列表：['$.pubInfo.reqTime=20210307203320']
[2021-03-07 20:33:20,734][test_OpenAccount.py 48][INFO]: 请求消息体: { "reqParam":{"pubInfo":{"systemCode":"ASPTEST2","msgVer":"1.0","reqTime":"20210307203320"},"openAcctInfo":{"userInfo":{"bindMobile":"13794482016","userId":"100888","email":"qiuhaiyang@139.com"},"normalAcctPayType":1,"contractInfo":{"contractId":"9000000000000107779"},"contractAcctPayType":1,"acctType":"10","validTime":"","customInfo":{"identityNumber":"110020219","customName":"OCE"},"invalidTime":"","busiTypeList":"16","creditWoffResume":1,"acctName":""}},"sign":"MCwCFANX5A5y3SXWlmSJTyTkokHupMNgAhQnB5RY82ozc4+xAfPUGvgeOLQ2YQ=="}
[2021-03-07 20:33:21,337][Response_assert.py 18][INFO]: $.message的实际结果:【成功】---->>预期结果:【成功】
[2021-03-07 20:33:21,361][Response_assert.py 18][INFO]: $.status的实际结果:【200】---->>预期结果:【200】
[2021-03-07 20:33:21,407][Response_assert.py 18][INFO]: $.data.rspParam.pubInfo.returnCode的实际结果:【710088】---->>预期结果:【710088】
[2021-03-07 20:33:21,453][Response_assert.py 18][INFO]: $.data.rspParam.pubInfo.returnMsg的实际结果:【账户及账本科目已开通，不能重复开通相同账本科目，建议更换合同编码。】---->>预期结果:【账户及账本科目已开通，不能重复开通相同账本科目，建议更换合同编码。】
[2021-03-07 20:33:22,257][Db_assert.py 17][INFO]: 数据库断言实际结果:【10】---->>预期结果:【10】
[2021-03-07 20:33:22,258][test_OpenAccount.py 72][INFO]: ***********************  结束执行用例 *********************** 
[2021-03-07 20:33:22,283][test_OpenAccount.py 89][INFO]: ***********************  开始执行用例 *********************** 
[2021-03-07 20:33:22,284][bnhi_Reqx.py 24][INFO]: 重置节点列表：['$.pubInfo.reqTime=20210307203322']
[2021-03-07 20:33:22,411][test_OpenAccount.py 102][INFO]: 请求消息体: { "reqParam":{"pubInfo":{"systemCode":"ASPTEST2","msgVer":"1.0","reqTime":"20210307203322"},"openAcctInfo":{"userInfo":{"bindMobile":"13794482016","userId":"100888","email":"qiuhaiyang@139.com"},"normalAcctPayType":1,"contractInfo":{"contractId":"9000000000000107779"},"contractAcctPayType":1,"acctType":"10","validTime":"","customInfo":{"identityNumber":"110020219","customName":"OCE"},"invalidTime":"","busiTypeList":"16","creditWoffResume":1,"acctName":""}},"sign":"MCwCFC6X6TgZF5qUTJmdyHNrnSy2a8aTAhRmvsuG8yl0QXKPuQxJ/U9yY32Fyg=="}
[2021-03-07 20:33:22,992][Response_assert.py 18][INFO]: $.message的实际结果:【成功】---->>预期结果:【成功】
[2021-03-07 20:33:23,016][Response_assert.py 18][INFO]: $.status的实际结果:【200】---->>预期结果:【200】
[2021-03-07 20:33:23,038][Response_assert.py 18][INFO]: $.data.rspParam.pubInfo.returnCode的实际结果:【710088】---->>预期结果:【710088】
[2021-03-07 20:33:23,062][Response_assert.py 18][INFO]: $.data.rspParam.pubInfo.returnMsg的实际结果:【账户及账本科目已开通，不能重复开通相同账本科目，建议更换合同编码。】---->>预期结果:【账户及账本科目已开通，不能重复开通相同账本科目，建议更换合同编码。】
[2021-03-07 20:33:23,724][Db_assert.py 17][INFO]: 数据库断言实际结果:【10】---->>预期结果:【10】
[2021-03-07 20:33:23,724][test_OpenAccount.py 121][INFO]: ***********************  结束执行用例 *********************** 
[2021-03-07 21:21:04,754][test_OpenAccount.py 35][INFO]: ***********************  开始执行用例 *********************** 
[2021-03-07 21:21:04,754][bnhi_Reqx.py 24][INFO]: 重置节点列表：['$.pubInfo.reqTime=20210307212104']
[2021-03-07 21:21:05,414][test_OpenAccount.py 48][INFO]: 请求消息体: { "reqParam":{"pubInfo":{"systemCode":"ASPTEST2","msgVer":"1.0","reqTime":"20210307212104"},"openAcctInfo":{"userInfo":{"bindMobile":"13794482016","userId":"100888","email":"qiuhaiyang@139.com"},"normalAcctPayType":1,"contractInfo":{"contractId":"9000000000000107779"},"contractAcctPayType":1,"acctType":"10","validTime":"","customInfo":{"identityNumber":"110020219","customName":"OCE"},"invalidTime":"","busiTypeList":"16","creditWoffResume":1,"acctName":""}},"sign":"MC4CFQCIWDOnCT5phPzsFnV2u8OyqUD4xQIVAIkD2oFW0flspCcqFQgyfGoL5QAC"}
[2021-03-07 21:21:06,326][Response_assert.py 18][INFO]: $.message的实际结果:【成功】---->>预期结果:【成功】
[2021-03-07 21:21:06,346][Response_assert.py 18][INFO]: $.status的实际结果:【200】---->>预期结果:【200】
[2021-03-07 21:21:06,368][Response_assert.py 18][INFO]: $.data.rspParam.pubInfo.returnCode的实际结果:【710088】---->>预期结果:【710088】
[2021-03-07 21:21:06,388][Response_assert.py 18][INFO]: $.data.rspParam.pubInfo.returnMsg的实际结果:【账户及账本科目已开通，不能重复开通相同账本科目，建议更换合同编码。】---->>预期结果:【账户及账本科目已开通，不能重复开通相同账本科目，建议更换合同编码。】
[2021-03-07 21:21:07,140][Db_assert.py 17][INFO]: 数据库断言实际结果:【10】---->>预期结果:【10】
[2021-03-07 21:21:07,140][test_OpenAccount.py 72][INFO]: ***********************  结束执行用例 *********************** 
[2021-03-07 21:21:07,171][test_OpenAccount.py 89][INFO]: ***********************  开始执行用例 *********************** 
[2021-03-07 21:21:07,182][bnhi_Reqx.py 24][INFO]: 重置节点列表：['$.pubInfo.reqTime=20210307212107']
[2021-03-07 21:21:07,313][test_OpenAccount.py 102][INFO]: 请求消息体: { "reqParam":{"pubInfo":{"systemCode":"ASPTEST2","msgVer":"1.0","reqTime":"20210307212107"},"openAcctInfo":{"userInfo":{"bindMobile":"13794482016","userId":"100888","email":"qiuhaiyang@139.com"},"normalAcctPayType":1,"contractInfo":{"contractId":"9000000000000107779"},"contractAcctPayType":1,"acctType":"10","validTime":"","customInfo":{"identityNumber":"110020219","customName":"OCE"},"invalidTime":"","busiTypeList":"16","creditWoffResume":1,"acctName":""}},"sign":"MCwCFFcuVS35yeS933pETHeh1xuPUxyoAhQYq7zaPis9l1opT4Y8/8SzpMTKgw=="}
[2021-03-07 21:21:07,866][Response_assert.py 18][INFO]: $.message的实际结果:【成功】---->>预期结果:【成功】
[2021-03-07 21:21:07,886][Response_assert.py 18][INFO]: $.status的实际结果:【200】---->>预期结果:【200】
[2021-03-07 21:21:07,912][Response_assert.py 18][INFO]: $.data.rspParam.pubInfo.returnCode的实际结果:【710088】---->>预期结果:【710088】
[2021-03-07 21:21:07,942][Response_assert.py 18][INFO]: $.data.rspParam.pubInfo.returnMsg的实际结果:【账户及账本科目已开通，不能重复开通相同账本科目，建议更换合同编码。】---->>预期结果:【账户及账本科目已开通，不能重复开通相同账本科目，建议更换合同编码。】
[2021-03-07 21:21:08,682][Db_assert.py 17][INFO]: 数据库断言实际结果:【10】---->>预期结果:【10】
[2021-03-07 21:21:08,683][test_OpenAccount.py 121][INFO]: ***********************  结束执行用例 *********************** 
[2021-03-07 21:33:16,435][logger.py 33][INFO]: ---测试开始---
[2021-03-07 21:33:16,436][logger.py 34][DEBUG]: ---测试结束---
[2021-03-07 21:41:47,741][test_OpenAccount.py 39][INFO]: ***********************  开始执行用例 *********************** 
[2021-03-07 21:41:47,742][bnhi_Reqx.py 24][INFO]: 重置节点列表：['$.pubInfo.reqTime=20210307214147']
[2021-03-07 21:41:48,361][test_OpenAccount.py 52][INFO]: 请求消息体: { "reqParam":{"pubInfo":{"systemCode":"ASPTEST2","msgVer":"1.0","reqTime":"20210307214147"},"openAcctInfo":{"userInfo":{"bindMobile":"13794482016","userId":"100888","email":"qiuhaiyang@139.com"},"normalAcctPayType":1,"contractInfo":{"contractId":"9000000000000107779"},"contractAcctPayType":1,"acctType":"10","validTime":"","customInfo":{"identityNumber":"110020219","customName":"OCE"},"invalidTime":"","busiTypeList":"16","creditWoffResume":1,"acctName":""}},"sign":"MC0CFQCBojrtQ3+gvuukWYMTtVzKy2ZO2gIUH/mnsnLs8Z/DoE95JXvO9sKTTf8="}
[2021-03-07 21:41:48,983][Response_assert.py 16][INFO]: $.message的实际结果:【成功】---->>预期结果:【成功】
[2021-03-07 21:41:49,006][Response_assert.py 16][INFO]: $.status的实际结果:【200】---->>预期结果:【200】
[2021-03-07 21:41:49,034][Response_assert.py 16][INFO]: $.data.rspParam.pubInfo.returnCode的实际结果:【710088】---->>预期结果:【710088】
[2021-03-07 21:41:49,063][Response_assert.py 16][INFO]: $.data.rspParam.pubInfo.returnMsg的实际结果:【账户及账本科目已开通，不能重复开通相同账本科目，建议更换合同编码。】---->>预期结果:【账户及账本科目已开通，不能重复开通相同账本科目，建议更换合同编码。】
[2021-03-07 21:41:49,605][Db_assert.py 17][INFO]: 数据库断言实际结果:【10】---->>预期结果:【10】
[2021-03-07 21:41:49,606][test_OpenAccount.py 76][INFO]: ***********************  结束执行用例 *********************** 
[2021-03-07 21:41:49,633][test_OpenAccount.py 93][INFO]: ***********************  开始执行用例 *********************** 
[2021-03-07 21:41:49,661][bnhi_Reqx.py 24][INFO]: 重置节点列表：['$.pubInfo.reqTime=20210307214149']
[2021-03-07 21:41:49,801][test_OpenAccount.py 107][INFO]: 请求消息体: {"reqParam": {"pubInfo":{"systemCode":"ASPTEST2","msgVer":"1.0","reqTime":"20210307214149"},"openAcctInfo":{"userInfo":{"bindMobile":"13794482016","userId":"100888","email":"qiuhaiyang@139.com"},"normalAcctPayType":1,"contractInfo":{"contractId":"9000000000000107779"},"contractAcctPayType":1,"acctType":"10","validTime":"","customInfo":{"identityNumber":"110020219","customName":"OCE"},"invalidTime":"","busiTypeList":"16","creditWoffResume":1,"acctName":""}},"sign": "MC0CFQCI+HPILe1f4HXB3o1lprTgnuzq6QIUU+1pWtQG4CqWOBJ+hjgoxsGhLs4="}
[2021-03-07 21:41:50,346][Response_assert.py 16][INFO]: $.message的实际结果:【成功】---->>预期结果:【成功】
[2021-03-07 21:41:50,366][Response_assert.py 16][INFO]: $.status的实际结果:【200】---->>预期结果:【200】
[2021-03-07 21:41:50,388][Response_assert.py 16][INFO]: $.data.rspParam.pubInfo.returnCode的实际结果:【710088】---->>预期结果:【710088】
[2021-03-07 21:41:50,415][Response_assert.py 16][INFO]: $.data.rspParam.pubInfo.returnMsg的实际结果:【账户及账本科目已开通，不能重复开通相同账本科目，建议更换合同编码。】---->>预期结果:【账户及账本科目已开通，不能重复开通相同账本科目，建议更换合同编码。】
[2021-03-07 21:41:50,963][Db_assert.py 17][INFO]: 数据库断言实际结果:【10】---->>预期结果:【10】
[2021-03-07 21:41:50,963][test_OpenAccount.py 126][INFO]: ***********************  结束执行用例 *********************** 
[2021-03-07 21:43:37,505][test_OpenAccount.py 39][INFO]: ***********************  开始执行用例 *********************** 
[2021-03-07 21:43:37,506][bnhi_Reqx.py 24][INFO]: 重置节点列表：['$.pubInfo.reqTime=20210307214337']
[2021-03-07 21:43:38,129][test_OpenAccount.py 52][INFO]: 请求消息体: {"reqParam": {"pubInfo":{"systemCode":"ASPTEST2","msgVer":"1.0","reqTime":"20210307214337"},"openAcctInfo":{"userInfo":{"bindMobile":"13794482016","userId":"100888","email":"qiuhaiyang@139.com"},"normalAcctPayType":1,"contractInfo":{"contractId":"9000000000000107779"},"contractAcctPayType":1,"acctType":"10","validTime":"","customInfo":{"identityNumber":"110020219","customName":"OCE"},"invalidTime":"","busiTypeList":"16","creditWoffResume":1,"acctName":""}},"sign": "MCwCFBol95KkzK/dD/PVCSz50Ere85LEAhRTM1s0p+ggunZMldx6RmsFqJRo2Q=="}
[2021-03-07 21:43:38,742][Response_assert.py 16][INFO]: $.message的实际结果:【成功】---->>预期结果:【成功】
[2021-03-07 21:43:38,761][Response_assert.py 16][INFO]: $.status的实际结果:【200】---->>预期结果:【200】
[2021-03-07 21:43:38,793][Response_assert.py 16][INFO]: $.data.rspParam.pubInfo.returnCode的实际结果:【710088】---->>预期结果:【710088】
[2021-03-07 21:43:38,818][Response_assert.py 16][INFO]: $.data.rspParam.pubInfo.returnMsg的实际结果:【账户及账本科目已开通，不能重复开通相同账本科目，建议更换合同编码。】---->>预期结果:【账户及账本科目已开通，不能重复开通相同账本科目，建议更换合同编码。】
[2021-03-07 21:43:39,503][Db_assert.py 17][INFO]: 数据库断言实际结果:【10】---->>预期结果:【10】
[2021-03-07 21:43:39,504][test_OpenAccount.py 76][INFO]: ***********************  结束执行用例 *********************** 
[2021-03-07 21:43:39,539][test_OpenAccount.py 93][INFO]: ***********************  开始执行用例 *********************** 
[2021-03-07 21:43:39,553][bnhi_Reqx.py 24][INFO]: 重置节点列表：['$.pubInfo.reqTime=20210307214339']
[2021-03-07 21:43:39,675][test_OpenAccount.py 106][INFO]: 请求消息体: {"reqParam": {"pubInfo":{"systemCode":"ASPTEST2","msgVer":"1.0","reqTime":"20210307214339"},"openAcctInfo":{"userInfo":{"bindMobile":"13794482016","userId":"100888","email":"qiuhaiyang@139.com"},"normalAcctPayType":1,"contractInfo":{"contractId":"9000000000000107779"},"contractAcctPayType":1,"acctType":"10","validTime":"","customInfo":{"identityNumber":"110020219","customName":"OCE"},"invalidTime":"","busiTypeList":"16","creditWoffResume":1,"acctName":""}},"sign": "MCwCFD4r6YUbph0aY1g5d66RRKx3oqOCAhQjDhk3lUC7STIZ9zZaGzHcuWPPcA=="}
[2021-03-07 21:43:40,193][Response_assert.py 16][INFO]: $.message的实际结果:【成功】---->>预期结果:【成功】
[2021-03-07 21:43:40,214][Response_assert.py 16][INFO]: $.status的实际结果:【200】---->>预期结果:【200】
[2021-03-07 21:43:40,234][Response_assert.py 16][INFO]: $.data.rspParam.pubInfo.returnCode的实际结果:【710088】---->>预期结果:【710088】
[2021-03-07 21:43:40,275][Response_assert.py 16][INFO]: $.data.rspParam.pubInfo.returnMsg的实际结果:【账户及账本科目已开通，不能重复开通相同账本科目，建议更换合同编码。】---->>预期结果:【账户及账本科目已开通，不能重复开通相同账本科目，建议更换合同编码。】
[2021-03-07 21:43:41,203][Db_assert.py 17][INFO]: 数据库断言实际结果:【10】---->>预期结果:【10】
[2021-03-07 21:43:41,204][test_OpenAccount.py 125][INFO]: ***********************  结束执行用例 *********************** 
[2021-03-07 21:47:33,893][test_OpenAccount.py 39][INFO]: ***********************  开始执行用例 *********************** 
[2021-03-07 21:47:33,894][bnhi_Reqx.py 24][INFO]: 重置节点列表：['$.pubInfo.reqTime=20210307214733']
[2021-03-07 21:47:34,531][test_OpenAccount.py 54][INFO]: 请求消息体: {"reqParam": {"pubInfo":{"systemCode":"ASPTEST2","msgVer":"1.0","reqTime":"20210307214733"},"openAcctInfo":{"userInfo":{"bindMobile":"13794482016","userId":"100888","email":"qiuhaiyang@139.com"},"normalAcctPayType":1,"contractInfo":{"contractId":"9000000000000107779"},"contractAcctPayType":1,"acctType":"10","validTime":"","customInfo":{"identityNumber":"110020219","customName":"OCE"},"invalidTime":"","busiTypeList":"16","creditWoffResume":1,"acctName":""}},"sign": "MCwCFEvXDjwT3TiW9LgqvVH9L91wN9EPAhR9uMMnivSYUW0+a2euakoD7NFcdg=="}
[2021-03-07 21:47:35,161][Response_assert.py 16][INFO]: $.message的实际结果:【成功】---->>预期结果:【成功】
[2021-03-07 21:47:35,189][Response_assert.py 16][INFO]: $.status的实际结果:【200】---->>预期结果:【200】
[2021-03-07 21:47:35,217][Response_assert.py 16][INFO]: $.data.rspParam.pubInfo.returnCode的实际结果:【710088】---->>预期结果:【710088】
[2021-03-07 21:47:35,257][Response_assert.py 16][INFO]: $.data.rspParam.pubInfo.returnMsg的实际结果:【账户及账本科目已开通，不能重复开通相同账本科目，建议更换合同编码。】---->>预期结果:【账户及账本科目已开通，不能重复开通相同账本科目，建议更换合同编码。】
[2021-03-07 21:47:36,325][Db_assert.py 17][INFO]: 数据库断言实际结果:【10】---->>预期结果:【10】
[2021-03-07 21:47:36,326][test_OpenAccount.py 79][INFO]: ***********************  结束执行用例 *********************** 
[2021-03-07 21:47:36,352][test_OpenAccount.py 95][INFO]: ***********************  开始执行用例 *********************** 
[2021-03-07 21:47:36,360][bnhi_Reqx.py 24][INFO]: 重置节点列表：['$.pubInfo.reqTime=20210307214736']
[2021-03-07 21:47:36,485][test_OpenAccount.py 110][INFO]: 请求消息体: {"reqParam": {"pubInfo":{"systemCode":"ASPTEST2","msgVer":"1.0","reqTime":"20210307214736"},"openAcctInfo":{"userInfo":{"bindMobile":"13794482016","userId":"100888","email":"qiuhaiyang@139.com"},"normalAcctPayType":1,"contractInfo":{"contractId":"9000000000000107779"},"contractAcctPayType":1,"acctType":"10","validTime":"","customInfo":{"identityNumber":"110020219","customName":"OCE"},"invalidTime":"","busiTypeList":"16","creditWoffResume":1,"acctName":""}},"sign": "MCwCFEhacuYsDYwgnGvJ6BPuDO+HQI0tAhRAr47KlsfWqJ8jD7sxyokjK46MUQ=="}
[2021-03-07 21:47:37,102][Response_assert.py 16][INFO]: $.message的实际结果:【成功】---->>预期结果:【成功】
[2021-03-07 21:47:37,126][Response_assert.py 16][INFO]: $.status的实际结果:【200】---->>预期结果:【200】
[2021-03-07 21:47:37,150][Response_assert.py 16][INFO]: $.data.rspParam.pubInfo.returnCode的实际结果:【710088】---->>预期结果:【710088】
[2021-03-07 21:47:37,170][Response_assert.py 16][INFO]: $.data.rspParam.pubInfo.returnMsg的实际结果:【账户及账本科目已开通，不能重复开通相同账本科目，建议更换合同编码。】---->>预期结果:【账户及账本科目已开通，不能重复开通相同账本科目，建议更换合同编码。】
[2021-03-07 21:47:37,995][Db_assert.py 17][INFO]: 数据库断言实际结果:【10】---->>预期结果:【10】
[2021-03-07 21:47:37,996][test_OpenAccount.py 130][INFO]: ***********************  结束执行用例 *********************** 
[2021-03-07 22:26:58,042][test_OpenAccount.py 61][INFO]: ***********************  开始执行用例 *********************** 
[2021-03-07 22:26:58,043][bnhi_Reqx.py 24][INFO]: 重置节点列表：['$.pubInfo.reqTime=20210307222658']
[2021-03-07 22:26:58,674][test_OpenAccount.py 76][INFO]: 请求消息体: {"reqParam": {"pubInfo":{"systemCode":"ASPTEST2","msgVer":"1.0","reqTime":"20210307222658"},"openAcctInfo":{"userInfo":{"bindMobile":"13794482016","userId":"100888","email":"qiuhaiyang@139.com"},"normalAcctPayType":1,"contractInfo":{"contractId":"9000000000000107779"},"contractAcctPayType":1,"acctType":"10","validTime":"","customInfo":{"identityNumber":"110020219","customName":"OCE"},"invalidTime":"","busiTypeList":"16","creditWoffResume":1,"acctName":""}},"sign": "MCwCFE9ZSBdQ+bOvtYFSVvpQk1jUN9M+AhRmqntKkbltFbibQm8zXH6Hezpcsg=="}
[2021-03-07 22:26:59,367][Response_assert.py 16][INFO]: $.message的实际结果:【成功】---->>预期结果:【成功】
[2021-03-07 22:26:59,389][Response_assert.py 16][INFO]: $.status的实际结果:【200】---->>预期结果:【200】
[2021-03-07 22:26:59,410][Response_assert.py 16][INFO]: $.data.rspParam.pubInfo.returnCode的实际结果:【710088】---->>预期结果:【710088】
[2021-03-07 22:26:59,431][Response_assert.py 16][INFO]: $.data.rspParam.pubInfo.returnMsg的实际结果:【账户及账本科目已开通，不能重复开通相同账本科目，建议更换合同编码。】---->>预期结果:【账户及账本科目已开通，不能重复开通相同账本科目，建议更换合同编码。】
[2021-03-07 22:27:00,162][Db_assert.py 17][INFO]: 数据库断言实际结果:【10】---->>预期结果:【10】
[2021-03-07 22:27:00,163][test_OpenAccount.py 101][INFO]: ***********************  结束执行用例 *********************** 
[2021-03-07 22:27:00,209][test_OpenAccount.py 117][INFO]: ***********************  开始执行用例 *********************** 
[2021-03-07 22:27:00,211][bnhi_Reqx.py 24][INFO]: 重置节点列表：['$.pubInfo.reqTime=20210307222700']
[2021-03-07 22:27:00,323][test_OpenAccount.py 132][INFO]: 请求消息体: {"reqParam": {"pubInfo":{"systemCode":"ASPTEST2","msgVer":"1.0","reqTime":"20210307222700"},"openAcctInfo":{"userInfo":{"bindMobile":"13794482016","userId":"100888","email":"qiuhaiyang@139.com"},"normalAcctPayType":1,"contractInfo":{"contractId":"9000000000000107779"},"contractAcctPayType":1,"acctType":"10","validTime":"","customInfo":{"identityNumber":"110020219","customName":"OCE"},"invalidTime":"","busiTypeList":"16","creditWoffResume":1,"acctName":""}},"sign": "MC0CFG4cKqp19hTzPzZYK6bjlXkUDdLKAhUAhtNQjPptqkVio8h0jAvmJ8JCUak="}
[2021-03-07 22:27:00,891][Response_assert.py 16][INFO]: $.message的实际结果:【成功】---->>预期结果:【成功】
[2021-03-07 22:27:00,915][Response_assert.py 16][INFO]: $.status的实际结果:【200】---->>预期结果:【200】
[2021-03-07 22:27:00,946][Response_assert.py 16][INFO]: $.data.rspParam.pubInfo.returnCode的实际结果:【710088】---->>预期结果:【710088】
[2021-03-07 22:27:00,976][Response_assert.py 16][INFO]: $.data.rspParam.pubInfo.returnMsg的实际结果:【账户及账本科目已开通，不能重复开通相同账本科目，建议更换合同编码。】---->>预期结果:【账户及账本科目已开通，不能重复开通相同账本科目，建议更换合同编码。】
[2021-03-07 22:27:01,680][Db_assert.py 17][INFO]: 数据库断言实际结果:【10】---->>预期结果:【10】
[2021-03-07 22:27:01,681][test_OpenAccount.py 152][INFO]: ***********************  结束执行用例 *********************** 
[2021-03-07 23:13:11,749][test_OpenAccount.py 63][INFO]: ***********************  开始执行用例 *********************** 
[2021-03-07 23:13:11,758][bnhi_Reqx.py 24][INFO]: 重置节点列表：['$.pubInfo.reqTime=20210307231311']
[2021-03-07 23:13:12,377][test_OpenAccount.py 78][INFO]: 请求消息体: {"reqParam": {"pubInfo":{"systemCode":"ASPTEST2","msgVer":"1.0","reqTime":"20210307231311"},"openAcctInfo":{"userInfo":{"bindMobile":"13794482016","userId":"100888","email":"qiuhaiyang@139.com"},"normalAcctPayType":1,"contractInfo":{"contractId":"9000000000000107779"},"contractAcctPayType":1,"acctType":"10","validTime":"","customInfo":{"identityNumber":"110020219","customName":"OCE"},"invalidTime":"","busiTypeList":"16","creditWoffResume":1,"acctName":""}},"sign": "MCsCFCvxXYzYT/O847n4bZPpf2VJXKPAAhMgxRnfh2Sf/Acw15QQ7xt0eBFy"}
[2021-03-07 23:13:13,178][Response_assert.py 16][INFO]: $.message的实际结果:【成功】---->>预期结果:【成功】
[2021-03-07 23:13:13,199][Response_assert.py 16][INFO]: $.status的实际结果:【200】---->>预期结果:【200】
[2021-03-07 23:13:13,222][Response_assert.py 16][INFO]: $.data.rspParam.pubInfo.returnCode的实际结果:【710088】---->>预期结果:【710088】
[2021-03-07 23:13:13,251][Response_assert.py 16][INFO]: $.data.rspParam.pubInfo.returnMsg的实际结果:【账户及账本科目已开通，不能重复开通相同账本科目，建议更换合同编码。】---->>预期结果:【账户及账本科目已开通，不能重复开通相同账本科目，建议更换合同编码。】
[2021-03-07 23:13:14,060][Db_assert.py 17][INFO]: 数据库断言实际结果:【10】---->>预期结果:【10】
[2021-03-07 23:13:14,062][test_OpenAccount.py 103][INFO]: ***********************  结束执行用例 *********************** 
[2021-03-07 23:14:30,745][test_OpenAccount.py 63][INFO]: ***********************  开始执行用例 *********************** 
[2021-03-07 23:14:30,746][bnhi_Reqx.py 24][INFO]: 重置节点列表：['$.pubInfo.reqTime=20210307231430']
[2021-03-07 23:14:31,361][test_OpenAccount.py 78][INFO]: 请求消息体: {"reqParam": {"pubInfo":{"systemCode":"ASPTEST2","msgVer":"1.0","reqTime":"20210307231430"},"openAcctInfo":{"userInfo":{"bindMobile":"13794482016","userId":"100888","email":"qiuhaiyang@139.com"},"normalAcctPayType":1,"contractInfo":{"contractId":"9000000000000107779"},"contractAcctPayType":1,"acctType":"10","validTime":"","customInfo":{"identityNumber":"110020219","customName":"OCE"},"invalidTime":"","busiTypeList":"16","creditWoffResume":1,"acctName":""}},"sign": "MCwCFEQSJk9fiSwskmvGn8fbC5T7TSNEAhQ3hTswcqnbbwjFZc4c0tXGPl96lw=="}
[2021-03-07 23:14:31,949][Response_assert.py 16][INFO]: $.message的实际结果:【成功】---->>预期结果:【成功】
[2021-03-07 23:14:31,978][Response_assert.py 16][INFO]: $.status的实际结果:【200】---->>预期结果:【200】
[2021-03-07 23:14:32,003][Response_assert.py 16][INFO]: $.data.rspParam.pubInfo.returnCode的实际结果:【710088】---->>预期结果:【710088】
[2021-03-07 23:14:32,044][Response_assert.py 16][INFO]: $.data.rspParam.pubInfo.returnMsg的实际结果:【账户及账本科目已开通，不能重复开通相同账本科目，建议更换合同编码。】---->>预期结果:【账户及账本科目已开通，不能重复开通相同账本科目，建议更换合同编码。】
[2021-03-07 23:14:32,741][Db_assert.py 17][INFO]: 数据库断言实际结果:【10】---->>预期结果:【10】
[2021-03-07 23:14:32,742][test_OpenAccount.py 103][INFO]: ***********************  结束执行用例 *********************** 
[2021-03-07 23:14:32,761][test_OpenAccount.py 119][INFO]: ***********************  开始执行用例 *********************** 
[2021-03-07 23:14:32,769][bnhi_Reqx.py 24][INFO]: 重置节点列表：['$.pubInfo.reqTime=20210307231432']
[2021-03-07 23:14:32,900][test_OpenAccount.py 134][INFO]: 请求消息体: {"reqParam": {"pubInfo":{"systemCode":"ASPTEST2","msgVer":"1.0","reqTime":"20210307231432"},"openAcctInfo":{"userInfo":{"bindMobile":"13794482016","userId":"100888","email":"qiuhaiyang@139.com"},"normalAcctPayType":1,"contractInfo":{"contractId":"9000000000000107779"},"contractAcctPayType":1,"acctType":"10","validTime":"","customInfo":{"identityNumber":"110020219","customName":"OCE"},"invalidTime":"","busiTypeList":"16","creditWoffResume":1,"acctName":""}},"sign": "MCwCFGyvvEgWosgN1MNtcGIFu4XSiDV4AhQtVJPX0N59MYlZ23zLd4EEz0wanQ=="}
[2021-03-07 23:14:33,457][Response_assert.py 16][INFO]: $.message的实际结果:【成功】---->>预期结果:【成功】
[2021-03-07 23:14:33,476][Response_assert.py 16][INFO]: $.status的实际结果:【200】---->>预期结果:【200】
[2021-03-07 23:14:33,514][Response_assert.py 16][INFO]: $.data.rspParam.pubInfo.returnCode的实际结果:【710088】---->>预期结果:【710088】
[2021-03-07 23:14:33,537][Response_assert.py 16][INFO]: $.data.rspParam.pubInfo.returnMsg的实际结果:【账户及账本科目已开通，不能重复开通相同账本科目，建议更换合同编码。】---->>预期结果:【账户及账本科目已开通，不能重复开通相同账本科目，建议更换合同编码。】
[2021-03-07 23:14:34,276][Db_assert.py 17][INFO]: 数据库断言实际结果:【10】---->>预期结果:【10】
[2021-03-07 23:14:34,276][test_OpenAccount.py 154][INFO]: ***********************  结束执行用例 *********************** 
[2021-03-07 23:22:36,593][test_OpenAccount.py 63][INFO]: ***********************  开始执行用例 *********************** 
[2021-03-07 23:22:36,599][bnhi_Reqx.py 24][INFO]: 重置节点列表：['$.pubInfo.reqTime=20210307232236']
[2021-03-07 23:22:37,216][test_OpenAccount.py 78][INFO]: 请求消息体: {"reqParam": {"pubInfo":{"systemCode":"ASPTEST2","msgVer":"1.0","reqTime":"20210307232236"},"openAcctInfo":{"userInfo":{"bindMobile":"13794482016","userId":"100888","email":"qiuhaiyang@139.com"},"normalAcctPayType":1,"contractInfo":{"contractId":"9000000000000107779"},"contractAcctPayType":1,"acctType":"10","validTime":"","customInfo":{"identityNumber":"110020219","customName":"OCE"},"invalidTime":"","busiTypeList":"16","creditWoffResume":1,"acctName":""}},"sign": "MCwCFDl0Bc/bN71oy26tkR82eC12yj7LAhQPb2vkKaNgfp3p4++X7xE5v2l6qQ=="}
[2021-03-07 23:22:37,816][Response_assert.py 16][INFO]: $.message的实际结果:【成功】---->>预期结果:【成功】
[2021-03-07 23:22:37,840][Response_assert.py 16][INFO]: $.status的实际结果:【200】---->>预期结果:【200】
[2021-03-07 23:22:37,864][Response_assert.py 16][INFO]: $.data.rspParam.pubInfo.returnCode的实际结果:【710088】---->>预期结果:【710088】
[2021-03-07 23:22:37,895][Response_assert.py 16][INFO]: $.data.rspParam.pubInfo.returnMsg的实际结果:【账户及账本科目已开通，不能重复开通相同账本科目，建议更换合同编码。】---->>预期结果:【账户及账本科目已开通，不能重复开通相同账本科目，建议更换合同编码。】
[2021-03-07 23:22:38,648][Db_assert.py 17][INFO]: 数据库断言实际结果:【10】---->>预期结果:【10】
[2021-03-07 23:22:38,649][test_OpenAccount.py 103][INFO]: ***********************  结束执行用例 *********************** 
[2021-03-07 23:22:38,680][test_OpenAccount.py 119][INFO]: ***********************  开始执行用例 *********************** 
[2021-03-07 23:22:38,689][bnhi_Reqx.py 24][INFO]: 重置节点列表：['$.pubInfo.reqTime=20210307232238']
[2021-03-07 23:22:38,819][test_OpenAccount.py 134][INFO]: 请求消息体: {"reqParam": {"pubInfo":{"systemCode":"ASPTEST2","msgVer":"1.0","reqTime":"20210307232238"},"openAcctInfo":{"userInfo":{"bindMobile":"13794482016","userId":"100888","email":"qiuhaiyang@139.com"},"normalAcctPayType":1,"contractInfo":{"contractId":"9000000000000107779"},"contractAcctPayType":1,"acctType":"10","validTime":"","customInfo":{"identityNumber":"110020219","customName":"OCE"},"invalidTime":"","busiTypeList":"16","creditWoffResume":1,"acctName":""}},"sign": "MCwCFD6j4k4c4egG7WGsZrysmBL4oVExAhQQXWtlCNIY+TXrzPriBDhx71uUwg=="}
[2021-03-07 23:22:39,392][Response_assert.py 16][INFO]: $.message的实际结果:【成功】---->>预期结果:【成功】
[2021-03-07 23:22:39,411][Response_assert.py 16][INFO]: $.status的实际结果:【200】---->>预期结果:【200】
[2021-03-07 23:22:39,438][Response_assert.py 16][INFO]: $.data.rspParam.pubInfo.returnCode的实际结果:【710088】---->>预期结果:【710088】
[2021-03-07 23:22:39,461][Response_assert.py 16][INFO]: $.data.rspParam.pubInfo.returnMsg的实际结果:【账户及账本科目已开通，不能重复开通相同账本科目，建议更换合同编码。】---->>预期结果:【账户及账本科目已开通，不能重复开通相同账本科目，建议更换合同编码。】
[2021-03-07 23:22:40,233][Db_assert.py 17][INFO]: 数据库断言实际结果:【10】---->>预期结果:【10】
[2021-03-07 23:22:40,234][test_OpenAccount.py 154][INFO]: ***********************  结束执行用例 *********************** 
[2021-03-07 23:33:42,891][test_OpenAccount.py 64][INFO]: ***********************  开始执行用例 *********************** 
[2021-03-07 23:33:42,891][bnhi_Reqx.py 24][INFO]: 重置节点列表：['$.pubInfo.reqTime=20210307233342']
[2021-03-07 23:33:43,513][test_OpenAccount.py 79][INFO]: 请求消息体: {"reqParam": {"pubInfo":{"systemCode":"ASPTEST2","msgVer":"1.0","reqTime":"20210307233342"},"openAcctInfo":{"userInfo":{"bindMobile":"13794482016","userId":"100888","email":"qiuhaiyang@139.com"},"normalAcctPayType":1,"contractInfo":{"contractId":"9000000000000107779"},"contractAcctPayType":1,"acctType":"10","validTime":"","customInfo":{"identityNumber":"110020219","customName":"OCE"},"invalidTime":"","busiTypeList":"16","creditWoffResume":1,"acctName":""}},"sign": "MCwCFFkPebAGUBAsQeRW2rQbdFo+BrwZAhQmNTADcVy/QwHsBQbt98D7/toAFw=="}
[2021-03-07 23:33:44,122][Response_assert.py 16][INFO]: $.message的实际结果:【成功】---->>预期结果:【成功】
[2021-03-07 23:33:44,142][Response_assert.py 16][INFO]: $.status的实际结果:【200】---->>预期结果:【200】
[2021-03-07 23:33:44,178][Response_assert.py 16][INFO]: $.data.rspParam.pubInfo.returnCode的实际结果:【710088】---->>预期结果:【710088】
[2021-03-07 23:33:44,215][Response_assert.py 16][INFO]: $.data.rspParam.pubInfo.returnMsg的实际结果:【账户及账本科目已开通，不能重复开通相同账本科目，建议更换合同编码。】---->>预期结果:【账户及账本科目已开通，不能重复开通相同账本科目，建议更换合同编码。】
[2021-03-07 23:33:44,977][test_OpenAccount.py 120][INFO]: ***********************  开始执行用例 *********************** 
[2021-03-07 23:33:44,992][bnhi_Reqx.py 24][INFO]: 重置节点列表：['$.pubInfo.reqTime=20210307233344']
[2021-03-07 23:33:45,112][test_OpenAccount.py 135][INFO]: 请求消息体: {"reqParam": {"pubInfo":{"systemCode":"ASPTEST2","msgVer":"1.0","reqTime":"20210307233344"},"openAcctInfo":{"userInfo":{"bindMobile":"13794482016","userId":"100888","email":"qiuhaiyang@139.com"},"normalAcctPayType":1,"contractInfo":{"contractId":"9000000000000107779"},"contractAcctPayType":1,"acctType":"10","validTime":"","customInfo":{"identityNumber":"110020219","customName":"OCE"},"invalidTime":"","busiTypeList":"16","creditWoffResume":1,"acctName":""}},"sign": "MCwCFHBXE29USaYRWmETIiEPc6g9jJrwAhQnCET13r7xZAnL/IrTI17AfB3zuw=="}
[2021-03-07 23:33:45,673][Response_assert.py 16][INFO]: $.message的实际结果:【成功】---->>预期结果:【成功】
[2021-03-07 23:33:45,693][Response_assert.py 16][INFO]: $.status的实际结果:【200】---->>预期结果:【200】
[2021-03-07 23:33:45,715][Response_assert.py 16][INFO]: $.data.rspParam.pubInfo.returnCode的实际结果:【710088】---->>预期结果:【710088】
[2021-03-07 23:33:45,741][Response_assert.py 16][INFO]: $.data.rspParam.pubInfo.returnMsg的实际结果:【账户及账本科目已开通，不能重复开通相同账本科目，建议更换合同编码。】---->>预期结果:【账户及账本科目已开通，不能重复开通相同账本科目，建议更换合同编码。】
[2021-03-07 23:40:47,482][test_OpenAccount.py 64][INFO]: ***********************  开始执行用例 *********************** 
[2021-03-07 23:40:47,483][bnhi_Reqx.py 24][INFO]: 重置节点列表：['$.pubInfo.reqTime=20210307234047']
[2021-03-07 23:40:48,087][test_OpenAccount.py 79][INFO]: 请求消息体: {"reqParam": {"pubInfo":{"systemCode":"ASPTEST2","msgVer":"1.0","reqTime":"20210307234047"},"openAcctInfo":{"userInfo":{"bindMobile":"13794482016","userId":"100888","email":"qiuhaiyang@139.com"},"normalAcctPayType":1,"contractInfo":{"contractId":"9000000000000107779"},"contractAcctPayType":1,"acctType":"10","validTime":"","customInfo":{"identityNumber":"110020219","customName":"OCE"},"invalidTime":"","busiTypeList":"16","creditWoffResume":1,"acctName":""}},"sign": "MC0CFGESRovG0ReM0TZAfo3cH8CC7eMlAhUAhYBHRTEeSuxiFddPSrRTLt18fEQ="}
[2021-03-07 23:40:48,663][Response_assert.py 16][INFO]: $.message的实际结果:【成功】---->>预期结果:【成功】
[2021-03-07 23:40:48,682][Response_assert.py 16][INFO]: $.status的实际结果:【200】---->>预期结果:【200】
[2021-03-07 23:40:48,701][Response_assert.py 16][INFO]: $.data.rspParam.pubInfo.returnCode的实际结果:【710088】---->>预期结果:【710088】
[2021-03-07 23:40:48,721][Response_assert.py 16][INFO]: $.data.rspParam.pubInfo.returnMsg的实际结果:【账户及账本科目已开通，不能重复开通相同账本科目，建议更换合同编码。】---->>预期结果:【账户及账本科目已开通，不能重复开通相同账本科目，建议更换合同编码。】
[2021-03-07 23:40:49,399][Db_assert.py 17][INFO]: 数据库断言实际结果:【8】---->>预期结果:【8】
[2021-03-07 23:40:49,400][test_OpenAccount.py 104][INFO]: ***********************  结束执行用例 *********************** 
[2021-03-07 23:40:49,433][test_OpenAccount.py 120][INFO]: ***********************  开始执行用例 *********************** 
[2021-03-07 23:40:49,436][bnhi_Reqx.py 24][INFO]: 重置节点列表：['$.pubInfo.reqTime=20210307234049']
[2021-03-07 23:40:49,554][test_OpenAccount.py 135][INFO]: 请求消息体: {"reqParam": {"pubInfo":{"systemCode":"ASPTEST2","msgVer":"1.0","reqTime":"20210307234049"},"openAcctInfo":{"userInfo":{"bindMobile":"13794482016","userId":"100888","email":"qiuhaiyang@139.com"},"normalAcctPayType":1,"contractInfo":{"contractId":"9000000000000107779"},"contractAcctPayType":1,"acctType":"10","validTime":"","customInfo":{"identityNumber":"110020219","customName":"OCE"},"invalidTime":"","busiTypeList":"16","creditWoffResume":1,"acctName":""}},"sign": "MCwCFCbkYe48mD5jgk2s01cLEyOL3gLyAhQOKsX9my3CahH0uJzGcB2m6elYDg=="}
[2021-03-07 23:40:50,132][Response_assert.py 16][INFO]: $.message的实际结果:【成功】---->>预期结果:【成功】
[2021-03-07 23:40:50,153][Response_assert.py 16][INFO]: $.status的实际结果:【200】---->>预期结果:【200】
[2021-03-07 23:40:50,177][Response_assert.py 16][INFO]: $.data.rspParam.pubInfo.returnCode的实际结果:【710088】---->>预期结果:【710088】
[2021-03-07 23:40:50,203][Response_assert.py 16][INFO]: $.data.rspParam.pubInfo.returnMsg的实际结果:【账户及账本科目已开通，不能重复开通相同账本科目，建议更换合同编码。】---->>预期结果:【账户及账本科目已开通，不能重复开通相同账本科目，建议更换合同编码。】
[2021-03-07 23:40:50,911][Db_assert.py 17][INFO]: 数据库断言实际结果:【8】---->>预期结果:【8】
[2021-03-07 23:40:50,911][test_OpenAccount.py 155][INFO]: ***********************  结束执行用例 *********************** 
